<?xml version="1.0" encoding="UTF-8"?>
<coverage generated="1762075523522" clover="3.2.0">
  <project timestamp="1762075523522" name="All files">
    <metrics statements="1164" coveredstatements="810" conditionals="790" coveredconditionals="392" methods="225" coveredmethods="139" elements="2179" coveredelements="1341" complexity="0" loc="1164" ncloc="1164" packages="2" files="11" classes="11"/>
    <package name="FPL2025">
      <metrics statements="349" coveredstatements="271" conditionals="259" coveredconditionals="162" methods="74" coveredmethods="60"/>
      <file name="script.js" path="/Users/mismasilfver/Developer/Windsurf/FPL2025/script.js">
        <metrics statements="349" coveredstatements="271" conditionals="259" coveredconditionals="162" methods="74" coveredmethods="60"/>
        <line num="5" count="45" type="stmt"/>
        <line num="9" count="63" type="cond" truecount="2" falsecount="0"/>
        <line num="10" count="63" type="cond" truecount="2" falsecount="0"/>
        <line num="11" count="63" type="stmt"/>
        <line num="12" count="63" type="stmt"/>
        <line num="13" count="63" type="stmt"/>
        <line num="18" count="63" type="cond" truecount="1" falsecount="1"/>
        <line num="19" count="0" type="stmt"/>
        <line num="22" count="63" type="cond" truecount="1" falsecount="1"/>
        <line num="23" count="0" type="stmt"/>
        <line num="24" count="0" type="stmt"/>
        <line num="26" count="0" type="stmt"/>
        <line num="30" count="63" type="cond" truecount="2" falsecount="0"/>
        <line num="33" count="63" type="stmt"/>
        <line num="37" count="9" type="stmt"/>
        <line num="38" count="9" type="cond" truecount="1" falsecount="1"/>
        <line num="39" count="9" type="stmt"/>
        <line num="43" count="2" type="stmt"/>
        <line num="44" count="2" type="cond" truecount="1" falsecount="1"/>
        <line num="45" count="2" type="stmt"/>
        <line num="49" count="12" type="stmt"/>
        <line num="50" count="12" type="cond" truecount="1" falsecount="1"/>
        <line num="51" count="12" type="cond" truecount="1" falsecount="1"/>
        <line num="55" count="1" type="stmt"/>
        <line num="56" count="3" type="stmt"/>
        <line num="60" count="56" type="cond" truecount="1" falsecount="1"/>
        <line num="61" count="56" type="stmt"/>
        <line num="62" count="56" type="cond" truecount="1" falsecount="1"/>
        <line num="63" count="56" type="stmt"/>
        <line num="64" count="56" type="cond" truecount="1" falsecount="1"/>
        <line num="65" count="56" type="cond" truecount="1" falsecount="1"/>
        <line num="66" count="56" type="stmt"/>
        <line num="67" count="56" type="stmt"/>
        <line num="68" count="56" type="cond" truecount="1" falsecount="1"/>
        <line num="70" count="0" type="stmt"/>
        <line num="71" count="0" type="stmt"/>
        <line num="76" count="0" type="stmt"/>
        <line num="77" count="0" type="stmt"/>
        <line num="79" count="0" type="cond" truecount="0" falsecount="4"/>
        <line num="80" count="0" type="stmt"/>
        <line num="83" count="0" type="stmt"/>
        <line num="84" count="0" type="stmt"/>
        <line num="91" count="0" type="cond" truecount="0" falsecount="2"/>
        <line num="92" count="0" type="stmt"/>
        <line num="94" count="0" type="stmt"/>
        <line num="98" count="56" type="stmt"/>
        <line num="104" count="0" type="stmt"/>
        <line num="105" count="7" type="stmt"/>
        <line num="106" count="2" type="stmt"/>
        <line num="107" count="10" type="stmt"/>
        <line num="109" count="0" type="stmt"/>
        <line num="110" count="1" type="stmt"/>
        <line num="111" count="1" type="stmt"/>
        <line num="112" count="0" type="stmt"/>
        <line num="113" count="0" type="stmt"/>
        <line num="118" count="5" type="cond" truecount="1" falsecount="1"/>
        <line num="119" count="0" type="stmt"/>
        <line num="120" count="0" type="stmt"/>
        <line num="122" count="5" type="stmt"/>
        <line num="123" count="5" type="stmt"/>
        <line num="124" count="5" type="cond" truecount="2" falsecount="0"/>
        <line num="125" count="5" type="stmt"/>
        <line num="129" count="4" type="stmt"/>
        <line num="133" count="4" type="stmt"/>
        <line num="134" count="4" type="cond" truecount="4" falsecount="0"/>
        <line num="135" count="1" type="stmt"/>
        <line num="136" count="1" type="stmt"/>
        <line num="139" count="3" type="stmt"/>
        <line num="149" count="3" type="stmt"/>
        <line num="150" count="3" type="stmt"/>
        <line num="151" count="3" type="stmt"/>
        <line num="152" count="3" type="stmt"/>
        <line num="153" count="3" type="cond" truecount="2" falsecount="0"/>
        <line num="154" count="3" type="cond" truecount="2" falsecount="0"/>
        <line num="156" count="3" type="cond" truecount="4" falsecount="1"/>
        <line num="157" count="0" type="stmt"/>
        <line num="158" count="0" type="stmt"/>
        <line num="161" count="3" type="cond" truecount="2" falsecount="0"/>
        <line num="162" count="1" type="stmt"/>
        <line num="164" count="2" type="stmt"/>
        <line num="167" count="3" type="stmt"/>
        <line num="171" count="10" type="cond" truecount="2" falsecount="0"/>
        <line num="172" count="9" type="stmt"/>
        <line num="173" count="9" type="stmt"/>
        <line num="174" count="9" type="cond" truecount="1" falsecount="1"/>
        <line num="175" count="9" type="stmt"/>
        <line num="177" count="9" type="stmt"/>
        <line num="181" count="9" type="stmt"/>
        <line num="183" count="9" type="stmt"/>
        <line num="185" count="9" type="stmt"/>
        <line num="186" count="9" type="stmt"/>
        <line num="187" count="9" type="stmt"/>
        <line num="191" count="3" type="cond" truecount="2" falsecount="0"/>
        <line num="192" count="2" type="stmt"/>
        <line num="193" count="2" type="stmt"/>
        <line num="194" count="2" type="cond" truecount="1" falsecount="1"/>
        <line num="195" count="2" type="stmt"/>
        <line num="196" count="2" type="stmt"/>
        <line num="197" count="2" type="cond" truecount="1" falsecount="1"/>
        <line num="198" count="2" type="stmt"/>
        <line num="199" count="2" type="stmt"/>
        <line num="200" count="2" type="stmt"/>
        <line num="201" count="2" type="stmt"/>
        <line num="202" count="2" type="stmt"/>
        <line num="207" count="1" type="cond" truecount="1" falsecount="1"/>
        <line num="210" count="1" type="cond" truecount="1" falsecount="1"/>
        <line num="211" count="0" type="stmt"/>
        <line num="214" count="1" type="stmt"/>
        <line num="215" count="1" type="stmt"/>
        <line num="216" count="1" type="cond" truecount="1" falsecount="1"/>
        <line num="217" count="1" type="stmt"/>
        <line num="218" count="1" type="stmt"/>
        <line num="220" count="1" type="cond" truecount="1" falsecount="1"/>
        <line num="221" count="1" type="cond" truecount="1" falsecount="1"/>
        <line num="222" count="1" type="stmt"/>
        <line num="223" count="1" type="stmt"/>
        <line num="224" count="1" type="stmt"/>
        <line num="225" count="1" type="stmt"/>
        <line num="229" count="0" type="cond" truecount="0" falsecount="2"/>
        <line num="230" count="0" type="stmt"/>
        <line num="231" count="0" type="stmt"/>
        <line num="232" count="0" type="cond" truecount="0" falsecount="2"/>
        <line num="233" count="0" type="stmt"/>
        <line num="234" count="0" type="stmt"/>
        <line num="235" count="0" type="cond" truecount="0" falsecount="2"/>
        <line num="236" count="0" type="cond" truecount="0" falsecount="4"/>
        <line num="237" count="0" type="stmt"/>
        <line num="238" count="0" type="stmt"/>
        <line num="240" count="0" type="stmt"/>
        <line num="241" count="0" type="stmt"/>
        <line num="242" count="0" type="stmt"/>
        <line num="243" count="0" type="stmt"/>
        <line num="244" count="0" type="stmt"/>
        <line num="249" count="5" type="cond" truecount="1" falsecount="1"/>
        <line num="250" count="5" type="stmt"/>
        <line num="251" count="5" type="stmt"/>
        <line num="252" count="6" type="stmt"/>
        <line num="253" count="5" type="cond" truecount="3" falsecount="1"/>
        <line num="254" count="0" type="stmt"/>
        <line num="255" count="0" type="stmt"/>
        <line num="258" count="5" type="cond" truecount="1" falsecount="1"/>
        <line num="259" count="0" type="stmt"/>
        <line num="261" count="5" type="stmt"/>
        <line num="262" count="5" type="cond" truecount="1" falsecount="1"/>
        <line num="263" count="0" type="stmt"/>
        <line num="266" count="5" type="stmt"/>
        <line num="267" count="5" type="stmt"/>
        <line num="271" count="3" type="cond" truecount="1" falsecount="1"/>
        <line num="272" count="3" type="stmt"/>
        <line num="273" count="3" type="stmt"/>
        <line num="274" count="5" type="stmt"/>
        <line num="275" count="3" type="cond" truecount="3" falsecount="1"/>
        <line num="276" count="0" type="stmt"/>
        <line num="277" count="0" type="stmt"/>
        <line num="280" count="3" type="cond" truecount="1" falsecount="1"/>
        <line num="281" count="0" type="stmt"/>
        <line num="283" count="3" type="stmt"/>
        <line num="284" count="3" type="cond" truecount="2" falsecount="0"/>
        <line num="285" count="1" type="stmt"/>
        <line num="288" count="3" type="stmt"/>
        <line num="289" count="3" type="stmt"/>
        <line num="293" count="128" type="cond" truecount="1" falsecount="1"/>
        <line num="294" count="128" type="stmt"/>
        <line num="295" count="128" type="cond" truecount="1" falsecount="1"/>
        <line num="296" count="128" type="cond" truecount="1" falsecount="1"/>
        <line num="297" count="128" type="cond" truecount="1" falsecount="1"/>
        <line num="298" count="128" type="cond" truecount="1" falsecount="1"/>
        <line num="300" count="0" type="stmt"/>
        <line num="301" count="0" type="stmt"/>
        <line num="302" count="0" type="stmt"/>
        <line num="304" count="128" type="stmt"/>
        <line num="305" count="128" type="cond" truecount="1" falsecount="1"/>
        <line num="306" count="128" type="stmt"/>
        <line num="307" count="128" type="stmt"/>
        <line num="308" count="128" type="stmt"/>
        <line num="310" count="128" type="stmt"/>
        <line num="315" count="128" type="stmt"/>
        <line num="316" count="140" type="cond" truecount="2" falsecount="0"/>
        <line num="317" count="140" type="cond" truecount="2" falsecount="0"/>
        <line num="318" count="140" type="cond" truecount="2" falsecount="0"/>
        <line num="321" count="128" type="stmt"/>
        <line num="322" count="128" type="stmt"/>
        <line num="323" count="128" type="stmt"/>
        <line num="324" count="128" type="cond" truecount="1" falsecount="1"/>
        <line num="325" count="128" type="stmt"/>
        <line num="329" count="1" type="stmt"/>
        <line num="330" count="1" type="stmt"/>
        <line num="331" count="1" type="stmt"/>
        <line num="332" count="1" type="stmt"/>
        <line num="333" count="1" type="stmt"/>
        <line num="334" count="1" type="stmt"/>
        <line num="335" count="1" type="stmt"/>
        <line num="336" count="1" type="stmt"/>
        <line num="337" count="1" type="stmt"/>
        <line num="338" count="1" type="stmt"/>
        <line num="339" count="1" type="stmt"/>
        <line num="340" count="1" type="stmt"/>
        <line num="344" count="319" type="stmt"/>
        <line num="348" count="319" type="cond" truecount="2" falsecount="0"/>
        <line num="349" count="125" type="stmt"/>
        <line num="350" count="125" type="stmt"/>
        <line num="352" count="0" type="stmt"/>
        <line num="353" count="0" type="stmt"/>
        <line num="356" count="194" type="stmt"/>
        <line num="357" count="194" type="cond" truecount="2" falsecount="0"/>
        <line num="358" count="1" type="stmt"/>
        <line num="359" count="1" type="stmt"/>
        <line num="360" count="1" type="stmt"/>
        <line num="363" count="193" type="stmt"/>
        <line num="364" count="193" type="cond" truecount="1" falsecount="1"/>
        <line num="366" count="0" type="stmt"/>
        <line num="367" count="0" type="stmt"/>
        <line num="368" count="0" type="stmt"/>
        <line num="369" count="0" type="stmt"/>
        <line num="373" count="318" type="cond" truecount="4" falsecount="0"/>
        <line num="374" count="30" type="stmt"/>
        <line num="375" count="30" type="stmt"/>
        <line num="376" count="30" type="stmt"/>
        <line num="380" count="288" type="cond" truecount="1" falsecount="2"/>
        <line num="381" count="288" type="cond" truecount="1" falsecount="1"/>
        <line num="382" count="0" type="cond" truecount="0" falsecount="2"/>
        <line num="383" count="0" type="stmt"/>
        <line num="395" count="0" type="stmt"/>
        <line num="396" count="0" type="stmt"/>
        <line num="397" count="0" type="stmt"/>
        <line num="400" count="288" type="cond" truecount="3" falsecount="1"/>
        <line num="401" count="288" type="stmt"/>
        <line num="402" count="288" type="stmt"/>
        <line num="403" count="288" type="stmt"/>
        <line num="404" count="461" type="stmt"/>
        <line num="405" count="461" type="cond" truecount="6" falsecount="0"/>
        <line num="406" count="26" type="stmt"/>
        <line num="407" count="26" type="stmt"/>
        <line num="410" count="288" type="cond" truecount="2" falsecount="0"/>
        <line num="411" count="1" type="stmt"/>
        <line num="412" count="1" type="stmt"/>
        <line num="414" count="288" type="cond" truecount="2" falsecount="0"/>
        <line num="415" count="26" type="stmt"/>
        <line num="419" count="288" type="stmt"/>
        <line num="423" count="65" type="cond" truecount="1" falsecount="1"/>
        <line num="424" count="65" type="stmt"/>
        <line num="425" count="65" type="stmt"/>
        <line num="429" count="122" type="stmt"/>
        <line num="430" count="122" type="cond" truecount="2" falsecount="0"/>
        <line num="431" count="56" type="stmt"/>
        <line num="433" count="66" type="stmt"/>
        <line num="438" count="122" type="cond" truecount="1" falsecount="1"/>
        <line num="439" count="102" type="stmt"/>
        <line num="443" count="102" type="cond" truecount="2" falsecount="0"/>
        <line num="444" count="82" type="stmt"/>
        <line num="456" count="160" type="cond" truecount="1" falsecount="1"/>
        <line num="457" count="220" type="cond" truecount="1" falsecount="1"/>
        <line num="458" count="177" type="cond" truecount="2" falsecount="0"/>
        <line num="459" count="160" type="cond" truecount="4" falsecount="0"/>
        <line num="463" count="160" type="stmt"/>
        <line num="477" count="82" type="stmt"/>
        <line num="478" count="82" type="stmt"/>
        <line num="479" count="82" type="cond" truecount="1" falsecount="1"/>
        <line num="481" count="82" type="stmt"/>
        <line num="482" count="82" type="cond" truecount="1" falsecount="1"/>
        <line num="484" count="82" type="stmt"/>
        <line num="485" count="82" type="stmt"/>
        <line num="487" count="82" type="stmt"/>
        <line num="489" count="82" type="stmt"/>
        <line num="493" count="22" type="stmt"/>
        <line num="494" count="22" type="stmt"/>
        <line num="496" count="22" type="cond" truecount="1" falsecount="1"/>
        <line num="497" count="22" type="stmt"/>
        <line num="499" count="22" type="cond" truecount="1" falsecount="1"/>
        <line num="500" count="22" type="stmt"/>
        <line num="502" count="22" type="stmt"/>
        <line num="503" count="22" type="stmt"/>
        <line num="504" count="22" type="stmt"/>
        <line num="506" count="22" type="cond" truecount="1" falsecount="1"/>
        <line num="507" count="22" type="stmt"/>
        <line num="511" count="22" type="stmt"/>
        <line num="512" count="22" type="stmt"/>
        <line num="513" count="22" type="stmt"/>
        <line num="514" count="22" type="stmt"/>
        <line num="517" count="22" type="stmt"/>
        <line num="519" count="22" type="stmt"/>
        <line num="520" count="22" type="stmt"/>
        <line num="521" count="22" type="stmt"/>
        <line num="525" count="23" type="stmt"/>
        <line num="526" count="23" type="cond" truecount="1" falsecount="1"/>
        <line num="528" count="23" type="stmt"/>
        <line num="529" count="23" type="stmt"/>
        <line num="530" count="23" type="stmt"/>
        <line num="534" count="7" type="stmt"/>
        <line num="535" count="18" type="stmt"/>
        <line num="536" count="7" type="stmt"/>
        <line num="537" count="7" type="stmt"/>
        <line num="541" count="16" type="stmt"/>
        <line num="542" count="16" type="stmt"/>
        <line num="543" count="16" type="stmt"/>
        <line num="547" count="3" type="stmt"/>
        <line num="548" count="3" type="cond" truecount="3" falsecount="1"/>
        <line num="549" count="3" type="cond" truecount="1" falsecount="1"/>
        <line num="553" count="27" type="stmt"/>
        <line num="554" count="27" type="cond" truecount="1" falsecount="1"/>
        <line num="558" count="7" type="stmt"/>
        <line num="559" count="7" type="cond" truecount="1" falsecount="1"/>
        <line num="560" count="7" type="cond" truecount="1" falsecount="1"/>
        <line num="561" count="7" type="stmt"/>
        <line num="572" count="4" type="stmt"/>
        <line num="573" count="4" type="cond" truecount="1" falsecount="1"/>
        <line num="574" count="4" type="stmt"/>
        <line num="578" count="31" type="stmt"/>
        <line num="579" count="31" type="cond" truecount="1" falsecount="1"/>
        <line num="580" count="31" type="stmt"/>
        <line num="586" count="0" type="stmt"/>
        <line num="591" count="13" type="stmt"/>
        <line num="592" count="13" type="stmt"/>
        <line num="593" count="13" type="cond" truecount="2" falsecount="0"/>
        <line num="595" count="0" type="stmt"/>
        <line num="600" count="12" type="stmt"/>
        <line num="601" count="12" type="stmt"/>
        <line num="603" count="0" type="stmt"/>
        <line num="609" count="1" type="stmt"/>
        <line num="610" count="1" type="cond" truecount="1" falsecount="1"/>
        <line num="614" count="4" type="stmt"/>
        <line num="615" count="4" type="cond" truecount="1" falsecount="1"/>
        <line num="616" count="0" type="stmt"/>
        <line num="618" count="4" type="stmt"/>
        <line num="619" count="4" type="stmt"/>
        <line num="624" count="0" type="stmt"/>
        <line num="625" count="0" type="cond" truecount="0" falsecount="2"/>
        <line num="629" count="4" type="stmt"/>
        <line num="630" count="4" type="cond" truecount="1" falsecount="1"/>
        <line num="631" count="0" type="stmt"/>
        <line num="633" count="4" type="stmt"/>
        <line num="634" count="4" type="stmt"/>
        <line num="639" count="0" type="stmt"/>
        <line num="640" count="0" type="cond" truecount="0" falsecount="2"/>
        <line num="644" count="4" type="stmt"/>
        <line num="645" count="4" type="cond" truecount="1" falsecount="1"/>
        <line num="646" count="0" type="stmt"/>
        <line num="648" count="4" type="stmt"/>
        <line num="649" count="4" type="stmt"/>
        <line num="654" count="0" type="stmt"/>
        <line num="655" count="0" type="cond" truecount="0" falsecount="2"/>
        <line num="659" count="0" type="stmt"/>
        <line num="660" count="0" type="stmt"/>
        <line num="661" count="0" type="stmt"/>
        <line num="666" count="0" type="stmt"/>
        <line num="667" count="0" type="cond" truecount="0" falsecount="2"/>
        <line num="668" count="0" type="stmt"/>
        <line num="673" count="45" type="cond" truecount="3" falsecount="1"/>
        <line num="674" count="45" type="stmt"/>
      </file>
    </package>
    <package name="FPL2025.js">
      <metrics statements="815" coveredstatements="539" conditionals="531" coveredconditionals="230" methods="151" coveredmethods="79"/>
      <file name="app-init.js" path="/Users/mismasilfver/Developer/Windsurf/FPL2025/js/app-init.js">
        <metrics statements="138" coveredstatements="112" conditionals="83" coveredconditionals="44" methods="15" coveredmethods="14"/>
        <line num="21" count="5" type="stmt"/>
        <line num="24" count="5" type="stmt"/>
        <line num="30" count="5" type="cond" truecount="1" falsecount="1"/>
        <line num="31" count="5" type="stmt"/>
        <line num="36" count="5" type="stmt"/>
        <line num="39" count="5" type="cond" truecount="2" falsecount="5"/>
        <line num="42" count="5" type="cond" truecount="1" falsecount="1"/>
        <line num="43" count="0" type="stmt"/>
        <line num="45" count="5" type="stmt"/>
        <line num="48" count="5" type="cond" truecount="1" falsecount="1"/>
        <line num="49" count="5" type="stmt"/>
        <line num="51" count="5" type="cond" truecount="1" falsecount="1"/>
        <line num="52" count="5" type="stmt"/>
        <line num="56" count="5" type="stmt"/>
        <line num="59" count="5" type="stmt"/>
        <line num="62" count="5" type="stmt"/>
        <line num="63" count="5" type="stmt"/>
        <line num="64" count="5" type="stmt"/>
        <line num="66" count="5" type="stmt"/>
        <line num="74" count="5" type="stmt"/>
        <line num="75" count="5" type="stmt"/>
        <line num="77" count="5" type="cond" truecount="2" falsecount="2"/>
        <line num="78" count="0" type="stmt"/>
        <line num="79" count="0" type="cond" truecount="0" falsecount="4"/>
        <line num="80" count="0" type="stmt"/>
        <line num="81" count="0" type="stmt"/>
        <line num="84" count="0" type="stmt"/>
        <line num="85" count="0" type="stmt"/>
        <line num="86" count="0" type="stmt"/>
        <line num="89" count="0" type="stmt"/>
        <line num="92" count="0" type="cond" truecount="0" falsecount="4"/>
        <line num="95" count="0" type="cond" truecount="0" falsecount="2"/>
        <line num="100" count="0" type="stmt"/>
        <line num="101" count="0" type="stmt"/>
        <line num="104" count="0" type="stmt"/>
        <line num="107" count="0" type="stmt"/>
        <line num="108" count="0" type="stmt"/>
        <line num="110" count="0" type="stmt"/>
        <line num="112" count="0" type="stmt"/>
        <line num="113" count="0" type="stmt"/>
        <line num="124" count="5" type="stmt"/>
        <line num="125" count="5" type="cond" truecount="1" falsecount="1"/>
        <line num="127" count="5" type="cond" truecount="2" falsecount="0"/>
        <line num="128" count="2" type="stmt"/>
        <line num="129" count="2" type="cond" truecount="2" falsecount="0"/>
        <line num="130" count="1" type="stmt"/>
        <line num="131" count="1" type="stmt"/>
        <line num="132" count="1" type="cond" truecount="1" falsecount="1"/>
        <line num="133" count="1" type="stmt"/>
        <line num="134" count="1" type="stmt"/>
        <line num="136" count="1" type="cond" truecount="1" falsecount="1"/>
        <line num="137" count="1" type="stmt"/>
        <line num="139" count="1" type="stmt"/>
        <line num="140" count="1" type="stmt"/>
        <line num="141" count="1" type="stmt"/>
        <line num="142" count="1" type="cond" truecount="1" falsecount="1"/>
        <line num="143" count="1" type="stmt"/>
        <line num="146" count="0" type="stmt"/>
        <line num="148" count="1" type="stmt"/>
        <line num="149" count="1" type="stmt"/>
        <line num="150" count="1" type="stmt"/>
        <line num="151" count="1" type="stmt"/>
        <line num="155" count="4" type="stmt"/>
        <line num="156" count="4" type="stmt"/>
        <line num="157" count="12" type="stmt"/>
        <line num="158" count="12" type="stmt"/>
        <line num="159" count="12" type="cond" truecount="2" falsecount="0"/>
        <line num="160" count="12" type="stmt"/>
        <line num="161" count="12" type="cond" truecount="2" falsecount="0"/>
        <line num="162" count="4" type="stmt"/>
        <line num="163" count="4" type="stmt"/>
        <line num="169" count="4" type="stmt"/>
        <line num="170" count="4" type="stmt"/>
        <line num="171" count="4" type="stmt"/>
        <line num="173" count="0" type="stmt"/>
        <line num="174" count="0" type="stmt"/>
        <line num="179" count="12" type="stmt"/>
        <line num="180" count="12" type="stmt"/>
        <line num="182" count="12" type="cond" truecount="1" falsecount="1"/>
        <line num="183" count="12" type="stmt"/>
        <line num="184" count="12" type="stmt"/>
        <line num="185" count="12" type="stmt"/>
        <line num="188" count="12" type="cond" truecount="1" falsecount="1"/>
        <line num="189" count="12" type="stmt"/>
        <line num="190" count="12" type="stmt"/>
        <line num="191" count="36" type="stmt"/>
        <line num="192" count="36" type="cond" truecount="2" falsecount="0"/>
        <line num="193" count="36" type="stmt"/>
        <line num="199" count="5" type="stmt"/>
        <line num="200" count="5" type="stmt"/>
        <line num="201" count="5" type="stmt"/>
        <line num="203" count="5" type="cond" truecount="3" falsecount="1"/>
        <line num="205" count="5" type="stmt"/>
        <line num="207" count="5" type="stmt"/>
        <line num="208" count="3" type="stmt"/>
        <line num="209" count="3" type="stmt"/>
        <line num="210" count="3" type="stmt"/>
        <line num="213" count="5" type="stmt"/>
        <line num="214" count="3" type="stmt"/>
        <line num="215" count="3" type="stmt"/>
        <line num="216" count="3" type="stmt"/>
        <line num="219" count="5" type="stmt"/>
        <line num="220" count="3" type="cond" truecount="4" falsecount="0"/>
        <line num="221" count="1" type="stmt"/>
        <line num="225" count="5" type="cond" truecount="1" falsecount="1"/>
        <line num="226" count="5" type="stmt"/>
        <line num="228" count="5" type="stmt"/>
        <line num="229" count="3" type="stmt"/>
        <line num="230" count="3" type="cond" truecount="1" falsecount="1"/>
        <line num="231" count="3" type="stmt"/>
        <line num="233" count="0" type="stmt"/>
        <line num="237" count="5" type="stmt"/>
        <line num="238" count="2" type="stmt"/>
        <line num="239" count="2" type="cond" truecount="1" falsecount="1"/>
        <line num="241" count="2" type="stmt"/>
        <line num="242" count="2" type="cond" truecount="1" falsecount="1"/>
        <line num="244" count="2" type="cond" truecount="1" falsecount="1"/>
        <line num="245" count="0" type="stmt"/>
        <line num="246" count="0" type="stmt"/>
        <line num="249" count="2" type="cond" truecount="1" falsecount="1"/>
        <line num="250" count="2" type="stmt"/>
        <line num="251" count="2" type="cond" truecount="2" falsecount="0"/>
        <line num="252" count="1" type="stmt"/>
        <line num="253" count="1" type="stmt"/>
        <line num="254" count="1" type="stmt"/>
        <line num="255" count="1" type="stmt"/>
        <line num="256" count="1" type="stmt"/>
        <line num="260" count="1" type="stmt"/>
        <line num="261" count="1" type="cond" truecount="1" falsecount="1"/>
        <line num="262" count="1" type="stmt"/>
        <line num="265" count="0" type="stmt"/>
        <line num="268" count="1" type="stmt"/>
        <line num="269" count="1" type="stmt"/>
        <line num="270" count="1" type="stmt"/>
        <line num="275" count="12" type="cond" truecount="3" falsecount="0"/>
        <line num="277" count="2" type="stmt"/>
        <line num="279" count="4" type="stmt"/>
        <line num="281" count="6" type="stmt"/>
      </file>
      <file name="app.js" path="/Users/mismasilfver/Developer/Windsurf/FPL2025/js/app.js">
        <metrics statements="10" coveredstatements="0" conditionals="2" coveredconditionals="0" methods="1" coveredmethods="0"/>
        <line num="9" count="0" type="stmt"/>
        <line num="10" count="0" type="stmt"/>
        <line num="12" count="0" type="stmt"/>
        <line num="13" count="0" type="stmt"/>
        <line num="15" count="0" type="stmt"/>
        <line num="17" count="0" type="stmt"/>
        <line num="18" count="0" type="cond" truecount="0" falsecount="2"/>
        <line num="19" count="0" type="stmt"/>
        <line num="20" count="0" type="stmt"/>
        <line num="21" count="0" type="stmt"/>
      </file>
      <file name="async-helpers.js" path="/Users/mismasilfver/Developer/Windsurf/FPL2025/js/async-helpers.js">
        <metrics statements="22" coveredstatements="2" conditionals="8" coveredconditionals="1" methods="5" coveredmethods="1"/>
        <line num="11" count="0" type="stmt"/>
        <line num="12" count="0" type="stmt"/>
        <line num="13" count="0" type="stmt"/>
        <line num="14" count="0" type="cond" truecount="0" falsecount="2"/>
        <line num="15" count="0" type="stmt"/>
        <line num="17" count="0" type="stmt"/>
        <line num="19" count="0" type="stmt"/>
        <line num="20" count="0" type="stmt"/>
        <line num="31" count="0" type="stmt"/>
        <line num="32" count="0" type="stmt"/>
        <line num="33" count="0" type="cond" truecount="0" falsecount="2"/>
        <line num="34" count="0" type="stmt"/>
        <line num="45" count="65" type="stmt"/>
        <line num="46" count="65" type="cond" truecount="1" falsecount="1"/>
        <line num="47" count="0" type="stmt"/>
        <line num="48" count="0" type="stmt"/>
        <line num="49" count="0" type="stmt"/>
        <line num="50" count="0" type="cond" truecount="0" falsecount="2"/>
        <line num="51" count="0" type="stmt"/>
        <line num="53" count="0" type="stmt"/>
        <line num="55" count="0" type="stmt"/>
        <line num="56" count="0" type="stmt"/>
      </file>
      <file name="fpl-async-patch.js" path="/Users/mismasilfver/Developer/Windsurf/FPL2025/js/fpl-async-patch.js">
        <metrics statements="18" coveredstatements="16" conditionals="4" coveredconditionals="2" methods="1" coveredmethods="1"/>
        <line num="13" count="5" type="cond" truecount="1" falsecount="1"/>
        <line num="15" count="5" type="cond" truecount="1" falsecount="1"/>
        <line num="16" count="0" type="stmt"/>
        <line num="17" count="0" type="stmt"/>
        <line num="21" count="5" type="stmt"/>
        <line num="22" count="5" type="stmt"/>
        <line num="23" count="5" type="stmt"/>
        <line num="26" count="5" type="stmt"/>
        <line num="27" count="5" type="stmt"/>
        <line num="28" count="5" type="stmt"/>
        <line num="29" count="5" type="stmt"/>
        <line num="30" count="5" type="stmt"/>
        <line num="31" count="5" type="stmt"/>
        <line num="32" count="5" type="stmt"/>
        <line num="35" count="5" type="stmt"/>
        <line num="38" count="5" type="stmt"/>
        <line num="39" count="5" type="stmt"/>
        <line num="41" count="5" type="stmt"/>
      </file>
      <file name="import-export.js" path="/Users/mismasilfver/Developer/Windsurf/FPL2025/js/import-export.js">
        <metrics statements="20" coveredstatements="19" conditionals="0" coveredconditionals="0" methods="5" coveredmethods="4"/>
        <line num="11" count="1" type="stmt"/>
        <line num="12" count="1" type="stmt"/>
        <line num="13" count="1" type="stmt"/>
        <line num="14" count="1" type="stmt"/>
        <line num="15" count="1" type="stmt"/>
        <line num="16" count="1" type="stmt"/>
        <line num="17" count="1" type="stmt"/>
        <line num="18" count="1" type="stmt"/>
        <line num="19" count="1" type="stmt"/>
        <line num="20" count="1" type="stmt"/>
        <line num="29" count="2" type="stmt"/>
        <line num="30" count="2" type="stmt"/>
        <line num="32" count="2" type="stmt"/>
        <line num="33" count="2" type="stmt"/>
        <line num="34" count="2" type="stmt"/>
        <line num="35" count="1" type="stmt"/>
        <line num="37" count="1" type="stmt"/>
        <line num="41" count="2" type="stmt"/>
        <line num="42" count="0" type="stmt"/>
        <line num="45" count="2" type="stmt"/>
      </file>
      <file name="storage-db.js" path="/Users/mismasilfver/Developer/Windsurf/FPL2025/js/storage-db.js">
        <metrics statements="154" coveredstatements="105" conditionals="120" coveredconditionals="60" methods="48" coveredmethods="26"/>
        <line num="12" count="0" type="stmt"/>
        <line num="14" count="0" type="stmt"/>
        <line num="15" count="0" type="stmt"/>
        <line num="16" count="0" type="stmt"/>
        <line num="17" count="0" type="stmt"/>
        <line num="21" count="0" type="stmt"/>
        <line num="22" count="0" type="stmt"/>
        <line num="24" count="0" type="stmt"/>
        <line num="25" count="0" type="stmt"/>
        <line num="28" count="0" type="cond" truecount="0" falsecount="2"/>
        <line num="29" count="0" type="stmt"/>
        <line num="32" count="0" type="cond" truecount="0" falsecount="2"/>
        <line num="33" count="0" type="stmt"/>
        <line num="36" count="0" type="cond" truecount="0" falsecount="2"/>
        <line num="37" count="0" type="stmt"/>
        <line num="40" count="0" type="stmt"/>
        <line num="44" count="0" type="stmt"/>
        <line num="45" count="0" type="stmt"/>
        <line num="46" count="0" type="stmt"/>
        <line num="49" count="0" type="stmt"/>
        <line num="50" count="0" type="stmt"/>
        <line num="57" count="0" type="stmt"/>
        <line num="58" count="0" type="cond" truecount="0" falsecount="2"/>
        <line num="61" count="0" type="stmt"/>
        <line num="63" count="0" type="stmt"/>
        <line num="69" count="0" type="stmt"/>
        <line num="83" count="0" type="stmt"/>
        <line num="84" count="0" type="stmt"/>
        <line num="85" count="0" type="stmt"/>
        <line num="91" count="1" type="stmt"/>
        <line num="92" count="1" type="stmt"/>
        <line num="93" count="1" type="stmt"/>
        <line num="94" count="1" type="stmt"/>
        <line num="95" count="1" type="stmt"/>
        <line num="97" count="1" type="stmt"/>
        <line num="98" count="1" type="stmt"/>
        <line num="104" count="1" type="stmt"/>
        <line num="105" count="1" type="stmt"/>
        <line num="106" count="1" type="stmt"/>
        <line num="107" count="1" type="stmt"/>
        <line num="108" count="1" type="stmt"/>
        <line num="110" count="1" type="stmt"/>
        <line num="111" count="1" type="stmt"/>
        <line num="117" count="1" type="stmt"/>
        <line num="118" count="1" type="stmt"/>
        <line num="119" count="1" type="stmt"/>
        <line num="120" count="1" type="stmt"/>
        <line num="121" count="1" type="stmt"/>
        <line num="122" count="1" type="stmt"/>
        <line num="124" count="1" type="stmt"/>
        <line num="125" count="1" type="stmt"/>
        <line num="130" count="1" type="stmt"/>
        <line num="132" count="1" type="cond" truecount="1" falsecount="1"/>
        <line num="133" count="1" type="stmt"/>
        <line num="134" count="1" type="stmt"/>
        <line num="136" count="1" type="stmt"/>
        <line num="137" count="1" type="cond" truecount="1" falsecount="1"/>
        <line num="140" count="1" type="stmt"/>
        <line num="142" count="1" type="stmt"/>
        <line num="146" count="1" type="stmt"/>
        <line num="156" count="1" type="stmt"/>
        <line num="160" count="1" type="stmt"/>
        <line num="161" count="1" type="stmt"/>
        <line num="162" count="1" type="stmt"/>
        <line num="165" count="1" type="cond" truecount="1" falsecount="1"/>
        <line num="166" count="3" type="stmt"/>
        <line num="167" count="2" type="stmt"/>
        <line num="173" count="1" type="cond" truecount="1" falsecount="1"/>
        <line num="174" count="3" type="stmt"/>
        <line num="175" count="2" type="cond" truecount="1" falsecount="1"/>
        <line num="177" count="1" type="stmt"/>
        <line num="183" count="1" type="stmt"/>
        <line num="184" count="1" type="stmt"/>
        <line num="187" count="1" type="stmt"/>
        <line num="198" count="1" type="stmt"/>
        <line num="205" count="1" type="stmt"/>
        <line num="206" count="1" type="stmt"/>
        <line num="207" count="1" type="stmt"/>
        <line num="209" count="1" type="stmt"/>
        <line num="210" count="1" type="stmt"/>
        <line num="211" count="1" type="cond" truecount="1" falsecount="1"/>
        <line num="212" count="0" type="stmt"/>
        <line num="213" count="0" type="stmt"/>
        <line num="218" count="1" type="stmt"/>
        <line num="219" count="2" type="stmt"/>
        <line num="222" count="1" type="stmt"/>
        <line num="223" count="1" type="stmt"/>
        <line num="228" count="0" type="stmt"/>
        <line num="229" count="0" type="stmt"/>
        <line num="230" count="0" type="stmt"/>
        <line num="231" count="0" type="stmt"/>
        <line num="232" count="0" type="stmt"/>
        <line num="234" count="0" type="stmt"/>
        <line num="235" count="0" type="stmt"/>
        <line num="240" count="0" type="stmt"/>
        <line num="241" count="0" type="stmt"/>
        <line num="243" count="0" type="stmt"/>
        <line num="244" count="0" type="cond" truecount="0" falsecount="2"/>
        <line num="252" count="0" type="cond" truecount="0" falsecount="2"/>
        <line num="253" count="0" type="stmt"/>
        <line num="255" count="0" type="stmt"/>
        <line num="259" count="0" type="stmt"/>
        <line num="271" count="1" type="stmt"/>
        <line num="274" count="1" type="cond" truecount="1" falsecount="1"/>
        <line num="277" count="1" type="cond" truecount="4" falsecount="1"/>
        <line num="278" count="0" type="stmt"/>
        <line num="281" count="1" type="stmt"/>
        <line num="282" count="1" type="stmt"/>
        <line num="285" count="1" type="stmt"/>
        <line num="286" count="1" type="stmt"/>
        <line num="289" count="1" type="stmt"/>
        <line num="296" count="1" type="stmt"/>
        <line num="297" count="2" type="stmt"/>
        <line num="298" count="2" type="cond" truecount="1" falsecount="1"/>
        <line num="301" count="2" type="stmt"/>
        <line num="316" count="2" type="cond" truecount="1" falsecount="1"/>
        <line num="317" count="2" type="stmt"/>
        <line num="318" count="1" type="stmt"/>
        <line num="326" count="1" type="stmt"/>
        <line num="327" count="1" type="stmt"/>
        <line num="332" count="1" type="stmt"/>
        <line num="333" count="1" type="cond" truecount="3" falsecount="1"/>
        <line num="334" count="0" type="stmt"/>
        <line num="336" count="1" type="cond" truecount="1" falsecount="1"/>
        <line num="337" count="1" type="cond" truecount="3" falsecount="1"/>
        <line num="340" count="1" type="cond" truecount="1" falsecount="1"/>
        <line num="341" count="1" type="stmt"/>
        <line num="345" count="1" type="stmt"/>
        <line num="347" count="1" type="cond" truecount="3" falsecount="1"/>
        <line num="348" count="0" type="stmt"/>
        <line num="351" count="1" type="stmt"/>
        <line num="352" count="1" type="cond" truecount="1" falsecount="1"/>
        <line num="353" count="1" type="cond" truecount="3" falsecount="1"/>
        <line num="356" count="1" type="cond" truecount="3" falsecount="1"/>
        <line num="358" count="1" type="stmt"/>
        <line num="359" count="1" type="stmt"/>
        <line num="361" count="1" type="stmt"/>
        <line num="367" count="1" type="stmt"/>
        <line num="368" count="1" type="stmt"/>
        <line num="370" count="1" type="stmt"/>
        <line num="371" count="1" type="stmt"/>
        <line num="373" count="1" type="stmt"/>
        <line num="374" count="1" type="stmt"/>
        <line num="375" count="1" type="cond" truecount="3" falsecount="1"/>
        <line num="377" count="1" type="cond" truecount="1" falsecount="1"/>
        <line num="378" count="1" type="cond" truecount="1" falsecount="1"/>
        <line num="379" count="1" type="cond" truecount="1" falsecount="1"/>
        <line num="382" count="1" type="cond" truecount="3" falsecount="1"/>
        <line num="390" count="1" type="stmt"/>
        <line num="400" count="1" type="stmt"/>
        <line num="401" count="1" type="cond" truecount="3" falsecount="1"/>
        <line num="402" count="1" type="stmt"/>
        <line num="410" count="1" type="stmt"/>
        <line num="411" count="1" type="stmt"/>
      </file>
      <file name="storage-factory.js" path="/Users/mismasilfver/Developer/Windsurf/FPL2025/js/storage-factory.js">
        <metrics statements="4" coveredstatements="0" conditionals="5" coveredconditionals="0" methods="1" coveredmethods="0"/>
        <line num="18" count="0" type="cond" truecount="0" falsecount="2"/>
        <line num="20" count="0" type="cond" truecount="0" falsecount="2"/>
        <line num="21" count="0" type="stmt"/>
        <line num="23" count="0" type="stmt"/>
      </file>
      <file name="storage-module.js" path="/Users/mismasilfver/Developer/Windsurf/FPL2025/js/storage-module.js">
        <metrics statements="121" coveredstatements="6" conditionals="104" coveredconditionals="3" methods="24" coveredmethods="1"/>
        <line num="7" count="49" type="stmt"/>
        <line num="8" count="49" type="stmt"/>
        <line num="11" count="38" type="stmt"/>
        <line num="34" count="0" type="stmt"/>
        <line num="35" count="0" type="cond" truecount="0" falsecount="4"/>
        <line num="37" count="0" type="cond" truecount="0" falsecount="4"/>
        <line num="38" count="0" type="stmt"/>
        <line num="43" count="0" type="stmt"/>
        <line num="44" count="0" type="cond" truecount="0" falsecount="2"/>
        <line num="45" count="0" type="stmt"/>
        <line num="50" count="0" type="stmt"/>
        <line num="51" count="0" type="cond" truecount="0" falsecount="2"/>
        <line num="52" count="0" type="stmt"/>
        <line num="53" count="0" type="stmt"/>
        <line num="54" count="0" type="stmt"/>
        <line num="57" count="0" type="stmt"/>
        <line num="58" count="0" type="stmt"/>
        <line num="59" count="0" type="stmt"/>
        <line num="61" count="0" type="stmt"/>
        <line num="62" count="0" type="stmt"/>
        <line num="63" count="0" type="stmt"/>
        <line num="64" count="0" type="stmt"/>
        <line num="69" count="0" type="stmt"/>
        <line num="70" count="0" type="stmt"/>
        <line num="71" count="0" type="stmt"/>
        <line num="76" count="0" type="stmt"/>
        <line num="80" count="0" type="stmt"/>
        <line num="84" count="0" type="stmt"/>
        <line num="85" count="0" type="cond" truecount="0" falsecount="2"/>
        <line num="86" count="0" type="stmt"/>
        <line num="87" count="0" type="stmt"/>
        <line num="89" count="0" type="stmt"/>
        <line num="94" count="0" type="cond" truecount="0" falsecount="2"/>
        <line num="95" count="0" type="stmt"/>
        <line num="101" count="0" type="stmt"/>
        <line num="102" count="0" type="cond" truecount="0" falsecount="4"/>
        <line num="104" count="0" type="cond" truecount="0" falsecount="2"/>
        <line num="105" count="0" type="stmt"/>
        <line num="110" count="0" type="stmt"/>
        <line num="114" count="0" type="stmt"/>
        <line num="121" count="0" type="stmt"/>
        <line num="122" count="0" type="stmt"/>
        <line num="126" count="0" type="stmt"/>
        <line num="127" count="0" type="stmt"/>
        <line num="136" count="0" type="stmt"/>
        <line num="137" count="0" type="stmt"/>
        <line num="142" count="0" type="cond" truecount="0" falsecount="2"/>
        <line num="143" count="0" type="stmt"/>
        <line num="145" count="0" type="stmt"/>
        <line num="146" count="0" type="stmt"/>
        <line num="150" count="0" type="cond" truecount="0" falsecount="2"/>
        <line num="151" count="0" type="stmt"/>
        <line num="153" count="0" type="cond" truecount="0" falsecount="2"/>
        <line num="154" count="0" type="stmt"/>
        <line num="158" count="0" type="cond" truecount="0" falsecount="2"/>
        <line num="159" count="0" type="stmt"/>
        <line num="169" count="0" type="stmt"/>
        <line num="171" count="0" type="cond" truecount="0" falsecount="2"/>
        <line num="172" count="0" type="cond" truecount="0" falsecount="2"/>
        <line num="173" count="0" type="stmt"/>
        <line num="176" count="0" type="cond" truecount="0" falsecount="2"/>
        <line num="177" count="0" type="stmt"/>
        <line num="178" count="0" type="stmt"/>
        <line num="181" count="0" type="stmt"/>
        <line num="182" count="0" type="stmt"/>
        <line num="186" count="0" type="cond" truecount="0" falsecount="4"/>
        <line num="187" count="0" type="stmt"/>
        <line num="190" count="0" type="stmt"/>
        <line num="191" count="0" type="cond" truecount="0" falsecount="2"/>
        <line num="192" count="0" type="cond" truecount="0" falsecount="4"/>
        <line num="196" count="0" type="cond" truecount="0" falsecount="4"/>
        <line num="200" count="0" type="stmt"/>
        <line num="201" count="0" type="stmt"/>
        <line num="202" count="0" type="stmt"/>
        <line num="203" count="0" type="stmt"/>
        <line num="206" count="0" type="cond" truecount="0" falsecount="2"/>
        <line num="207" count="0" type="stmt"/>
        <line num="208" count="0" type="stmt"/>
        <line num="209" count="0" type="stmt"/>
        <line num="212" count="0" type="stmt"/>
        <line num="216" count="0" type="cond" truecount="0" falsecount="4"/>
        <line num="217" count="0" type="stmt"/>
        <line num="228" count="0" type="stmt"/>
        <line num="229" count="0" type="cond" truecount="0" falsecount="2"/>
        <line num="230" count="0" type="cond" truecount="0" falsecount="2"/>
        <line num="231" count="0" type="cond" truecount="0" falsecount="2"/>
        <line num="232" count="0" type="cond" truecount="0" falsecount="2"/>
        <line num="233" count="0" type="cond" truecount="0" falsecount="4"/>
        <line num="236" count="0" type="cond" truecount="0" falsecount="2"/>
        <line num="239" count="0" type="stmt"/>
        <line num="241" count="0" type="stmt"/>
        <line num="245" count="0" type="stmt"/>
        <line num="246" count="0" type="stmt"/>
        <line num="248" count="0" type="cond" truecount="0" falsecount="2"/>
        <line num="249" count="0" type="stmt"/>
        <line num="250" count="0" type="stmt"/>
        <line num="252" count="0" type="stmt"/>
        <line num="256" count="0" type="cond" truecount="0" falsecount="2"/>
        <line num="257" count="0" type="cond" truecount="0" falsecount="3"/>
        <line num="258" count="0" type="stmt"/>
        <line num="259" count="0" type="stmt"/>
        <line num="260" count="0" type="stmt"/>
        <line num="263" count="0" type="stmt"/>
        <line num="267" count="0" type="cond" truecount="0" falsecount="2"/>
        <line num="268" count="0" type="stmt"/>
        <line num="270" count="0" type="stmt"/>
        <line num="272" count="0" type="stmt"/>
        <line num="273" count="0" type="cond" truecount="0" falsecount="2"/>
        <line num="277" count="0" type="cond" truecount="0" falsecount="4"/>
        <line num="278" count="0" type="stmt"/>
        <line num="281" count="0" type="stmt"/>
        <line num="284" count="0" type="stmt"/>
        <line num="285" count="0" type="cond" truecount="0" falsecount="2"/>
        <line num="286" count="0" type="cond" truecount="0" falsecount="2"/>
        <line num="288" count="0" type="cond" truecount="0" falsecount="2"/>
        <line num="289" count="0" type="stmt"/>
        <line num="292" count="0" type="stmt"/>
        <line num="295" count="0" type="stmt"/>
        <line num="298" count="49" type="cond" truecount="3" falsecount="1"/>
        <line num="299" count="49" type="stmt"/>
        <line num="300" count="49" type="stmt"/>
      </file>
      <file name="storage.js" path="/Users/mismasilfver/Developer/Windsurf/FPL2025/js/storage.js">
        <metrics statements="34" coveredstatements="0" conditionals="19" coveredconditionals="0" methods="10" coveredmethods="0"/>
        <line num="18" count="0" type="stmt"/>
        <line num="28" count="0" type="stmt"/>
        <line num="37" count="0" type="stmt"/>
        <line num="51" count="0" type="stmt"/>
        <line num="52" count="0" type="stmt"/>
        <line num="61" count="0" type="stmt"/>
        <line num="70" count="0" type="stmt"/>
        <line num="71" count="0" type="cond" truecount="0" falsecount="4"/>
        <line num="72" count="0" type="cond" truecount="0" falsecount="2"/>
        <line num="82" count="0" type="cond" truecount="0" falsecount="2"/>
        <line num="83" count="0" type="cond" truecount="0" falsecount="2"/>
        <line num="84" count="0" type="stmt"/>
        <line num="85" count="0" type="stmt"/>
        <line num="93" count="0" type="stmt"/>
        <line num="94" count="0" type="cond" truecount="0" falsecount="2"/>
        <line num="95" count="0" type="stmt"/>
        <line num="96" count="0" type="stmt"/>
        <line num="98" count="0" type="stmt"/>
        <line num="99" count="0" type="stmt"/>
        <line num="109" count="0" type="stmt"/>
        <line num="117" count="0" type="stmt"/>
        <line num="118" count="0" type="cond" truecount="0" falsecount="2"/>
        <line num="119" count="0" type="cond" truecount="0" falsecount="2"/>
        <line num="120" count="0" type="stmt"/>
        <line num="122" count="0" type="cond" truecount="0" falsecount="2"/>
        <line num="123" count="0" type="stmt"/>
        <line num="126" count="0" type="stmt"/>
        <line num="129" count="0" type="stmt"/>
        <line num="135" count="0" type="stmt"/>
        <line num="145" count="0" type="stmt"/>
        <line num="148" count="0" type="stmt"/>
        <line num="149" count="0" type="stmt"/>
        <line num="151" count="0" type="stmt"/>
        <line num="152" count="0" type="stmt"/>
      </file>
      <file name="ui-manager.js" path="/Users/mismasilfver/Developer/Windsurf/FPL2025/js/ui-manager.js">
        <metrics statements="294" coveredstatements="279" conditionals="186" coveredconditionals="120" methods="41" coveredmethods="32"/>
        <line num="1" count="45" type="stmt"/>
        <line num="5" count="68" type="stmt"/>
        <line num="6" count="68" type="stmt"/>
        <line num="7" count="68" type="stmt"/>
        <line num="12" count="58" type="stmt"/>
        <line num="18" count="58" type="stmt"/>
        <line num="20" count="58" type="cond" truecount="1" falsecount="1"/>
        <line num="21" count="58" type="stmt"/>
        <line num="22" count="58" type="stmt"/>
        <line num="23" count="58" type="stmt"/>
        <line num="24" count="58" type="stmt"/>
        <line num="25" count="58" type="stmt"/>
        <line num="26" count="58" type="stmt"/>
        <line num="27" count="58" type="stmt"/>
        <line num="29" count="58" type="cond" truecount="1" falsecount="1"/>
        <line num="30" count="58" type="stmt"/>
        <line num="31" count="3" type="stmt"/>
        <line num="32" count="3" type="stmt"/>
        <line num="33" count="3" type="stmt"/>
        <line num="35" count="3" type="cond" truecount="2" falsecount="0"/>
        <line num="36" count="2" type="stmt"/>
        <line num="37" count="2" type="stmt"/>
        <line num="38" count="2" type="cond" truecount="3" falsecount="1"/>
        <line num="40" count="2" type="cond" truecount="2" falsecount="3"/>
        <line num="41" count="0" type="stmt"/>
        <line num="42" count="1" type="stmt"/>
        <line num="43" count="1" type="stmt"/>
        <line num="44" count="0" type="stmt"/>
        <line num="45" count="0" type="stmt"/>
        <line num="47" count="1" type="cond" truecount="1" falsecount="1"/>
        <line num="48" count="1" type="stmt"/>
        <line num="52" count="58" type="stmt"/>
        <line num="56" count="58" type="stmt"/>
        <line num="57" count="58" type="stmt"/>
        <line num="58" count="58" type="stmt"/>
        <line num="59" count="0" type="cond" truecount="0" falsecount="2"/>
        <line num="61" count="58" type="stmt"/>
        <line num="63" count="58" type="cond" truecount="1" falsecount="1"/>
        <line num="64" count="58" type="stmt"/>
        <line num="65" count="0" type="cond" truecount="0" falsecount="2"/>
        <line num="67" count="58" type="stmt"/>
        <line num="72" count="68" type="stmt"/>
        <line num="75" count="68" type="stmt"/>
        <line num="76" count="68" type="stmt"/>
        <line num="77" count="68" type="stmt"/>
        <line num="78" count="68" type="stmt"/>
        <line num="79" count="68" type="stmt"/>
        <line num="80" count="68" type="stmt"/>
        <line num="81" count="68" type="stmt"/>
        <line num="82" count="68" type="stmt"/>
        <line num="83" count="68" type="stmt"/>
        <line num="84" count="68" type="stmt"/>
        <line num="85" count="68" type="stmt"/>
        <line num="86" count="68" type="stmt"/>
        <line num="87" count="68" type="stmt"/>
        <line num="88" count="68" type="stmt"/>
        <line num="89" count="68" type="stmt"/>
        <line num="90" count="68" type="stmt"/>
        <line num="93" count="68" type="cond" truecount="1" falsecount="1"/>
        <line num="94" count="68" type="cond" truecount="1" falsecount="1"/>
        <line num="98" count="7" type="cond" truecount="1" falsecount="1"/>
        <line num="99" count="7" type="cond" truecount="1" falsecount="1"/>
        <line num="101" count="7" type="cond" truecount="2" falsecount="0"/>
        <line num="102" count="1" type="stmt"/>
        <line num="103" count="1" type="stmt"/>
        <line num="104" count="1" type="stmt"/>
        <line num="106" count="6" type="stmt"/>
        <line num="107" count="6" type="stmt"/>
        <line num="108" count="6" type="stmt"/>
        <line num="110" count="7" type="stmt"/>
        <line num="111" count="7" type="stmt"/>
        <line num="115" count="7" type="cond" truecount="1" falsecount="1"/>
        <line num="116" count="7" type="stmt"/>
        <line num="117" count="7" type="cond" truecount="1" falsecount="1"/>
        <line num="119" count="7" type="stmt"/>
        <line num="120" count="7" type="stmt"/>
        <line num="122" count="7" type="stmt"/>
        <line num="124" count="7" type="cond" truecount="1" falsecount="1"/>
        <line num="125" count="0" type="stmt"/>
        <line num="126" count="0" type="stmt"/>
        <line num="129" count="7" type="stmt"/>
        <line num="130" count="7" type="stmt"/>
        <line num="131" count="7" type="stmt"/>
        <line num="132" count="7" type="stmt"/>
        <line num="133" count="7" type="stmt"/>
        <line num="134" count="7" type="stmt"/>
        <line num="135" count="7" type="stmt"/>
        <line num="136" count="7" type="stmt"/>
        <line num="137" count="7" type="stmt"/>
        <line num="140" count="7" type="stmt"/>
        <line num="144" count="7" type="cond" truecount="4" falsecount="0"/>
        <line num="146" count="6" type="stmt"/>
        <line num="149" count="6" type="stmt"/>
        <line num="150" count="6" type="cond" truecount="1" falsecount="1"/>
        <line num="151" count="6" type="stmt"/>
        <line num="152" count="1" type="stmt"/>
        <line num="153" count="1" type="stmt"/>
        <line num="157" count="6" type="stmt"/>
        <line num="158" count="6" type="cond" truecount="1" falsecount="1"/>
        <line num="159" count="6" type="stmt"/>
        <line num="160" count="0" type="stmt"/>
        <line num="161" count="0" type="stmt"/>
        <line num="165" count="6" type="stmt"/>
        <line num="166" count="5" type="cond" truecount="1" falsecount="1"/>
        <line num="170" count="6" type="stmt"/>
        <line num="171" count="6" type="cond" truecount="1" falsecount="1"/>
        <line num="172" count="6" type="stmt"/>
        <line num="173" count="4" type="stmt"/>
        <line num="174" count="4" type="stmt"/>
        <line num="180" count="4" type="cond" truecount="1" falsecount="1"/>
        <line num="181" count="4" type="stmt"/>
        <line num="185" count="1" type="cond" truecount="1" falsecount="1"/>
        <line num="186" count="1" type="stmt"/>
        <line num="187" count="1" type="stmt"/>
        <line num="188" count="1" type="stmt"/>
        <line num="189" count="1" type="stmt"/>
        <line num="190" count="1" type="cond" truecount="2" falsecount="0"/>
        <line num="191" count="1" type="cond" truecount="2" falsecount="0"/>
        <line num="192" count="1" type="cond" truecount="2" falsecount="0"/>
        <line num="196" count="10" type="stmt"/>
        <line num="197" count="10" type="cond" truecount="1" falsecount="1"/>
        <line num="198" count="10" type="cond" truecount="1" falsecount="1"/>
        <line num="199" count="10" type="stmt"/>
        <line num="203" count="15" type="stmt"/>
        <line num="204" count="15" type="cond" truecount="1" falsecount="1"/>
        <line num="208" count="145" type="cond" truecount="4" falsecount="0"/>
        <line num="209" count="117" type="stmt"/>
        <line num="213" count="145" type="cond" truecount="6" falsecount="0"/>
        <line num="214" count="1" type="stmt"/>
        <line num="218" count="140" type="cond" truecount="1" falsecount="1"/>
        <line num="219" count="128" type="stmt"/>
        <line num="220" count="128" type="cond" truecount="2" falsecount="0"/>
        <line num="221" count="128" type="cond" truecount="2" falsecount="0"/>
        <line num="222" count="128" type="cond" truecount="2" falsecount="0"/>
        <line num="226" count="128" type="cond" truecount="1" falsecount="1"/>
        <line num="227" count="128" type="cond" truecount="1" falsecount="1"/>
        <line num="228" count="128" type="cond" truecount="4" falsecount="0"/>
        <line num="229" count="128" type="cond" truecount="4" falsecount="0"/>
        <line num="233" count="137" type="cond" truecount="1" falsecount="1"/>
        <line num="234" count="137" type="cond" truecount="3" falsecount="1"/>
        <line num="235" count="137" type="cond" truecount="1" falsecount="1"/>
        <line num="236" count="137" type="cond" truecount="1" falsecount="1"/>
        <line num="237" count="137" type="cond" truecount="1" falsecount="1"/>
        <line num="238" count="137" type="stmt"/>
        <line num="240" count="137" type="cond" truecount="1" falsecount="1"/>
        <line num="244" count="145" type="cond" truecount="1" falsecount="3"/>
        <line num="245" count="145" type="cond" truecount="1" falsecount="1"/>
        <line num="247" count="145" type="stmt"/>
        <line num="248" count="145" type="cond" truecount="2" falsecount="0"/>
        <line num="249" count="1" type="stmt"/>
        <line num="250" count="1" type="stmt"/>
        <line num="251" count="1" type="stmt"/>
        <line num="265" count="1" type="stmt"/>
        <line num="267" count="145" type="stmt"/>
        <line num="271" count="145" type="cond" truecount="1" falsecount="1"/>
        <line num="272" count="145" type="stmt"/>
        <line num="274" count="145" type="cond" truecount="1" falsecount="1"/>
        <line num="275" count="0" type="stmt"/>
        <line num="276" count="0" type="stmt"/>
        <line num="280" count="145" type="stmt"/>
        <line num="281" count="145" type="stmt"/>
        <line num="282" count="145" type="stmt"/>
        <line num="283" count="145" type="stmt"/>
        <line num="285" count="145" type="stmt"/>
        <line num="286" count="145" type="stmt"/>
        <line num="289" count="145" type="stmt"/>
        <line num="290" count="145" type="cond" truecount="1" falsecount="1"/>
        <line num="292" count="145" type="stmt"/>
        <line num="293" count="145" type="cond" truecount="1" falsecount="1"/>
        <line num="295" count="145" type="stmt"/>
        <line num="296" count="145" type="cond" truecount="1" falsecount="1"/>
        <line num="298" count="145" type="stmt"/>
        <line num="299" count="145" type="cond" truecount="1" falsecount="1"/>
        <line num="301" count="145" type="stmt"/>
        <line num="302" count="145" type="cond" truecount="1" falsecount="1"/>
        <line num="303" count="145" type="stmt"/>
        <line num="304" count="145" type="cond" truecount="2" falsecount="0"/>
        <line num="305" count="15" type="stmt"/>
        <line num="306" count="15" type="stmt"/>
        <line num="307" count="15" type="stmt"/>
        <line num="308" count="15" type="stmt"/>
        <line num="312" count="145" type="stmt"/>
        <line num="313" count="145" type="cond" truecount="1" falsecount="1"/>
        <line num="314" count="145" type="stmt"/>
        <line num="315" count="145" type="stmt"/>
        <line num="316" count="145" type="cond" truecount="2" falsecount="0"/>
        <line num="317" count="121" type="stmt"/>
        <line num="318" count="121" type="stmt"/>
        <line num="319" count="121" type="stmt"/>
        <line num="320" count="121" type="stmt"/>
        <line num="321" count="121" type="stmt"/>
        <line num="322" count="121" type="stmt"/>
        <line num="323" count="121" type="stmt"/>
        <line num="324" count="121" type="stmt"/>
        <line num="325" count="121" type="stmt"/>
        <line num="327" count="24" type="stmt"/>
        <line num="328" count="24" type="stmt"/>
        <line num="329" count="24" type="stmt"/>
        <line num="330" count="24" type="stmt"/>
        <line num="331" count="24" type="stmt"/>
        <line num="332" count="24" type="stmt"/>
        <line num="333" count="24" type="stmt"/>
        <line num="334" count="24" type="stmt"/>
        <line num="335" count="24" type="stmt"/>
        <line num="339" count="145" type="stmt"/>
        <line num="340" count="145" type="cond" truecount="1" falsecount="1"/>
        <line num="341" count="145" type="stmt"/>
        <line num="342" count="145" type="stmt"/>
        <line num="343" count="145" type="cond" truecount="2" falsecount="0"/>
        <line num="344" count="65" type="stmt"/>
        <line num="345" count="65" type="stmt"/>
        <line num="346" count="65" type="stmt"/>
        <line num="347" count="65" type="stmt"/>
        <line num="348" count="65" type="stmt"/>
        <line num="350" count="80" type="stmt"/>
        <line num="351" count="80" type="stmt"/>
        <line num="352" count="80" type="stmt"/>
        <line num="353" count="80" type="stmt"/>
        <line num="354" count="80" type="stmt"/>
        <line num="355" count="80" type="stmt"/>
        <line num="356" count="80" type="stmt"/>
        <line num="360" count="145" type="stmt"/>
        <line num="361" count="145" type="cond" truecount="1" falsecount="1"/>
        <line num="362" count="145" type="stmt"/>
        <line num="363" count="145" type="stmt"/>
        <line num="364" count="145" type="cond" truecount="2" falsecount="0"/>
        <line num="365" count="20" type="stmt"/>
        <line num="366" count="20" type="stmt"/>
        <line num="367" count="20" type="stmt"/>
        <line num="368" count="20" type="stmt"/>
        <line num="369" count="20" type="stmt"/>
        <line num="371" count="125" type="stmt"/>
        <line num="372" count="125" type="stmt"/>
        <line num="373" count="125" type="stmt"/>
        <line num="374" count="125" type="stmt"/>
        <line num="375" count="125" type="stmt"/>
        <line num="376" count="125" type="stmt"/>
        <line num="377" count="125" type="stmt"/>
        <line num="381" count="145" type="stmt"/>
        <line num="382" count="145" type="cond" truecount="1" falsecount="1"/>
        <line num="383" count="145" type="stmt"/>
        <line num="384" count="145" type="stmt"/>
        <line num="385" count="145" type="stmt"/>
        <line num="386" count="145" type="cond" truecount="2" falsecount="0"/>
        <line num="387" count="145" type="stmt"/>
        <line num="388" count="145" type="stmt"/>
        <line num="389" count="145" type="stmt"/>
        <line num="390" count="145" type="cond" truecount="2" falsecount="0"/>
        <line num="391" count="145" type="stmt"/>
        <line num="392" count="145" type="stmt"/>
        <line num="395" count="145" type="stmt"/>
        <line num="396" count="145" type="cond" truecount="1" falsecount="1"/>
        <line num="397" count="145" type="stmt"/>
        <line num="398" count="145" type="stmt"/>
        <line num="399" count="145" type="stmt"/>
        <line num="400" count="145" type="stmt"/>
        <line num="401" count="145" type="stmt"/>
        <line num="402" count="145" type="stmt"/>
        <line num="403" count="145" type="stmt"/>
        <line num="404" count="145" type="stmt"/>
        <line num="405" count="145" type="stmt"/>
        <line num="407" count="145" type="stmt"/>
        <line num="408" count="145" type="stmt"/>
        <line num="409" count="145" type="stmt"/>
        <line num="410" count="145" type="stmt"/>
        <line num="411" count="145" type="stmt"/>
        <line num="412" count="145" type="stmt"/>
        <line num="413" count="145" type="stmt"/>
        <line num="414" count="145" type="stmt"/>
        <line num="417" count="145" type="stmt"/>
        <line num="421" count="131" type="cond" truecount="1" falsecount="1"/>
        <line num="423" count="131" type="stmt"/>
        <line num="424" count="131" type="cond" truecount="4" falsecount="0"/>
        <line num="425" count="46" type="cond" truecount="1" falsecount="1"/>
        <line num="426" count="46" type="cond" truecount="1" falsecount="1"/>
        <line num="428" count="85" type="cond" truecount="2" falsecount="0"/>
        <line num="429" count="85" type="cond" truecount="1" falsecount="1"/>
        <line num="430" count="85" type="stmt"/>
        <line num="431" count="144" type="stmt"/>
        <line num="432" count="144" type="cond" truecount="3" falsecount="1"/>
        <line num="433" count="144" type="stmt"/>
        <line num="435" count="0" type="stmt"/>
        <line num="442" count="1" type="cond" truecount="1" falsecount="1"/>
        <line num="443" count="1" type="stmt"/>
        <line num="444" count="1" type="stmt"/>
        <line num="445" count="1" type="stmt"/>
        <line num="447" count="1" type="cond" truecount="1" falsecount="1"/>
        <line num="449" count="1" type="cond" truecount="1" falsecount="1"/>
        <line num="450" count="0" type="cond" truecount="0" falsecount="2"/>
        <line num="451" count="0" type="stmt"/>
        <line num="452" count="0" type="stmt"/>
        <line num="454" count="1" type="cond" truecount="1" falsecount="1"/>
        <line num="455" count="1" type="stmt"/>
        <line num="456" count="1" type="stmt"/>
      </file>
    </package>
  </project>
</coverage>
