{"/Users/mismasilfver/Developer/Windsurf/FPL2025/script.js": {"path":"/Users/mismasilfver/Developer/Windsurf/FPL2025/script.js","statementMap":{"0":{"start":{"line":5,"column":14},"end":{"line":5,"column":19}},"1":{"start":{"line":9,"column":8},"end":{"line":9,"column":40}},"2":{"start":{"line":10,"column":8},"end":{"line":10,"column":84}},"3":{"start":{"line":11,"column":8},"end":{"line":11,"column":42}},"4":{"start":{"line":12,"column":8},"end":{"line":12,"column":38}},"5":{"start":{"line":13,"column":8},"end":{"line":13,"column":55}},"6":{"start":{"line":18,"column":8},"end":{"line":20,"column":9}},"7":{"start":{"line":19,"column":12},"end":{"line":19,"column":77}},"8":{"start":{"line":22,"column":8},"end":{"line":28,"column":9}},"9":{"start":{"line":23,"column":12},"end":{"line":27,"column":13}},"10":{"start":{"line":24,"column":16},"end":{"line":24,"column":48}},"11":{"start":{"line":26,"column":16},"end":{"line":26,"column":78}},"12":{"start":{"line":30,"column":8},"end":{"line":31,"column":62}},"13":{"start":{"line":33,"column":8},"end":{"line":33,"column":20}},"14":{"start":{"line":37,"column":21},"end":{"line":37,"column":46}},"15":{"start":{"line":38,"column":21},"end":{"line":38,"column":55}},"16":{"start":{"line":39,"column":8},"end":{"line":39,"column":28}},"17":{"start":{"line":43,"column":21},"end":{"line":43,"column":46}},"18":{"start":{"line":44,"column":21},"end":{"line":44,"column":55}},"19":{"start":{"line":45,"column":8},"end":{"line":45,"column":32}},"20":{"start":{"line":49,"column":21},"end":{"line":49,"column":46}},"21":{"start":{"line":50,"column":21},"end":{"line":50,"column":55}},"22":{"start":{"line":51,"column":8},"end":{"line":51,"column":34}},"23":{"start":{"line":55,"column":24},"end":{"line":55,"column":47}},"24":{"start":{"line":56,"column":8},"end":{"line":56,"column":80}},"25":{"start":{"line":56,"column":35},"end":{"line":56,"column":41}},"26":{"start":{"line":56,"column":62},"end":{"line":56,"column":75}},"27":{"start":{"line":60,"column":8},"end":{"line":60,"column":61}},"28":{"start":{"line":60,"column":19},"end":{"line":60,"column":61}},"29":{"start":{"line":61,"column":8},"end":{"line":61,"column":40}},"30":{"start":{"line":62,"column":8},"end":{"line":62,"column":57}},"31":{"start":{"line":62,"column":19},"end":{"line":62,"column":57}},"32":{"start":{"line":63,"column":8},"end":{"line":63,"column":26}},"33":{"start":{"line":64,"column":8},"end":{"line":64,"column":55}},"34":{"start":{"line":64,"column":19},"end":{"line":64,"column":55}},"35":{"start":{"line":65,"column":8},"end":{"line":65,"column":62}},"36":{"start":{"line":65,"column":19},"end":{"line":65,"column":62}},"37":{"start":{"line":66,"column":8},"end":{"line":72,"column":9}},"38":{"start":{"line":67,"column":12},"end":{"line":67,"column":39}},"39":{"start":{"line":68,"column":12},"end":{"line":68,"column":62}},"40":{"start":{"line":68,"column":23},"end":{"line":68,"column":62}},"41":{"start":{"line":70,"column":12},"end":{"line":70,"column":60}},"42":{"start":{"line":71,"column":12},"end":{"line":71,"column":24}},"43":{"start":{"line":76,"column":8},"end":{"line":76,"column":33}},"44":{"start":{"line":77,"column":23},"end":{"line":77,"column":48}},"45":{"start":{"line":79,"column":8},"end":{"line":81,"column":9}},"46":{"start":{"line":80,"column":12},"end":{"line":80,"column":43}},"47":{"start":{"line":83,"column":28},"end":{"line":83,"column":61}},"48":{"start":{"line":84,"column":8},"end":{"line":89,"column":10}},"49":{"start":{"line":91,"column":8},"end":{"line":91,"column":53}},"50":{"start":{"line":92,"column":8},"end":{"line":92,"column":65}},"51":{"start":{"line":94,"column":8},"end":{"line":94,"column":42}},"52":{"start":{"line":98,"column":8},"end":{"line":114,"column":11}},"53":{"start":{"line":104,"column":31},"end":{"line":104,"column":48}},"54":{"start":{"line":105,"column":36},"end":{"line":105,"column":57}},"55":{"start":{"line":106,"column":36},"end":{"line":106,"column":57}},"56":{"start":{"line":107,"column":38},"end":{"line":107,"column":64}},"57":{"start":{"line":109,"column":34},"end":{"line":109,"column":53}},"58":{"start":{"line":110,"column":28},"end":{"line":110,"column":46}},"59":{"start":{"line":111,"column":30},"end":{"line":111,"column":51}},"60":{"start":{"line":112,"column":35},"end":{"line":112,"column":54}},"61":{"start":{"line":113,"column":39},"end":{"line":113,"column":62}},"62":{"start":{"line":118,"column":8},"end":{"line":121,"column":9}},"63":{"start":{"line":119,"column":12},"end":{"line":119,"column":80}},"64":{"start":{"line":120,"column":12},"end":{"line":120,"column":19}},"65":{"start":{"line":122,"column":21},"end":{"line":122,"column":46}},"66":{"start":{"line":123,"column":28},"end":{"line":123,"column":56}},"67":{"start":{"line":124,"column":23},"end":{"line":124,"column":89}},"68":{"start":{"line":124,"column":64},"end":{"line":124,"column":81}},"69":{"start":{"line":125,"column":8},"end":{"line":125,"column":34}},"70":{"start":{"line":129,"column":8},"end":{"line":129,"column":29}},"71":{"start":{"line":133,"column":8},"end":{"line":133,"column":27}},"72":{"start":{"line":134,"column":8},"end":{"line":137,"column":9}},"73":{"start":{"line":135,"column":12},"end":{"line":135,"column":49}},"74":{"start":{"line":136,"column":12},"end":{"line":136,"column":19}},"75":{"start":{"line":139,"column":27},"end":{"line":147,"column":9}},"76":{"start":{"line":149,"column":21},"end":{"line":149,"column":46}},"77":{"start":{"line":150,"column":28},"end":{"line":150,"column":56}},"78":{"start":{"line":151,"column":25},"end":{"line":151,"column":71}},"79":{"start":{"line":151,"column":57},"end":{"line":151,"column":63}},"80":{"start":{"line":152,"column":26},"end":{"line":152,"column":52}},"81":{"start":{"line":153,"column":34},"end":{"line":153,"column":117}},"82":{"start":{"line":153,"column":76},"end":{"line":153,"column":109}},"83":{"start":{"line":154,"column":26},"end":{"line":154,"column":76}},"84":{"start":{"line":156,"column":8},"end":{"line":159,"column":9}},"85":{"start":{"line":157,"column":12},"end":{"line":157,"column":64}},"86":{"start":{"line":158,"column":12},"end":{"line":158,"column":19}},"87":{"start":{"line":161,"column":8},"end":{"line":165,"column":9}},"88":{"start":{"line":162,"column":12},"end":{"line":162,"column":68}},"89":{"start":{"line":164,"column":12},"end":{"line":164,"column":39}},"90":{"start":{"line":167,"column":8},"end":{"line":167,"column":26}},"91":{"start":{"line":171,"column":8},"end":{"line":171,"column":55}},"92":{"start":{"line":171,"column":48},"end":{"line":171,"column":55}},"93":{"start":{"line":172,"column":21},"end":{"line":172,"column":46}},"94":{"start":{"line":173,"column":34},"end":{"line":173,"column":50}},"95":{"start":{"line":174,"column":29},"end":{"line":174,"column":111}},"96":{"start":{"line":175,"column":28},"end":{"line":175,"column":61}},"97":{"start":{"line":177,"column":23},"end":{"line":180,"column":9}},"98":{"start":{"line":181,"column":8},"end":{"line":181,"column":41}},"99":{"start":{"line":183,"column":8},"end":{"line":183,"column":52}},"100":{"start":{"line":185,"column":8},"end":{"line":185,"column":69}},"101":{"start":{"line":186,"column":8},"end":{"line":186,"column":39}},"102":{"start":{"line":187,"column":8},"end":{"line":187,"column":35}},"103":{"start":{"line":191,"column":8},"end":{"line":191,"column":55}},"104":{"start":{"line":191,"column":48},"end":{"line":191,"column":55}},"105":{"start":{"line":192,"column":21},"end":{"line":192,"column":46}},"106":{"start":{"line":193,"column":34},"end":{"line":193,"column":50}},"107":{"start":{"line":194,"column":29},"end":{"line":194,"column":111}},"108":{"start":{"line":195,"column":28},"end":{"line":195,"column":61}},"109":{"start":{"line":196,"column":28},"end":{"line":196,"column":81}},"110":{"start":{"line":196,"column":63},"end":{"line":196,"column":80}},"111":{"start":{"line":197,"column":8},"end":{"line":203,"column":9}},"112":{"start":{"line":198,"column":12},"end":{"line":198,"column":102}},"113":{"start":{"line":199,"column":12},"end":{"line":199,"column":56}},"114":{"start":{"line":200,"column":12},"end":{"line":200,"column":73}},"115":{"start":{"line":201,"column":12},"end":{"line":201,"column":43}},"116":{"start":{"line":202,"column":12},"end":{"line":202,"column":39}},"117":{"start":{"line":207,"column":8},"end":{"line":207,"column":55}},"118":{"start":{"line":207,"column":48},"end":{"line":207,"column":55}},"119":{"start":{"line":210,"column":8},"end":{"line":212,"column":9}},"120":{"start":{"line":211,"column":12},"end":{"line":211,"column":19}},"121":{"start":{"line":214,"column":21},"end":{"line":214,"column":46}},"122":{"start":{"line":215,"column":34},"end":{"line":215,"column":50}},"123":{"start":{"line":216,"column":29},"end":{"line":216,"column":111}},"124":{"start":{"line":217,"column":28},"end":{"line":217,"column":61}},"125":{"start":{"line":218,"column":8},"end":{"line":218,"column":81}},"126":{"start":{"line":218,"column":62},"end":{"line":218,"column":79}},"127":{"start":{"line":220,"column":8},"end":{"line":220,"column":73}},"128":{"start":{"line":220,"column":46},"end":{"line":220,"column":73}},"129":{"start":{"line":221,"column":8},"end":{"line":221,"column":81}},"130":{"start":{"line":221,"column":50},"end":{"line":221,"column":81}},"131":{"start":{"line":222,"column":8},"end":{"line":222,"column":52}},"132":{"start":{"line":223,"column":8},"end":{"line":223,"column":69}},"133":{"start":{"line":224,"column":8},"end":{"line":224,"column":39}},"134":{"start":{"line":225,"column":8},"end":{"line":225,"column":35}},"135":{"start":{"line":229,"column":8},"end":{"line":229,"column":55}},"136":{"start":{"line":229,"column":48},"end":{"line":229,"column":55}},"137":{"start":{"line":230,"column":21},"end":{"line":230,"column":46}},"138":{"start":{"line":231,"column":34},"end":{"line":231,"column":50}},"139":{"start":{"line":232,"column":29},"end":{"line":232,"column":111}},"140":{"start":{"line":233,"column":28},"end":{"line":233,"column":61}},"141":{"start":{"line":234,"column":23},"end":{"line":234,"column":71}},"142":{"start":{"line":234,"column":53},"end":{"line":234,"column":70}},"143":{"start":{"line":235,"column":8},"end":{"line":245,"column":9}},"144":{"start":{"line":236,"column":12},"end":{"line":239,"column":13}},"145":{"start":{"line":236,"column":64},"end":{"line":236,"column":70}},"146":{"start":{"line":237,"column":16},"end":{"line":237,"column":68}},"147":{"start":{"line":238,"column":16},"end":{"line":238,"column":23}},"148":{"start":{"line":240,"column":12},"end":{"line":240,"column":39}},"149":{"start":{"line":241,"column":12},"end":{"line":241,"column":56}},"150":{"start":{"line":242,"column":12},"end":{"line":242,"column":73}},"151":{"start":{"line":243,"column":12},"end":{"line":243,"column":43}},"152":{"start":{"line":244,"column":12},"end":{"line":244,"column":39}},"153":{"start":{"line":249,"column":8},"end":{"line":249,"column":55}},"154":{"start":{"line":249,"column":48},"end":{"line":249,"column":55}},"155":{"start":{"line":250,"column":21},"end":{"line":250,"column":46}},"156":{"start":{"line":251,"column":28},"end":{"line":251,"column":56}},"157":{"start":{"line":252,"column":23},"end":{"line":252,"column":71}},"158":{"start":{"line":252,"column":53},"end":{"line":252,"column":70}},"159":{"start":{"line":253,"column":8},"end":{"line":256,"column":9}},"160":{"start":{"line":254,"column":12},"end":{"line":254,"column":63}},"161":{"start":{"line":255,"column":12},"end":{"line":255,"column":19}},"162":{"start":{"line":258,"column":8},"end":{"line":265,"column":9}},"163":{"start":{"line":259,"column":12},"end":{"line":259,"column":39}},"164":{"start":{"line":261,"column":12},"end":{"line":261,"column":43}},"165":{"start":{"line":262,"column":12},"end":{"line":264,"column":13}},"166":{"start":{"line":263,"column":16},"end":{"line":263,"column":47}},"167":{"start":{"line":266,"column":8},"end":{"line":266,"column":39}},"168":{"start":{"line":267,"column":8},"end":{"line":267,"column":35}},"169":{"start":{"line":271,"column":8},"end":{"line":271,"column":55}},"170":{"start":{"line":271,"column":48},"end":{"line":271,"column":55}},"171":{"start":{"line":272,"column":21},"end":{"line":272,"column":46}},"172":{"start":{"line":273,"column":28},"end":{"line":273,"column":56}},"173":{"start":{"line":274,"column":23},"end":{"line":274,"column":71}},"174":{"start":{"line":274,"column":53},"end":{"line":274,"column":70}},"175":{"start":{"line":275,"column":8},"end":{"line":278,"column":9}},"176":{"start":{"line":276,"column":12},"end":{"line":276,"column":68}},"177":{"start":{"line":277,"column":12},"end":{"line":277,"column":19}},"178":{"start":{"line":280,"column":8},"end":{"line":287,"column":9}},"179":{"start":{"line":281,"column":12},"end":{"line":281,"column":43}},"180":{"start":{"line":283,"column":12},"end":{"line":283,"column":47}},"181":{"start":{"line":284,"column":12},"end":{"line":286,"column":13}},"182":{"start":{"line":285,"column":16},"end":{"line":285,"column":43}},"183":{"start":{"line":288,"column":8},"end":{"line":288,"column":39}},"184":{"start":{"line":289,"column":8},"end":{"line":289,"column":35}},"185":{"start":{"line":293,"column":8},"end":{"line":293,"column":55}},"186":{"start":{"line":293,"column":19},"end":{"line":293,"column":55}},"187":{"start":{"line":294,"column":21},"end":{"line":294,"column":46}},"188":{"start":{"line":295,"column":8},"end":{"line":295,"column":55}},"189":{"start":{"line":295,"column":19},"end":{"line":295,"column":55}},"190":{"start":{"line":296,"column":8},"end":{"line":296,"column":41}},"191":{"start":{"line":296,"column":25},"end":{"line":296,"column":41}},"192":{"start":{"line":297,"column":8},"end":{"line":297,"column":52}},"193":{"start":{"line":297,"column":31},"end":{"line":297,"column":52}},"194":{"start":{"line":298,"column":8},"end":{"line":303,"column":9}},"195":{"start":{"line":300,"column":12},"end":{"line":300,"column":112}},"196":{"start":{"line":301,"column":12},"end":{"line":301,"column":72}},"197":{"start":{"line":302,"column":12},"end":{"line":302,"column":43}},"198":{"start":{"line":304,"column":28},"end":{"line":304,"column":56}},"199":{"start":{"line":305,"column":24},"end":{"line":305,"column":49}},"200":{"start":{"line":306,"column":26},"end":{"line":306,"column":45}},"201":{"start":{"line":307,"column":30},"end":{"line":307,"column":53}},"202":{"start":{"line":308,"column":26},"end":{"line":308,"column":56}},"203":{"start":{"line":310,"column":24},"end":{"line":313,"column":9}},"204":{"start":{"line":315,"column":32},"end":{"line":319,"column":10}},"205":{"start":{"line":316,"column":34},"end":{"line":316,"column":100}},"206":{"start":{"line":317,"column":30},"end":{"line":317,"column":58}},"207":{"start":{"line":318,"column":12},"end":{"line":318,"column":46}},"208":{"start":{"line":321,"column":8},"end":{"line":321,"column":113}},"209":{"start":{"line":322,"column":8},"end":{"line":322,"column":39}},"210":{"start":{"line":323,"column":8},"end":{"line":323,"column":71}},"211":{"start":{"line":324,"column":8},"end":{"line":324,"column":167}},"212":{"start":{"line":324,"column":19},"end":{"line":324,"column":167}},"213":{"start":{"line":325,"column":8},"end":{"line":325,"column":129}},"214":{"start":{"line":329,"column":28},"end":{"line":329,"column":61}},"215":{"start":{"line":330,"column":25},"end":{"line":330,"column":64}},"216":{"start":{"line":331,"column":24},"end":{"line":331,"column":57}},"217":{"start":{"line":332,"column":25},"end":{"line":332,"column":74}},"218":{"start":{"line":333,"column":20},"end":{"line":333,"column":49}},"219":{"start":{"line":334,"column":21},"end":{"line":334,"column":48}},"220":{"start":{"line":335,"column":8},"end":{"line":335,"column":24}},"221":{"start":{"line":336,"column":8},"end":{"line":336,"column":60}},"222":{"start":{"line":337,"column":8},"end":{"line":337,"column":40}},"223":{"start":{"line":338,"column":8},"end":{"line":338,"column":21}},"224":{"start":{"line":339,"column":8},"end":{"line":339,"column":40}},"225":{"start":{"line":340,"column":8},"end":{"line":340,"column":33}},"226":{"start":{"line":344,"column":8},"end":{"line":344,"column":33}},"227":{"start":{"line":348,"column":8},"end":{"line":371,"column":9}},"228":{"start":{"line":349,"column":12},"end":{"line":354,"column":13}},"229":{"start":{"line":350,"column":16},"end":{"line":350,"column":56}},"230":{"start":{"line":352,"column":16},"end":{"line":352,"column":87}},"231":{"start":{"line":353,"column":16},"end":{"line":353,"column":28}},"232":{"start":{"line":356,"column":28},"end":{"line":356,"column":71}},"233":{"start":{"line":357,"column":12},"end":{"line":361,"column":13}},"234":{"start":{"line":358,"column":33},"end":{"line":358,"column":52}},"235":{"start":{"line":359,"column":16},"end":{"line":359,"column":50}},"236":{"start":{"line":360,"column":16},"end":{"line":360,"column":32}},"237":{"start":{"line":363,"column":12},"end":{"line":370,"column":13}},"238":{"start":{"line":364,"column":16},"end":{"line":364,"column":83}},"239":{"start":{"line":366,"column":16},"end":{"line":366,"column":86}},"240":{"start":{"line":367,"column":33},"end":{"line":367,"column":52}},"241":{"start":{"line":368,"column":16},"end":{"line":368,"column":50}},"242":{"start":{"line":369,"column":16},"end":{"line":369,"column":32}},"243":{"start":{"line":373,"column":8},"end":{"line":377,"column":9}},"244":{"start":{"line":374,"column":29},"end":{"line":374,"column":48}},"245":{"start":{"line":375,"column":12},"end":{"line":375,"column":46}},"246":{"start":{"line":376,"column":12},"end":{"line":376,"column":28}},"247":{"start":{"line":380,"column":25},"end":{"line":380,"column":105}},"248":{"start":{"line":381,"column":8},"end":{"line":398,"column":9}},"249":{"start":{"line":382,"column":31},"end":{"line":382,"column":53}},"250":{"start":{"line":383,"column":29},"end":{"line":394,"column":13}},"251":{"start":{"line":395,"column":12},"end":{"line":395,"column":70}},"252":{"start":{"line":396,"column":12},"end":{"line":396,"column":46}},"253":{"start":{"line":397,"column":12},"end":{"line":397,"column":28}},"254":{"start":{"line":400,"column":8},"end":{"line":417,"column":9}},"255":{"start":{"line":401,"column":29},"end":{"line":401,"column":52}},"256":{"start":{"line":402,"column":26},"end":{"line":402,"column":31}},"257":{"start":{"line":403,"column":12},"end":{"line":409,"column":13}},"258":{"start":{"line":404,"column":32},"end":{"line":404,"column":46}},"259":{"start":{"line":405,"column":16},"end":{"line":408,"column":17}},"260":{"start":{"line":406,"column":20},"end":{"line":406,"column":66}},"261":{"start":{"line":407,"column":20},"end":{"line":407,"column":35}},"262":{"start":{"line":410,"column":12},"end":{"line":413,"column":13}},"263":{"start":{"line":411,"column":16},"end":{"line":411,"column":37}},"264":{"start":{"line":412,"column":16},"end":{"line":412,"column":31}},"265":{"start":{"line":414,"column":12},"end":{"line":416,"column":13}},"266":{"start":{"line":415,"column":16},"end":{"line":415,"column":46}},"267":{"start":{"line":419,"column":8},"end":{"line":419,"column":20}},"268":{"start":{"line":423,"column":8},"end":{"line":423,"column":45}},"269":{"start":{"line":424,"column":25},"end":{"line":424,"column":57}},"270":{"start":{"line":425,"column":8},"end":{"line":425,"column":42}},"271":{"start":{"line":429,"column":8},"end":{"line":429,"column":33}},"272":{"start":{"line":430,"column":8},"end":{"line":432,"column":9}},"273":{"start":{"line":431,"column":12},"end":{"line":431,"column":50}},"274":{"start":{"line":433,"column":8},"end":{"line":433,"column":75}},"275":{"start":{"line":438,"column":23},"end":{"line":438,"column":58}},"276":{"start":{"line":438,"column":51},"end":{"line":438,"column":57}},"277":{"start":{"line":439,"column":28},"end":{"line":442,"column":11}},"278":{"start":{"line":439,"column":45},"end":{"line":442,"column":9}},"279":{"start":{"line":443,"column":27},"end":{"line":443,"column":81}},"280":{"start":{"line":443,"column":51},"end":{"line":443,"column":77}},"281":{"start":{"line":444,"column":8},"end":{"line":452,"column":10}},"282":{"start":{"line":456,"column":25},"end":{"line":456,"column":63}},"283":{"start":{"line":457,"column":24},"end":{"line":457,"column":110}},"284":{"start":{"line":457,"column":90},"end":{"line":457,"column":103}},"285":{"start":{"line":458,"column":28},"end":{"line":458,"column":122}},"286":{"start":{"line":458,"column":102},"end":{"line":458,"column":115}},"287":{"start":{"line":459,"column":26},"end":{"line":461,"column":86}},"288":{"start":{"line":463,"column":8},"end":{"line":472,"column":10}},"289":{"start":{"line":477,"column":19},"end":{"line":477,"column":37}},"290":{"start":{"line":478,"column":29},"end":{"line":478,"column":43}},"291":{"start":{"line":479,"column":8},"end":{"line":479,"column":34}},"292":{"start":{"line":479,"column":27},"end":{"line":479,"column":34}},"293":{"start":{"line":481,"column":28},"end":{"line":481,"column":61}},"294":{"start":{"line":482,"column":58},"end":{"line":482,"column":111}},"295":{"start":{"line":484,"column":8},"end":{"line":484,"column":46}},"296":{"start":{"line":485,"column":8},"end":{"line":485,"column":42}},"297":{"start":{"line":487,"column":8},"end":{"line":487,"column":50}},"298":{"start":{"line":489,"column":8},"end":{"line":489,"column":37}},"299":{"start":{"line":493,"column":21},"end":{"line":493,"column":46}},"300":{"start":{"line":494,"column":34},"end":{"line":494,"column":50}},"301":{"start":{"line":496,"column":35},"end":{"line":496,"column":117}},"302":{"start":{"line":497,"column":33},"end":{"line":497,"column":72}},"303":{"start":{"line":499,"column":8},"end":{"line":509,"column":9}},"304":{"start":{"line":500,"column":12},"end":{"line":500,"column":73}},"305":{"start":{"line":502,"column":31},"end":{"line":502,"column":81}},"306":{"start":{"line":503,"column":12},"end":{"line":503,"column":41}},"307":{"start":{"line":504,"column":12},"end":{"line":504,"column":55}},"308":{"start":{"line":506,"column":12},"end":{"line":508,"column":13}},"309":{"start":{"line":507,"column":16},"end":{"line":507,"column":61}},"310":{"start":{"line":511,"column":30},"end":{"line":511,"column":51}},"311":{"start":{"line":512,"column":27},"end":{"line":512,"column":64}},"312":{"start":{"line":513,"column":8},"end":{"line":513,"column":38}},"313":{"start":{"line":514,"column":8},"end":{"line":514,"column":47}},"314":{"start":{"line":517,"column":8},"end":{"line":517,"column":65}},"315":{"start":{"line":519,"column":8},"end":{"line":519,"column":41}},"316":{"start":{"line":520,"column":8},"end":{"line":520,"column":39}},"317":{"start":{"line":521,"column":8},"end":{"line":521,"column":35}},"318":{"start":{"line":525,"column":21},"end":{"line":525,"column":46}},"319":{"start":{"line":526,"column":8},"end":{"line":526,"column":44}},"320":{"start":{"line":526,"column":37},"end":{"line":526,"column":44}},"321":{"start":{"line":528,"column":8},"end":{"line":528,"column":46}},"322":{"start":{"line":529,"column":8},"end":{"line":529,"column":39}},"323":{"start":{"line":530,"column":8},"end":{"line":530,"column":35}},"324":{"start":{"line":534,"column":21},"end":{"line":534,"column":46}},"325":{"start":{"line":535,"column":24},"end":{"line":535,"column":80}},"326":{"start":{"line":535,"column":69},"end":{"line":535,"column":78}},"327":{"start":{"line":536,"column":23},"end":{"line":536,"column":62}},"328":{"start":{"line":537,"column":8},"end":{"line":537,"column":36}},"329":{"start":{"line":541,"column":21},"end":{"line":541,"column":46}},"330":{"start":{"line":542,"column":23},"end":{"line":542,"column":56}},"331":{"start":{"line":543,"column":8},"end":{"line":543,"column":36}},"332":{"start":{"line":547,"column":21},"end":{"line":547,"column":46}},"333":{"start":{"line":548,"column":8},"end":{"line":548,"column":43}},"334":{"start":{"line":548,"column":34},"end":{"line":548,"column":43}},"335":{"start":{"line":549,"column":8},"end":{"line":549,"column":51}},"336":{"start":{"line":553,"column":21},"end":{"line":553,"column":46}},"337":{"start":{"line":554,"column":8},"end":{"line":554,"column":37}},"338":{"start":{"line":558,"column":21},"end":{"line":558,"column":46}},"339":{"start":{"line":559,"column":19},"end":{"line":559,"column":57}},"340":{"start":{"line":560,"column":19},"end":{"line":560,"column":39}},"341":{"start":{"line":561,"column":8},"end":{"line":568,"column":12}},"342":{"start":{"line":572,"column":21},"end":{"line":572,"column":46}},"343":{"start":{"line":573,"column":21},"end":{"line":573,"column":49}},"344":{"start":{"line":574,"column":8},"end":{"line":574,"column":33}},"345":{"start":{"line":578,"column":21},"end":{"line":578,"column":46}},"346":{"start":{"line":579,"column":21},"end":{"line":579,"column":55}},"347":{"start":{"line":580,"column":8},"end":{"line":580,"column":33}},"348":{"start":{"line":586,"column":8},"end":{"line":586,"column":33}},"349":{"start":{"line":591,"column":8},"end":{"line":596,"column":9}},"350":{"start":{"line":592,"column":25},"end":{"line":592,"column":62}},"351":{"start":{"line":593,"column":12},"end":{"line":593,"column":148}},"352":{"start":{"line":595,"column":12},"end":{"line":595,"column":122}},"353":{"start":{"line":600,"column":8},"end":{"line":604,"column":9}},"354":{"start":{"line":601,"column":12},"end":{"line":601,"column":72}},"355":{"start":{"line":603,"column":12},"end":{"line":603,"column":66}},"356":{"start":{"line":609,"column":21},"end":{"line":609,"column":44}},"357":{"start":{"line":610,"column":8},"end":{"line":610,"column":62}},"358":{"start":{"line":614,"column":21},"end":{"line":614,"column":44}},"359":{"start":{"line":615,"column":8},"end":{"line":617,"column":9}},"360":{"start":{"line":616,"column":12},"end":{"line":616,"column":112}},"361":{"start":{"line":618,"column":8},"end":{"line":618,"column":53}},"362":{"start":{"line":619,"column":8},"end":{"line":619,"column":37}},"363":{"start":{"line":624,"column":21},"end":{"line":624,"column":44}},"364":{"start":{"line":625,"column":8},"end":{"line":625,"column":64}},"365":{"start":{"line":629,"column":21},"end":{"line":629,"column":44}},"366":{"start":{"line":630,"column":8},"end":{"line":632,"column":9}},"367":{"start":{"line":631,"column":12},"end":{"line":631,"column":112}},"368":{"start":{"line":633,"column":8},"end":{"line":633,"column":53}},"369":{"start":{"line":634,"column":8},"end":{"line":634,"column":37}},"370":{"start":{"line":639,"column":21},"end":{"line":639,"column":44}},"371":{"start":{"line":640,"column":8},"end":{"line":640,"column":68}},"372":{"start":{"line":644,"column":21},"end":{"line":644,"column":44}},"373":{"start":{"line":645,"column":8},"end":{"line":647,"column":9}},"374":{"start":{"line":646,"column":12},"end":{"line":646,"column":112}},"375":{"start":{"line":648,"column":8},"end":{"line":648,"column":57}},"376":{"start":{"line":649,"column":8},"end":{"line":649,"column":37}},"377":{"start":{"line":654,"column":21},"end":{"line":654,"column":44}},"378":{"start":{"line":655,"column":8},"end":{"line":655,"column":38}},"379":{"start":{"line":659,"column":21},"end":{"line":659,"column":44}},"380":{"start":{"line":660,"column":8},"end":{"line":660,"column":33}},"381":{"start":{"line":661,"column":8},"end":{"line":661,"column":37}},"382":{"start":{"line":666,"column":21},"end":{"line":666,"column":44}},"383":{"start":{"line":667,"column":21},"end":{"line":667,"column":58}},"384":{"start":{"line":668,"column":8},"end":{"line":668,"column":33}},"385":{"start":{"line":673,"column":0},"end":{"line":675,"column":1}},"386":{"start":{"line":674,"column":4},"end":{"line":674,"column":51}}},"fnMap":{"0":{"name":"(anonymous_0)","decl":{"start":{"line":8,"column":4},"end":{"line":8,"column":5}},"loc":{"start":{"line":8,"column":38},"end":{"line":15,"column":5}},"line":8},"1":{"name":"(anonymous_1)","decl":{"start":{"line":17,"column":4},"end":{"line":17,"column":5}},"loc":{"start":{"line":17,"column":31},"end":{"line":34,"column":5}},"line":17},"2":{"name":"(anonymous_2)","decl":{"start":{"line":36,"column":4},"end":{"line":36,"column":5}},"loc":{"start":{"line":36,"column":25},"end":{"line":40,"column":5}},"line":36},"3":{"name":"(anonymous_3)","decl":{"start":{"line":42,"column":4},"end":{"line":42,"column":5}},"loc":{"start":{"line":42,"column":29},"end":{"line":46,"column":5}},"line":42},"4":{"name":"(anonymous_4)","decl":{"start":{"line":48,"column":4},"end":{"line":48,"column":5}},"loc":{"start":{"line":48,"column":23},"end":{"line":52,"column":5}},"line":48},"5":{"name":"(anonymous_5)","decl":{"start":{"line":54,"column":4},"end":{"line":54,"column":5}},"loc":{"start":{"line":54,"column":31},"end":{"line":57,"column":5}},"line":54},"6":{"name":"(anonymous_6)","decl":{"start":{"line":56,"column":30},"end":{"line":56,"column":31}},"loc":{"start":{"line":56,"column":35},"end":{"line":56,"column":41}},"line":56},"7":{"name":"(anonymous_7)","decl":{"start":{"line":56,"column":50},"end":{"line":56,"column":51}},"loc":{"start":{"line":56,"column":62},"end":{"line":56,"column":75}},"line":56},"8":{"name":"(anonymous_8)","decl":{"start":{"line":59,"column":4},"end":{"line":59,"column":5}},"loc":{"start":{"line":59,"column":31},"end":{"line":73,"column":5}},"line":59},"9":{"name":"(anonymous_9)","decl":{"start":{"line":75,"column":4},"end":{"line":75,"column":5}},"loc":{"start":{"line":75,"column":31},"end":{"line":95,"column":5}},"line":75},"10":{"name":"(anonymous_10)","decl":{"start":{"line":97,"column":4},"end":{"line":97,"column":5}},"loc":{"start":{"line":97,"column":17},"end":{"line":115,"column":5}},"line":97},"11":{"name":"(anonymous_11)","decl":{"start":{"line":104,"column":25},"end":{"line":104,"column":26}},"loc":{"start":{"line":104,"column":31},"end":{"line":104,"column":48}},"line":104},"12":{"name":"(anonymous_12)","decl":{"start":{"line":105,"column":24},"end":{"line":105,"column":25}},"loc":{"start":{"line":105,"column":36},"end":{"line":105,"column":57}},"line":105},"13":{"name":"(anonymous_13)","decl":{"start":{"line":106,"column":24},"end":{"line":106,"column":25}},"loc":{"start":{"line":106,"column":36},"end":{"line":106,"column":57}},"line":106},"14":{"name":"(anonymous_14)","decl":{"start":{"line":107,"column":26},"end":{"line":107,"column":27}},"loc":{"start":{"line":107,"column":38},"end":{"line":107,"column":64}},"line":107},"15":{"name":"(anonymous_15)","decl":{"start":{"line":109,"column":26},"end":{"line":109,"column":27}},"loc":{"start":{"line":109,"column":34},"end":{"line":109,"column":53}},"line":109},"16":{"name":"(anonymous_16)","decl":{"start":{"line":110,"column":20},"end":{"line":110,"column":21}},"loc":{"start":{"line":110,"column":28},"end":{"line":110,"column":46}},"line":110},"17":{"name":"(anonymous_17)","decl":{"start":{"line":111,"column":22},"end":{"line":111,"column":23}},"loc":{"start":{"line":111,"column":30},"end":{"line":111,"column":51}},"line":111},"18":{"name":"(anonymous_18)","decl":{"start":{"line":112,"column":27},"end":{"line":112,"column":28}},"loc":{"start":{"line":112,"column":35},"end":{"line":112,"column":54}},"line":112},"19":{"name":"(anonymous_19)","decl":{"start":{"line":113,"column":31},"end":{"line":113,"column":32}},"loc":{"start":{"line":113,"column":39},"end":{"line":113,"column":62}},"line":113},"20":{"name":"(anonymous_20)","decl":{"start":{"line":117,"column":4},"end":{"line":117,"column":5}},"loc":{"start":{"line":117,"column":37},"end":{"line":126,"column":5}},"line":117},"21":{"name":"(anonymous_21)","decl":{"start":{"line":124,"column":59},"end":{"line":124,"column":60}},"loc":{"start":{"line":124,"column":64},"end":{"line":124,"column":81}},"line":124},"22":{"name":"(anonymous_22)","decl":{"start":{"line":128,"column":4},"end":{"line":128,"column":5}},"loc":{"start":{"line":128,"column":17},"end":{"line":130,"column":5}},"line":128},"23":{"name":"(anonymous_23)","decl":{"start":{"line":132,"column":4},"end":{"line":132,"column":5}},"loc":{"start":{"line":132,"column":30},"end":{"line":168,"column":5}},"line":132},"24":{"name":"(anonymous_24)","decl":{"start":{"line":151,"column":52},"end":{"line":151,"column":53}},"loc":{"start":{"line":151,"column":57},"end":{"line":151,"column":63}},"line":151},"25":{"name":"(anonymous_25)","decl":{"start":{"line":153,"column":71},"end":{"line":153,"column":72}},"loc":{"start":{"line":153,"column":76},"end":{"line":153,"column":109}},"line":153},"26":{"name":"(anonymous_26)","decl":{"start":{"line":170,"column":4},"end":{"line":170,"column":5}},"loc":{"start":{"line":170,"column":32},"end":{"line":188,"column":5}},"line":170},"27":{"name":"(anonymous_27)","decl":{"start":{"line":190,"column":4},"end":{"line":190,"column":5}},"loc":{"start":{"line":190,"column":45},"end":{"line":204,"column":5}},"line":190},"28":{"name":"(anonymous_28)","decl":{"start":{"line":196,"column":58},"end":{"line":196,"column":59}},"loc":{"start":{"line":196,"column":63},"end":{"line":196,"column":80}},"line":196},"29":{"name":"(anonymous_29)","decl":{"start":{"line":206,"column":4},"end":{"line":206,"column":5}},"loc":{"start":{"line":206,"column":33},"end":{"line":226,"column":5}},"line":206},"30":{"name":"(anonymous_30)","decl":{"start":{"line":218,"column":57},"end":{"line":218,"column":58}},"loc":{"start":{"line":218,"column":62},"end":{"line":218,"column":79}},"line":218},"31":{"name":"(anonymous_31)","decl":{"start":{"line":228,"column":4},"end":{"line":228,"column":5}},"loc":{"start":{"line":228,"column":31},"end":{"line":246,"column":5}},"line":228},"32":{"name":"(anonymous_32)","decl":{"start":{"line":234,"column":48},"end":{"line":234,"column":49}},"loc":{"start":{"line":234,"column":53},"end":{"line":234,"column":70}},"line":234},"33":{"name":"(anonymous_33)","decl":{"start":{"line":236,"column":59},"end":{"line":236,"column":60}},"loc":{"start":{"line":236,"column":64},"end":{"line":236,"column":70}},"line":236},"34":{"name":"(anonymous_34)","decl":{"start":{"line":248,"column":4},"end":{"line":248,"column":5}},"loc":{"start":{"line":248,"column":31},"end":{"line":268,"column":5}},"line":248},"35":{"name":"(anonymous_35)","decl":{"start":{"line":252,"column":48},"end":{"line":252,"column":49}},"loc":{"start":{"line":252,"column":53},"end":{"line":252,"column":70}},"line":252},"36":{"name":"(anonymous_36)","decl":{"start":{"line":270,"column":4},"end":{"line":270,"column":5}},"loc":{"start":{"line":270,"column":35},"end":{"line":290,"column":5}},"line":270},"37":{"name":"(anonymous_37)","decl":{"start":{"line":274,"column":48},"end":{"line":274,"column":49}},"loc":{"start":{"line":274,"column":53},"end":{"line":274,"column":70}},"line":274},"38":{"name":"(anonymous_38)","decl":{"start":{"line":292,"column":4},"end":{"line":292,"column":5}},"loc":{"start":{"line":292,"column":26},"end":{"line":326,"column":5}},"line":292},"39":{"name":"(anonymous_39)","decl":{"start":{"line":315,"column":47},"end":{"line":315,"column":48}},"loc":{"start":{"line":315,"column":57},"end":{"line":319,"column":9}},"line":315},"40":{"name":"(anonymous_40)","decl":{"start":{"line":328,"column":4},"end":{"line":328,"column":5}},"loc":{"start":{"line":328,"column":27},"end":{"line":341,"column":5}},"line":328},"41":{"name":"(anonymous_41)","decl":{"start":{"line":343,"column":4},"end":{"line":343,"column":5}},"loc":{"start":{"line":343,"column":25},"end":{"line":420,"column":5}},"line":343},"42":{"name":"(anonymous_42)","decl":{"start":{"line":422,"column":4},"end":{"line":422,"column":5}},"loc":{"start":{"line":422,"column":30},"end":{"line":426,"column":5}},"line":422},"43":{"name":"(anonymous_43)","decl":{"start":{"line":428,"column":4},"end":{"line":428,"column":5}},"loc":{"start":{"line":428,"column":29},"end":{"line":434,"column":5}},"line":428},"44":{"name":"(anonymous_44)","decl":{"start":{"line":436,"column":4},"end":{"line":436,"column":5}},"loc":{"start":{"line":436,"column":34},"end":{"line":453,"column":5}},"line":436},"45":{"name":"(anonymous_45)","decl":{"start":{"line":438,"column":46},"end":{"line":438,"column":47}},"loc":{"start":{"line":438,"column":51},"end":{"line":438,"column":57}},"line":438},"46":{"name":"(anonymous_46)","decl":{"start":{"line":439,"column":39},"end":{"line":439,"column":40}},"loc":{"start":{"line":439,"column":45},"end":{"line":442,"column":9}},"line":439},"47":{"name":"(anonymous_47)","decl":{"start":{"line":443,"column":41},"end":{"line":443,"column":42}},"loc":{"start":{"line":443,"column":51},"end":{"line":443,"column":77}},"line":443},"48":{"name":"(anonymous_48)","decl":{"start":{"line":455,"column":4},"end":{"line":455,"column":5}},"loc":{"start":{"line":455,"column":25},"end":{"line":473,"column":5}},"line":455},"49":{"name":"(anonymous_49)","decl":{"start":{"line":457,"column":79},"end":{"line":457,"column":80}},"loc":{"start":{"line":457,"column":90},"end":{"line":457,"column":103}},"line":457},"50":{"name":"(anonymous_50)","decl":{"start":{"line":458,"column":91},"end":{"line":458,"column":92}},"loc":{"start":{"line":458,"column":102},"end":{"line":458,"column":115}},"line":458},"51":{"name":"(anonymous_51)","decl":{"start":{"line":476,"column":4},"end":{"line":476,"column":5}},"loc":{"start":{"line":476,"column":53},"end":{"line":490,"column":5}},"line":476},"52":{"name":"(anonymous_52)","decl":{"start":{"line":492,"column":4},"end":{"line":492,"column":5}},"loc":{"start":{"line":492,"column":26},"end":{"line":522,"column":5}},"line":492},"53":{"name":"(anonymous_53)","decl":{"start":{"line":524,"column":4},"end":{"line":524,"column":5}},"loc":{"start":{"line":524,"column":31},"end":{"line":531,"column":5}},"line":524},"54":{"name":"(anonymous_54)","decl":{"start":{"line":533,"column":4},"end":{"line":533,"column":5}},"loc":{"start":{"line":533,"column":21},"end":{"line":538,"column":5}},"line":533},"55":{"name":"(anonymous_55)","decl":{"start":{"line":535,"column":64},"end":{"line":535,"column":65}},"loc":{"start":{"line":535,"column":69},"end":{"line":535,"column":78}},"line":535},"56":{"name":"(anonymous_56)","decl":{"start":{"line":540,"column":4},"end":{"line":540,"column":5}},"loc":{"start":{"line":540,"column":21},"end":{"line":544,"column":5}},"line":540},"57":{"name":"(anonymous_57)","decl":{"start":{"line":546,"column":4},"end":{"line":546,"column":5}},"loc":{"start":{"line":546,"column":25},"end":{"line":550,"column":5}},"line":546},"58":{"name":"(anonymous_58)","decl":{"start":{"line":552,"column":4},"end":{"line":552,"column":5}},"loc":{"start":{"line":552,"column":33},"end":{"line":555,"column":5}},"line":552},"59":{"name":"(anonymous_59)","decl":{"start":{"line":557,"column":4},"end":{"line":557,"column":5}},"loc":{"start":{"line":557,"column":38},"end":{"line":569,"column":5}},"line":557},"60":{"name":"(anonymous_60)","decl":{"start":{"line":571,"column":4},"end":{"line":571,"column":5}},"loc":{"start":{"line":571,"column":37},"end":{"line":575,"column":5}},"line":571},"61":{"name":"(anonymous_61)","decl":{"start":{"line":577,"column":4},"end":{"line":577,"column":5}},"loc":{"start":{"line":577,"column":34},"end":{"line":581,"column":5}},"line":577},"62":{"name":"(anonymous_62)","decl":{"start":{"line":584,"column":4},"end":{"line":584,"column":5}},"loc":{"start":{"line":584,"column":33},"end":{"line":587,"column":5}},"line":584},"63":{"name":"(anonymous_63)","decl":{"start":{"line":590,"column":4},"end":{"line":590,"column":5}},"loc":{"start":{"line":590,"column":23},"end":{"line":597,"column":5}},"line":590},"64":{"name":"(anonymous_64)","decl":{"start":{"line":599,"column":4},"end":{"line":599,"column":5}},"loc":{"start":{"line":599,"column":28},"end":{"line":605,"column":5}},"line":599},"65":{"name":"(anonymous_65)","decl":{"start":{"line":608,"column":4},"end":{"line":608,"column":5}},"loc":{"start":{"line":608,"column":18},"end":{"line":611,"column":5}},"line":608},"66":{"name":"(anonymous_66)","decl":{"start":{"line":613,"column":4},"end":{"line":613,"column":5}},"loc":{"start":{"line":613,"column":23},"end":{"line":620,"column":5}},"line":613},"67":{"name":"(anonymous_67)","decl":{"start":{"line":623,"column":4},"end":{"line":623,"column":5}},"loc":{"start":{"line":623,"column":18},"end":{"line":626,"column":5}},"line":623},"68":{"name":"(anonymous_68)","decl":{"start":{"line":628,"column":4},"end":{"line":628,"column":5}},"loc":{"start":{"line":628,"column":23},"end":{"line":635,"column":5}},"line":628},"69":{"name":"(anonymous_69)","decl":{"start":{"line":638,"column":4},"end":{"line":638,"column":5}},"loc":{"start":{"line":638,"column":22},"end":{"line":641,"column":5}},"line":638},"70":{"name":"(anonymous_70)","decl":{"start":{"line":643,"column":4},"end":{"line":643,"column":5}},"loc":{"start":{"line":643,"column":27},"end":{"line":650,"column":5}},"line":643},"71":{"name":"(anonymous_71)","decl":{"start":{"line":653,"column":4},"end":{"line":653,"column":5}},"loc":{"start":{"line":653,"column":22},"end":{"line":656,"column":5}},"line":653},"72":{"name":"(anonymous_72)","decl":{"start":{"line":658,"column":4},"end":{"line":658,"column":5}},"loc":{"start":{"line":658,"column":27},"end":{"line":662,"column":5}},"line":658},"73":{"name":"(anonymous_73)","decl":{"start":{"line":665,"column":4},"end":{"line":665,"column":5}},"loc":{"start":{"line":665,"column":29},"end":{"line":669,"column":5}},"line":665}},"branchMap":{"0":{"loc":{"start":{"line":8,"column":16},"end":{"line":8,"column":36}},"type":"default-arg","locations":[{"start":{"line":8,"column":34},"end":{"line":8,"column":36}}],"line":8},"1":{"loc":{"start":{"line":9,"column":18},"end":{"line":9,"column":39}},"type":"binary-expr","locations":[{"start":{"line":9,"column":18},"end":{"line":9,"column":20}},{"start":{"line":9,"column":24},"end":{"line":9,"column":39}}],"line":9},"2":{"loc":{"start":{"line":10,"column":23},"end":{"line":10,"column":83}},"type":"binary-expr","locations":[{"start":{"line":10,"column":23},"end":{"line":10,"column":30}},{"start":{"line":10,"column":34},"end":{"line":10,"column":83}}],"line":10},"3":{"loc":{"start":{"line":18,"column":8},"end":{"line":20,"column":9}},"type":"if","locations":[{"start":{"line":18,"column":8},"end":{"line":20,"column":9}},{"start":{},"end":{}}],"line":18},"4":{"loc":{"start":{"line":22,"column":8},"end":{"line":28,"column":9}},"type":"if","locations":[{"start":{"line":22,"column":8},"end":{"line":28,"column":9}},{"start":{},"end":{}}],"line":22},"5":{"loc":{"start":{"line":30,"column":32},"end":{"line":31,"column":61}},"type":"binary-expr","locations":[{"start":{"line":30,"column":32},"end":{"line":30,"column":78}},{"start":{"line":31,"column":15},"end":{"line":31,"column":61}}],"line":30},"6":{"loc":{"start":{"line":38,"column":21},"end":{"line":38,"column":55}},"type":"binary-expr","locations":[{"start":{"line":38,"column":21},"end":{"line":38,"column":49}},{"start":{"line":38,"column":53},"end":{"line":38,"column":55}}],"line":38},"7":{"loc":{"start":{"line":44,"column":21},"end":{"line":44,"column":55}},"type":"binary-expr","locations":[{"start":{"line":44,"column":21},"end":{"line":44,"column":49}},{"start":{"line":44,"column":53},"end":{"line":44,"column":55}}],"line":44},"8":{"loc":{"start":{"line":50,"column":21},"end":{"line":50,"column":55}},"type":"binary-expr","locations":[{"start":{"line":50,"column":21},"end":{"line":50,"column":49}},{"start":{"line":50,"column":53},"end":{"line":50,"column":55}}],"line":50},"9":{"loc":{"start":{"line":51,"column":15},"end":{"line":51,"column":33}},"type":"binary-expr","locations":[{"start":{"line":51,"column":15},"end":{"line":51,"column":27}},{"start":{"line":51,"column":31},"end":{"line":51,"column":33}}],"line":51},"10":{"loc":{"start":{"line":59,"column":15},"end":{"line":59,"column":29}},"type":"default-arg","locations":[{"start":{"line":59,"column":21},"end":{"line":59,"column":29}}],"line":59},"11":{"loc":{"start":{"line":60,"column":8},"end":{"line":60,"column":61}},"type":"if","locations":[{"start":{"line":60,"column":8},"end":{"line":60,"column":61}},{"start":{},"end":{}}],"line":60},"12":{"loc":{"start":{"line":62,"column":8},"end":{"line":62,"column":57}},"type":"if","locations":[{"start":{"line":62,"column":8},"end":{"line":62,"column":57}},{"start":{},"end":{}}],"line":62},"13":{"loc":{"start":{"line":64,"column":8},"end":{"line":64,"column":55}},"type":"if","locations":[{"start":{"line":64,"column":8},"end":{"line":64,"column":55}},{"start":{},"end":{}}],"line":64},"14":{"loc":{"start":{"line":65,"column":8},"end":{"line":65,"column":62}},"type":"if","locations":[{"start":{"line":65,"column":8},"end":{"line":65,"column":62}},{"start":{},"end":{}}],"line":65},"15":{"loc":{"start":{"line":68,"column":12},"end":{"line":68,"column":62}},"type":"if","locations":[{"start":{"line":68,"column":12},"end":{"line":68,"column":62}},{"start":{},"end":{}}],"line":68},"16":{"loc":{"start":{"line":79,"column":8},"end":{"line":81,"column":9}},"type":"if","locations":[{"start":{"line":79,"column":8},"end":{"line":81,"column":9}},{"start":{},"end":{}}],"line":79},"17":{"loc":{"start":{"line":79,"column":12},"end":{"line":79,"column":53}},"type":"binary-expr","locations":[{"start":{"line":79,"column":12},"end":{"line":79,"column":21}},{"start":{"line":79,"column":25},"end":{"line":79,"column":53}}],"line":79},"18":{"loc":{"start":{"line":91,"column":27},"end":{"line":91,"column":52}},"type":"binary-expr","locations":[{"start":{"line":91,"column":27},"end":{"line":91,"column":43}},{"start":{"line":91,"column":47},"end":{"line":91,"column":52}}],"line":91},"19":{"loc":{"start":{"line":117,"column":20},"end":{"line":117,"column":35}},"type":"default-arg","locations":[{"start":{"line":117,"column":31},"end":{"line":117,"column":35}}],"line":117},"20":{"loc":{"start":{"line":118,"column":8},"end":{"line":121,"column":9}},"type":"if","locations":[{"start":{"line":118,"column":8},"end":{"line":121,"column":9}},{"start":{},"end":{}}],"line":118},"21":{"loc":{"start":{"line":124,"column":23},"end":{"line":124,"column":89}},"type":"cond-expr","locations":[{"start":{"line":124,"column":34},"end":{"line":124,"column":82}},{"start":{"line":124,"column":85},"end":{"line":124,"column":89}}],"line":124},"22":{"loc":{"start":{"line":134,"column":8},"end":{"line":137,"column":9}},"type":"if","locations":[{"start":{"line":134,"column":8},"end":{"line":137,"column":9}},{"start":{},"end":{}}],"line":134},"23":{"loc":{"start":{"line":134,"column":12},"end":{"line":134,"column":70}},"type":"binary-expr","locations":[{"start":{"line":134,"column":12},"end":{"line":134,"column":31}},{"start":{"line":134,"column":35},"end":{"line":134,"column":70}}],"line":134},"24":{"loc":{"start":{"line":144,"column":20},"end":{"line":144,"column":52}},"type":"binary-expr","locations":[{"start":{"line":144,"column":20},"end":{"line":144,"column":46}},{"start":{"line":144,"column":50},"end":{"line":144,"column":52}}],"line":144},"25":{"loc":{"start":{"line":153,"column":34},"end":{"line":153,"column":117}},"type":"cond-expr","locations":[{"start":{"line":153,"column":46},"end":{"line":153,"column":110}},{"start":{"line":153,"column":113},"end":{"line":153,"column":117}}],"line":153},"26":{"loc":{"start":{"line":154,"column":26},"end":{"line":154,"column":76}},"type":"cond-expr","locations":[{"start":{"line":154,"column":46},"end":{"line":154,"column":68}},{"start":{"line":154,"column":71},"end":{"line":154,"column":76}}],"line":154},"27":{"loc":{"start":{"line":156,"column":8},"end":{"line":159,"column":9}},"type":"if","locations":[{"start":{"line":156,"column":8},"end":{"line":159,"column":9}},{"start":{},"end":{}}],"line":156},"28":{"loc":{"start":{"line":156,"column":12},"end":{"line":156,"column":59}},"type":"binary-expr","locations":[{"start":{"line":156,"column":12},"end":{"line":156,"column":27}},{"start":{"line":156,"column":31},"end":{"line":156,"column":41}},{"start":{"line":156,"column":45},"end":{"line":156,"column":59}}],"line":156},"29":{"loc":{"start":{"line":161,"column":8},"end":{"line":165,"column":9}},"type":"if","locations":[{"start":{"line":161,"column":8},"end":{"line":165,"column":9}},{"start":{"line":163,"column":15},"end":{"line":165,"column":9}}],"line":161},"30":{"loc":{"start":{"line":171,"column":8},"end":{"line":171,"column":55}},"type":"if","locations":[{"start":{"line":171,"column":8},"end":{"line":171,"column":55}},{"start":{},"end":{}}],"line":171},"31":{"loc":{"start":{"line":174,"column":29},"end":{"line":174,"column":111}},"type":"binary-expr","locations":[{"start":{"line":174,"column":29},"end":{"line":174,"column":58}},{"start":{"line":174,"column":62},"end":{"line":174,"column":111}}],"line":174},"32":{"loc":{"start":{"line":191,"column":8},"end":{"line":191,"column":55}},"type":"if","locations":[{"start":{"line":191,"column":8},"end":{"line":191,"column":55}},{"start":{},"end":{}}],"line":191},"33":{"loc":{"start":{"line":194,"column":29},"end":{"line":194,"column":111}},"type":"binary-expr","locations":[{"start":{"line":194,"column":29},"end":{"line":194,"column":58}},{"start":{"line":194,"column":62},"end":{"line":194,"column":111}}],"line":194},"34":{"loc":{"start":{"line":197,"column":8},"end":{"line":203,"column":9}},"type":"if","locations":[{"start":{"line":197,"column":8},"end":{"line":203,"column":9}},{"start":{},"end":{}}],"line":197},"35":{"loc":{"start":{"line":207,"column":8},"end":{"line":207,"column":55}},"type":"if","locations":[{"start":{"line":207,"column":8},"end":{"line":207,"column":55}},{"start":{},"end":{}}],"line":207},"36":{"loc":{"start":{"line":210,"column":8},"end":{"line":212,"column":9}},"type":"if","locations":[{"start":{"line":210,"column":8},"end":{"line":212,"column":9}},{"start":{},"end":{}}],"line":210},"37":{"loc":{"start":{"line":216,"column":29},"end":{"line":216,"column":111}},"type":"binary-expr","locations":[{"start":{"line":216,"column":29},"end":{"line":216,"column":58}},{"start":{"line":216,"column":62},"end":{"line":216,"column":111}}],"line":216},"38":{"loc":{"start":{"line":220,"column":8},"end":{"line":220,"column":73}},"type":"if","locations":[{"start":{"line":220,"column":8},"end":{"line":220,"column":73}},{"start":{},"end":{}}],"line":220},"39":{"loc":{"start":{"line":221,"column":8},"end":{"line":221,"column":81}},"type":"if","locations":[{"start":{"line":221,"column":8},"end":{"line":221,"column":81}},{"start":{},"end":{}}],"line":221},"40":{"loc":{"start":{"line":229,"column":8},"end":{"line":229,"column":55}},"type":"if","locations":[{"start":{"line":229,"column":8},"end":{"line":229,"column":55}},{"start":{},"end":{}}],"line":229},"41":{"loc":{"start":{"line":232,"column":29},"end":{"line":232,"column":111}},"type":"binary-expr","locations":[{"start":{"line":232,"column":29},"end":{"line":232,"column":58}},{"start":{"line":232,"column":62},"end":{"line":232,"column":111}}],"line":232},"42":{"loc":{"start":{"line":235,"column":8},"end":{"line":245,"column":9}},"type":"if","locations":[{"start":{"line":235,"column":8},"end":{"line":245,"column":9}},{"start":{},"end":{}}],"line":235},"43":{"loc":{"start":{"line":236,"column":12},"end":{"line":239,"column":13}},"type":"if","locations":[{"start":{"line":236,"column":12},"end":{"line":239,"column":13}},{"start":{},"end":{}}],"line":236},"44":{"loc":{"start":{"line":236,"column":16},"end":{"line":236,"column":84}},"type":"binary-expr","locations":[{"start":{"line":236,"column":16},"end":{"line":236,"column":28}},{"start":{"line":236,"column":32},"end":{"line":236,"column":84}}],"line":236},"45":{"loc":{"start":{"line":249,"column":8},"end":{"line":249,"column":55}},"type":"if","locations":[{"start":{"line":249,"column":8},"end":{"line":249,"column":55}},{"start":{},"end":{}}],"line":249},"46":{"loc":{"start":{"line":253,"column":8},"end":{"line":256,"column":9}},"type":"if","locations":[{"start":{"line":253,"column":8},"end":{"line":256,"column":9}},{"start":{},"end":{}}],"line":253},"47":{"loc":{"start":{"line":253,"column":12},"end":{"line":253,"column":34}},"type":"binary-expr","locations":[{"start":{"line":253,"column":12},"end":{"line":253,"column":18}},{"start":{"line":253,"column":22},"end":{"line":253,"column":34}}],"line":253},"48":{"loc":{"start":{"line":258,"column":8},"end":{"line":265,"column":9}},"type":"if","locations":[{"start":{"line":258,"column":8},"end":{"line":265,"column":9}},{"start":{"line":260,"column":15},"end":{"line":265,"column":9}}],"line":258},"49":{"loc":{"start":{"line":262,"column":12},"end":{"line":264,"column":13}},"type":"if","locations":[{"start":{"line":262,"column":12},"end":{"line":264,"column":13}},{"start":{},"end":{}}],"line":262},"50":{"loc":{"start":{"line":271,"column":8},"end":{"line":271,"column":55}},"type":"if","locations":[{"start":{"line":271,"column":8},"end":{"line":271,"column":55}},{"start":{},"end":{}}],"line":271},"51":{"loc":{"start":{"line":275,"column":8},"end":{"line":278,"column":9}},"type":"if","locations":[{"start":{"line":275,"column":8},"end":{"line":278,"column":9}},{"start":{},"end":{}}],"line":275},"52":{"loc":{"start":{"line":275,"column":12},"end":{"line":275,"column":34}},"type":"binary-expr","locations":[{"start":{"line":275,"column":12},"end":{"line":275,"column":18}},{"start":{"line":275,"column":22},"end":{"line":275,"column":34}}],"line":275},"53":{"loc":{"start":{"line":280,"column":8},"end":{"line":287,"column":9}},"type":"if","locations":[{"start":{"line":280,"column":8},"end":{"line":287,"column":9}},{"start":{"line":282,"column":15},"end":{"line":287,"column":9}}],"line":280},"54":{"loc":{"start":{"line":284,"column":12},"end":{"line":286,"column":13}},"type":"if","locations":[{"start":{"line":284,"column":12},"end":{"line":286,"column":13}},{"start":{},"end":{}}],"line":284},"55":{"loc":{"start":{"line":293,"column":8},"end":{"line":293,"column":55}},"type":"if","locations":[{"start":{"line":293,"column":8},"end":{"line":293,"column":55}},{"start":{},"end":{}}],"line":293},"56":{"loc":{"start":{"line":295,"column":8},"end":{"line":295,"column":55}},"type":"if","locations":[{"start":{"line":295,"column":8},"end":{"line":295,"column":55}},{"start":{},"end":{}}],"line":295},"57":{"loc":{"start":{"line":296,"column":8},"end":{"line":296,"column":41}},"type":"if","locations":[{"start":{"line":296,"column":8},"end":{"line":296,"column":41}},{"start":{},"end":{}}],"line":296},"58":{"loc":{"start":{"line":297,"column":8},"end":{"line":297,"column":52}},"type":"if","locations":[{"start":{"line":297,"column":8},"end":{"line":297,"column":52}},{"start":{},"end":{}}],"line":297},"59":{"loc":{"start":{"line":298,"column":8},"end":{"line":303,"column":9}},"type":"if","locations":[{"start":{"line":298,"column":8},"end":{"line":303,"column":9}},{"start":{},"end":{}}],"line":298},"60":{"loc":{"start":{"line":305,"column":24},"end":{"line":305,"column":49}},"type":"binary-expr","locations":[{"start":{"line":305,"column":24},"end":{"line":305,"column":43}},{"start":{"line":305,"column":47},"end":{"line":305,"column":49}}],"line":305},"61":{"loc":{"start":{"line":311,"column":22},"end":{"line":311,"column":60}},"type":"binary-expr","locations":[{"start":{"line":311,"column":22},"end":{"line":311,"column":51}},{"start":{"line":311,"column":55},"end":{"line":311,"column":60}}],"line":311},"62":{"loc":{"start":{"line":312,"column":18},"end":{"line":312,"column":54}},"type":"binary-expr","locations":[{"start":{"line":312,"column":18},"end":{"line":312,"column":45}},{"start":{"line":312,"column":49},"end":{"line":312,"column":54}}],"line":312},"63":{"loc":{"start":{"line":316,"column":34},"end":{"line":316,"column":100}},"type":"binary-expr","locations":[{"start":{"line":316,"column":34},"end":{"line":316,"column":60}},{"start":{"line":316,"column":64},"end":{"line":316,"column":100}}],"line":316},"64":{"loc":{"start":{"line":317,"column":30},"end":{"line":317,"column":58}},"type":"binary-expr","locations":[{"start":{"line":317,"column":30},"end":{"line":317,"column":43}},{"start":{"line":317,"column":47},"end":{"line":317,"column":58}}],"line":317},"65":{"loc":{"start":{"line":318,"column":19},"end":{"line":318,"column":45}},"type":"binary-expr","locations":[{"start":{"line":318,"column":19},"end":{"line":318,"column":32}},{"start":{"line":318,"column":36},"end":{"line":318,"column":45}}],"line":318},"66":{"loc":{"start":{"line":324,"column":8},"end":{"line":324,"column":167}},"type":"if","locations":[{"start":{"line":324,"column":8},"end":{"line":324,"column":167}},{"start":{},"end":{}}],"line":324},"67":{"loc":{"start":{"line":348,"column":8},"end":{"line":371,"column":9}},"type":"if","locations":[{"start":{"line":348,"column":8},"end":{"line":371,"column":9}},{"start":{"line":355,"column":15},"end":{"line":371,"column":9}}],"line":348},"68":{"loc":{"start":{"line":357,"column":12},"end":{"line":361,"column":13}},"type":"if","locations":[{"start":{"line":357,"column":12},"end":{"line":361,"column":13}},{"start":{},"end":{}}],"line":357},"69":{"loc":{"start":{"line":364,"column":23},"end":{"line":364,"column":82}},"type":"cond-expr","locations":[{"start":{"line":364,"column":53},"end":{"line":364,"column":72}},{"start":{"line":364,"column":75},"end":{"line":364,"column":82}}],"line":364},"70":{"loc":{"start":{"line":373,"column":8},"end":{"line":377,"column":9}},"type":"if","locations":[{"start":{"line":373,"column":8},"end":{"line":377,"column":9}},{"start":{},"end":{}}],"line":373},"71":{"loc":{"start":{"line":373,"column":12},"end":{"line":373,"column":45}},"type":"binary-expr","locations":[{"start":{"line":373,"column":12},"end":{"line":373,"column":17}},{"start":{"line":373,"column":21},"end":{"line":373,"column":45}}],"line":373},"72":{"loc":{"start":{"line":380,"column":25},"end":{"line":380,"column":105}},"type":"binary-expr","locations":[{"start":{"line":380,"column":25},"end":{"line":380,"column":36}},{"start":{"line":380,"column":41},"end":{"line":380,"column":68}},{"start":{"line":380,"column":72},"end":{"line":380,"column":104}}],"line":380},"73":{"loc":{"start":{"line":381,"column":8},"end":{"line":398,"column":9}},"type":"if","locations":[{"start":{"line":381,"column":8},"end":{"line":398,"column":9}},{"start":{},"end":{}}],"line":381},"74":{"loc":{"start":{"line":382,"column":31},"end":{"line":382,"column":53}},"type":"binary-expr","locations":[{"start":{"line":382,"column":31},"end":{"line":382,"column":48}},{"start":{"line":382,"column":52},"end":{"line":382,"column":53}}],"line":382},"75":{"loc":{"start":{"line":388,"column":33},"end":{"line":388,"column":80}},"type":"cond-expr","locations":[{"start":{"line":388,"column":63},"end":{"line":388,"column":75}},{"start":{"line":388,"column":78},"end":{"line":388,"column":80}}],"line":388},"76":{"loc":{"start":{"line":389,"column":33},"end":{"line":389,"column":53}},"type":"binary-expr","locations":[{"start":{"line":389,"column":33},"end":{"line":389,"column":45}},{"start":{"line":389,"column":49},"end":{"line":389,"column":53}}],"line":389},"77":{"loc":{"start":{"line":390,"column":37},"end":{"line":390,"column":61}},"type":"binary-expr","locations":[{"start":{"line":390,"column":37},"end":{"line":390,"column":53}},{"start":{"line":390,"column":57},"end":{"line":390,"column":61}}],"line":390},"78":{"loc":{"start":{"line":400,"column":8},"end":{"line":417,"column":9}},"type":"if","locations":[{"start":{"line":400,"column":8},"end":{"line":417,"column":9}},{"start":{},"end":{}}],"line":400},"79":{"loc":{"start":{"line":400,"column":12},"end":{"line":400,"column":30}},"type":"binary-expr","locations":[{"start":{"line":400,"column":12},"end":{"line":400,"column":16}},{"start":{"line":400,"column":20},"end":{"line":400,"column":30}}],"line":400},"80":{"loc":{"start":{"line":405,"column":16},"end":{"line":408,"column":17}},"type":"if","locations":[{"start":{"line":405,"column":16},"end":{"line":408,"column":17}},{"start":{},"end":{}}],"line":405},"81":{"loc":{"start":{"line":405,"column":20},"end":{"line":405,"column":138}},"type":"binary-expr","locations":[{"start":{"line":405,"column":20},"end":{"line":405,"column":27}},{"start":{"line":405,"column":32},"end":{"line":405,"column":67}},{"start":{"line":405,"column":71},"end":{"line":405,"column":89}},{"start":{"line":405,"column":93},"end":{"line":405,"column":137}}],"line":405},"82":{"loc":{"start":{"line":410,"column":12},"end":{"line":413,"column":13}},"type":"if","locations":[{"start":{"line":410,"column":12},"end":{"line":413,"column":13}},{"start":{},"end":{}}],"line":410},"83":{"loc":{"start":{"line":414,"column":12},"end":{"line":416,"column":13}},"type":"if","locations":[{"start":{"line":414,"column":12},"end":{"line":416,"column":13}},{"start":{},"end":{}}],"line":414},"84":{"loc":{"start":{"line":423,"column":23},"end":{"line":423,"column":44}},"type":"binary-expr","locations":[{"start":{"line":423,"column":23},"end":{"line":423,"column":35}},{"start":{"line":423,"column":39},"end":{"line":423,"column":44}}],"line":423},"85":{"loc":{"start":{"line":430,"column":8},"end":{"line":432,"column":9}},"type":"if","locations":[{"start":{"line":430,"column":8},"end":{"line":432,"column":9}},{"start":{},"end":{}}],"line":430},"86":{"loc":{"start":{"line":438,"column":24},"end":{"line":438,"column":37}},"type":"binary-expr","locations":[{"start":{"line":438,"column":24},"end":{"line":438,"column":31}},{"start":{"line":438,"column":35},"end":{"line":438,"column":37}}],"line":438},"87":{"loc":{"start":{"line":440,"column":21},"end":{"line":440,"column":38}},"type":"binary-expr","locations":[{"start":{"line":440,"column":21},"end":{"line":440,"column":30}},{"start":{"line":440,"column":34},"end":{"line":440,"column":38}}],"line":440},"88":{"loc":{"start":{"line":443,"column":56},"end":{"line":443,"column":76}},"type":"binary-expr","locations":[{"start":{"line":443,"column":56},"end":{"line":443,"column":71}},{"start":{"line":443,"column":75},"end":{"line":443,"column":76}}],"line":443},"89":{"loc":{"start":{"line":456,"column":51},"end":{"line":456,"column":61}},"type":"binary-expr","locations":[{"start":{"line":456,"column":51},"end":{"line":456,"column":55}},{"start":{"line":456,"column":59},"end":{"line":456,"column":61}}],"line":456},"90":{"loc":{"start":{"line":457,"column":24},"end":{"line":457,"column":110}},"type":"cond-expr","locations":[{"start":{"line":457,"column":58},"end":{"line":457,"column":105}},{"start":{"line":457,"column":108},"end":{"line":457,"column":110}}],"line":457},"91":{"loc":{"start":{"line":458,"column":28},"end":{"line":458,"column":122}},"type":"cond-expr","locations":[{"start":{"line":458,"column":66},"end":{"line":458,"column":117}},{"start":{"line":458,"column":120},"end":{"line":458,"column":122}}],"line":458},"92":{"loc":{"start":{"line":459,"column":26},"end":{"line":461,"column":86}},"type":"cond-expr","locations":[{"start":{"line":460,"column":14},"end":{"line":460,"column":39}},{"start":{"line":461,"column":14},"end":{"line":461,"column":86}}],"line":459},"93":{"loc":{"start":{"line":459,"column":26},"end":{"line":459,"column":86}},"type":"binary-expr","locations":[{"start":{"line":459,"column":26},"end":{"line":459,"column":44}},{"start":{"line":459,"column":48},"end":{"line":459,"column":86}}],"line":459},"94":{"loc":{"start":{"line":465,"column":21},"end":{"line":465,"column":45}},"type":"binary-expr","locations":[{"start":{"line":465,"column":21},"end":{"line":465,"column":37}},{"start":{"line":465,"column":41},"end":{"line":465,"column":45}}],"line":465},"95":{"loc":{"start":{"line":466,"column":25},"end":{"line":466,"column":53}},"type":"binary-expr","locations":[{"start":{"line":466,"column":25},"end":{"line":466,"column":45}},{"start":{"line":466,"column":49},"end":{"line":466,"column":53}}],"line":466},"96":{"loc":{"start":{"line":470,"column":27},"end":{"line":470,"column":98}},"type":"cond-expr","locations":[{"start":{"line":470,"column":72},"end":{"line":470,"column":94}},{"start":{"line":470,"column":97},"end":{"line":470,"column":98}}],"line":470},"97":{"loc":{"start":{"line":471,"column":19},"end":{"line":471,"column":78}},"type":"cond-expr","locations":[{"start":{"line":471,"column":59},"end":{"line":471,"column":73}},{"start":{"line":471,"column":76},"end":{"line":471,"column":78}}],"line":471},"98":{"loc":{"start":{"line":479,"column":8},"end":{"line":479,"column":34}},"type":"if","locations":[{"start":{"line":479,"column":8},"end":{"line":479,"column":34}},{"start":{},"end":{}}],"line":479},"99":{"loc":{"start":{"line":482,"column":84},"end":{"line":482,"column":110}},"type":"binary-expr","locations":[{"start":{"line":482,"column":84},"end":{"line":482,"column":104}},{"start":{"line":482,"column":108},"end":{"line":482,"column":110}}],"line":482},"100":{"loc":{"start":{"line":496,"column":35},"end":{"line":496,"column":117}},"type":"binary-expr","locations":[{"start":{"line":496,"column":35},"end":{"line":496,"column":64}},{"start":{"line":496,"column":68},"end":{"line":496,"column":117}}],"line":496},"101":{"loc":{"start":{"line":499,"column":8},"end":{"line":509,"column":9}},"type":"if","locations":[{"start":{"line":499,"column":8},"end":{"line":509,"column":9}},{"start":{},"end":{}}],"line":499},"102":{"loc":{"start":{"line":506,"column":12},"end":{"line":508,"column":13}},"type":"if","locations":[{"start":{"line":506,"column":12},"end":{"line":508,"column":13}},{"start":{},"end":{}}],"line":506},"103":{"loc":{"start":{"line":526,"column":8},"end":{"line":526,"column":44}},"type":"if","locations":[{"start":{"line":526,"column":8},"end":{"line":526,"column":44}},{"start":{},"end":{}}],"line":526},"104":{"loc":{"start":{"line":548,"column":8},"end":{"line":548,"column":43}},"type":"if","locations":[{"start":{"line":548,"column":8},"end":{"line":548,"column":43}},{"start":{},"end":{}}],"line":548},"105":{"loc":{"start":{"line":548,"column":12},"end":{"line":548,"column":32}},"type":"binary-expr","locations":[{"start":{"line":548,"column":12},"end":{"line":548,"column":17}},{"start":{"line":548,"column":21},"end":{"line":548,"column":32}}],"line":548},"106":{"loc":{"start":{"line":549,"column":15},"end":{"line":549,"column":50}},"type":"binary-expr","locations":[{"start":{"line":549,"column":15},"end":{"line":549,"column":45}},{"start":{"line":549,"column":49},"end":{"line":549,"column":50}}],"line":549},"107":{"loc":{"start":{"line":554,"column":15},"end":{"line":554,"column":36}},"type":"binary-expr","locations":[{"start":{"line":554,"column":15},"end":{"line":554,"column":31}},{"start":{"line":554,"column":35},"end":{"line":554,"column":36}}],"line":554},"108":{"loc":{"start":{"line":559,"column":26},"end":{"line":559,"column":56}},"type":"binary-expr","locations":[{"start":{"line":559,"column":26},"end":{"line":559,"column":36}},{"start":{"line":559,"column":40},"end":{"line":559,"column":56}}],"line":559},"109":{"loc":{"start":{"line":560,"column":19},"end":{"line":560,"column":39}},"type":"binary-expr","locations":[{"start":{"line":560,"column":19},"end":{"line":560,"column":33}},{"start":{"line":560,"column":37},"end":{"line":560,"column":39}}],"line":560},"110":{"loc":{"start":{"line":562,"column":21},"end":{"line":562,"column":37}},"type":"binary-expr","locations":[{"start":{"line":562,"column":21},"end":{"line":562,"column":31}},{"start":{"line":562,"column":35},"end":{"line":562,"column":37}}],"line":562},"111":{"loc":{"start":{"line":563,"column":21},"end":{"line":563,"column":39}},"type":"binary-expr","locations":[{"start":{"line":563,"column":21},"end":{"line":563,"column":31}},{"start":{"line":563,"column":35},"end":{"line":563,"column":39}}],"line":563},"112":{"loc":{"start":{"line":564,"column":25},"end":{"line":564,"column":47}},"type":"binary-expr","locations":[{"start":{"line":564,"column":25},"end":{"line":564,"column":39}},{"start":{"line":564,"column":43},"end":{"line":564,"column":47}}],"line":564},"113":{"loc":{"start":{"line":565,"column":24},"end":{"line":565,"column":46}},"type":"binary-expr","locations":[{"start":{"line":565,"column":24},"end":{"line":565,"column":37}},{"start":{"line":565,"column":41},"end":{"line":565,"column":46}}],"line":565},"114":{"loc":{"start":{"line":566,"column":25},"end":{"line":566,"column":45}},"type":"binary-expr","locations":[{"start":{"line":566,"column":25},"end":{"line":566,"column":39}},{"start":{"line":566,"column":43},"end":{"line":566,"column":45}}],"line":566},"115":{"loc":{"start":{"line":567,"column":23},"end":{"line":567,"column":72}},"type":"binary-expr","locations":[{"start":{"line":567,"column":23},"end":{"line":567,"column":35}},{"start":{"line":567,"column":39},"end":{"line":567,"column":72}}],"line":567},"116":{"loc":{"start":{"line":573,"column":21},"end":{"line":573,"column":49}},"type":"binary-expr","locations":[{"start":{"line":573,"column":21},"end":{"line":573,"column":43}},{"start":{"line":573,"column":47},"end":{"line":573,"column":49}}],"line":573},"117":{"loc":{"start":{"line":579,"column":21},"end":{"line":579,"column":55}},"type":"binary-expr","locations":[{"start":{"line":579,"column":21},"end":{"line":579,"column":49}},{"start":{"line":579,"column":53},"end":{"line":579,"column":55}}],"line":579},"118":{"loc":{"start":{"line":593,"column":19},"end":{"line":593,"column":147}},"type":"cond-expr","locations":[{"start":{"line":593,"column":26},"end":{"line":593,"column":42}},{"start":{"line":593,"column":45},"end":{"line":593,"column":147}}],"line":593},"119":{"loc":{"start":{"line":610,"column":15},"end":{"line":610,"column":61}},"type":"binary-expr","locations":[{"start":{"line":610,"column":15},"end":{"line":610,"column":55}},{"start":{"line":610,"column":59},"end":{"line":610,"column":61}}],"line":610},"120":{"loc":{"start":{"line":615,"column":8},"end":{"line":617,"column":9}},"type":"if","locations":[{"start":{"line":615,"column":8},"end":{"line":617,"column":9}},{"start":{},"end":{}}],"line":615},"121":{"loc":{"start":{"line":625,"column":15},"end":{"line":625,"column":63}},"type":"binary-expr","locations":[{"start":{"line":625,"column":15},"end":{"line":625,"column":55}},{"start":{"line":625,"column":59},"end":{"line":625,"column":63}}],"line":625},"122":{"loc":{"start":{"line":630,"column":8},"end":{"line":632,"column":9}},"type":"if","locations":[{"start":{"line":630,"column":8},"end":{"line":632,"column":9}},{"start":{},"end":{}}],"line":630},"123":{"loc":{"start":{"line":640,"column":15},"end":{"line":640,"column":67}},"type":"binary-expr","locations":[{"start":{"line":640,"column":15},"end":{"line":640,"column":59}},{"start":{"line":640,"column":63},"end":{"line":640,"column":67}}],"line":640},"124":{"loc":{"start":{"line":645,"column":8},"end":{"line":647,"column":9}},"type":"if","locations":[{"start":{"line":645,"column":8},"end":{"line":647,"column":9}},{"start":{},"end":{}}],"line":645},"125":{"loc":{"start":{"line":655,"column":15},"end":{"line":655,"column":37}},"type":"binary-expr","locations":[{"start":{"line":655,"column":15},"end":{"line":655,"column":32}},{"start":{"line":655,"column":36},"end":{"line":655,"column":37}}],"line":655},"126":{"loc":{"start":{"line":667,"column":21},"end":{"line":667,"column":58}},"type":"binary-expr","locations":[{"start":{"line":667,"column":21},"end":{"line":667,"column":52}},{"start":{"line":667,"column":56},"end":{"line":667,"column":58}}],"line":667},"127":{"loc":{"start":{"line":673,"column":0},"end":{"line":675,"column":1}},"type":"if","locations":[{"start":{"line":673,"column":0},"end":{"line":675,"column":1}},{"start":{},"end":{}}],"line":673},"128":{"loc":{"start":{"line":673,"column":4},"end":{"line":673,"column":51}},"type":"binary-expr","locations":[{"start":{"line":673,"column":4},"end":{"line":673,"column":33}},{"start":{"line":673,"column":37},"end":{"line":673,"column":51}}],"line":673}},"s":{"0":45,"1":63,"2":63,"3":63,"4":63,"5":63,"6":63,"7":0,"8":63,"9":0,"10":0,"11":0,"12":63,"13":63,"14":9,"15":9,"16":9,"17":2,"18":2,"19":2,"20":12,"21":12,"22":12,"23":1,"24":1,"25":3,"26":2,"27":56,"28":0,"29":56,"30":56,"31":0,"32":56,"33":56,"34":0,"35":56,"36":0,"37":56,"38":56,"39":56,"40":0,"41":0,"42":0,"43":0,"44":0,"45":0,"46":0,"47":0,"48":0,"49":0,"50":0,"51":0,"52":56,"53":0,"54":7,"55":2,"56":10,"57":0,"58":1,"59":1,"60":0,"61":0,"62":5,"63":0,"64":0,"65":5,"66":5,"67":5,"68":1,"69":5,"70":4,"71":4,"72":4,"73":1,"74":1,"75":3,"76":3,"77":3,"78":3,"79":1,"80":3,"81":3,"82":1,"83":3,"84":3,"85":0,"86":0,"87":3,"88":1,"89":2,"90":3,"91":10,"92":1,"93":9,"94":9,"95":9,"96":9,"97":9,"98":9,"99":9,"100":9,"101":9,"102":9,"103":3,"104":1,"105":2,"106":2,"107":2,"108":2,"109":2,"110":2,"111":2,"112":2,"113":2,"114":2,"115":2,"116":2,"117":1,"118":0,"119":1,"120":0,"121":1,"122":1,"123":1,"124":1,"125":1,"126":1,"127":1,"128":0,"129":1,"130":0,"131":1,"132":1,"133":1,"134":1,"135":0,"136":0,"137":0,"138":0,"139":0,"140":0,"141":0,"142":0,"143":0,"144":0,"145":0,"146":0,"147":0,"148":0,"149":0,"150":0,"151":0,"152":0,"153":5,"154":0,"155":5,"156":5,"157":5,"158":6,"159":5,"160":0,"161":0,"162":5,"163":0,"164":5,"165":5,"166":0,"167":5,"168":5,"169":3,"170":0,"171":3,"172":3,"173":3,"174":5,"175":3,"176":0,"177":0,"178":3,"179":0,"180":3,"181":3,"182":1,"183":3,"184":3,"185":128,"186":0,"187":128,"188":128,"189":0,"190":128,"191":0,"192":128,"193":0,"194":128,"195":0,"196":0,"197":0,"198":128,"199":128,"200":128,"201":128,"202":128,"203":128,"204":128,"205":140,"206":140,"207":140,"208":128,"209":128,"210":128,"211":128,"212":0,"213":128,"214":1,"215":1,"216":1,"217":1,"218":1,"219":1,"220":1,"221":1,"222":1,"223":1,"224":1,"225":1,"226":319,"227":319,"228":125,"229":125,"230":0,"231":0,"232":194,"233":194,"234":1,"235":1,"236":1,"237":193,"238":193,"239":0,"240":0,"241":0,"242":0,"243":318,"244":30,"245":30,"246":30,"247":288,"248":288,"249":0,"250":0,"251":0,"252":0,"253":0,"254":288,"255":288,"256":288,"257":288,"258":461,"259":461,"260":26,"261":26,"262":288,"263":1,"264":1,"265":288,"266":26,"267":288,"268":65,"269":65,"270":65,"271":122,"272":122,"273":56,"274":66,"275":82,"276":122,"277":82,"278":102,"279":82,"280":102,"281":82,"282":160,"283":160,"284":220,"285":160,"286":177,"287":160,"288":160,"289":82,"290":82,"291":82,"292":0,"293":82,"294":82,"295":82,"296":82,"297":82,"298":82,"299":22,"300":22,"301":22,"302":22,"303":22,"304":22,"305":22,"306":22,"307":22,"308":22,"309":22,"310":22,"311":22,"312":22,"313":22,"314":22,"315":22,"316":22,"317":22,"318":23,"319":23,"320":0,"321":23,"322":23,"323":23,"324":7,"325":7,"326":18,"327":7,"328":7,"329":16,"330":16,"331":16,"332":3,"333":3,"334":0,"335":3,"336":27,"337":27,"338":7,"339":7,"340":7,"341":7,"342":4,"343":4,"344":4,"345":31,"346":31,"347":31,"348":0,"349":13,"350":13,"351":13,"352":0,"353":12,"354":12,"355":0,"356":1,"357":1,"358":4,"359":4,"360":0,"361":4,"362":4,"363":0,"364":0,"365":4,"366":4,"367":0,"368":4,"369":4,"370":0,"371":0,"372":4,"373":4,"374":0,"375":4,"376":4,"377":0,"378":0,"379":0,"380":0,"381":0,"382":0,"383":0,"384":0,"385":45,"386":45},"f":{"0":63,"1":63,"2":9,"3":2,"4":12,"5":1,"6":3,"7":2,"8":56,"9":0,"10":56,"11":0,"12":7,"13":2,"14":10,"15":0,"16":1,"17":1,"18":0,"19":0,"20":5,"21":1,"22":4,"23":4,"24":1,"25":1,"26":10,"27":3,"28":2,"29":1,"30":1,"31":0,"32":0,"33":0,"34":5,"35":6,"36":3,"37":5,"38":128,"39":140,"40":1,"41":319,"42":65,"43":122,"44":82,"45":122,"46":102,"47":102,"48":160,"49":220,"50":177,"51":82,"52":22,"53":23,"54":7,"55":18,"56":16,"57":3,"58":27,"59":7,"60":4,"61":31,"62":0,"63":13,"64":12,"65":1,"66":4,"67":0,"68":4,"69":0,"70":4,"71":0,"72":0,"73":0},"b":{"0":[9],"1":[63,9],"2":[63,9],"3":[0,63],"4":[0,63],"5":[63,39],"6":[9,0],"7":[2,0],"8":[12,0],"9":[12,0],"10":[2],"11":[0,56],"12":[0,56],"13":[0,56],"14":[0,56],"15":[0,56],"16":[0,0],"17":[0,0],"18":[0,0],"19":[4],"20":[0,5],"21":[1,4],"22":[1,3],"23":[4,4],"24":[3,1],"25":[1,2],"26":[1,2],"27":[0,3],"28":[3,1,1],"29":[1,2],"30":[1,9],"31":[9,0],"32":[1,2],"33":[2,0],"34":[2,0],"35":[0,1],"36":[0,1],"37":[1,0],"38":[0,1],"39":[0,1],"40":[0,0],"41":[0,0],"42":[0,0],"43":[0,0],"44":[0,0],"45":[0,5],"46":[0,5],"47":[5,5],"48":[0,5],"49":[0,5],"50":[0,3],"51":[0,3],"52":[3,3],"53":[0,3],"54":[1,2],"55":[0,128],"56":[0,128],"57":[0,128],"58":[0,128],"59":[0,128],"60":[128,0],"61":[128,9],"62":[128,127],"63":[140,3],"64":[140,3],"65":[140,139],"66":[0,128],"67":[125,194],"68":[1,193],"69":[193,0],"70":[30,288],"71":[318,288],"72":[288,0,0],"73":[0,288],"74":[0,0],"75":[0,0],"76":[0,0],"77":[0,0],"78":[288,0],"79":[288,288],"80":[26,435],"81":[461,461,459,453],"82":[1,287],"83":[26,262],"84":[65,0],"85":[56,66],"86":[82,0],"87":[102,102],"88":[102,25],"89":[160,0],"90":[160,0],"91":[158,2],"92":[152,8],"93":[160,152],"94":[160,49],"95":[160,126],"96":[134,26],"97":[121,39],"98":[0,82],"99":[82,0],"100":[22,0],"101":[22,0],"102":[22,0],"103":[0,23],"104":[0,3],"105":[3,3],"106":[3,0],"107":[27,0],"108":[7,0],"109":[7,0],"110":[7,0],"111":[7,2],"112":[7,4],"113":[7,5],"114":[7,0],"115":[7,0],"116":[4,0],"117":[31,0],"118":[9,4],"119":[1,0],"120":[0,4],"121":[0,0],"122":[0,4],"123":[0,0],"124":[0,4],"125":[0,0],"126":[0,0],"127":[45,0],"128":[45,45]},"_coverageSchema":"1a1c01bbd47fc00a2c39e90264f33305004495a9","hash":"6c29cf7a3a51eb6ea2309bd54f04cec59ab9f5f6"}
,"/Users/mismasilfver/Developer/Windsurf/FPL2025/js/app-init.js": {"path":"/Users/mismasilfver/Developer/Windsurf/FPL2025/js/app-init.js","statementMap":{"0":{"start":{"line":21,"column":6},"end":{"line":21,"column":13}},"1":{"start":{"line":24,"column":25},"end":{"line":28,"column":4}},"2":{"start":{"line":30,"column":2},"end":{"line":32,"column":3}},"3":{"start":{"line":31,"column":4},"end":{"line":31,"column":38}},"4":{"start":{"line":36,"column":2},"end":{"line":36,"column":29}},"5":{"start":{"line":39,"column":22},"end":{"line":41,"column":63}},"6":{"start":{"line":42,"column":2},"end":{"line":44,"column":3}},"7":{"start":{"line":43,"column":4},"end":{"line":43,"column":68}},"8":{"start":{"line":45,"column":14},"end":{"line":45,"column":58}},"9":{"start":{"line":48,"column":2},"end":{"line":50,"column":3}},"10":{"start":{"line":49,"column":4},"end":{"line":49,"column":28}},"11":{"start":{"line":51,"column":2},"end":{"line":53,"column":3}},"12":{"start":{"line":52,"column":4},"end":{"line":52,"column":28}},"13":{"start":{"line":56,"column":2},"end":{"line":56,"column":19}},"14":{"start":{"line":59,"column":2},"end":{"line":59,"column":23}},"15":{"start":{"line":62,"column":2},"end":{"line":62,"column":41}},"16":{"start":{"line":63,"column":2},"end":{"line":63,"column":48}},"17":{"start":{"line":64,"column":2},"end":{"line":64,"column":37}},"18":{"start":{"line":66,"column":2},"end":{"line":66,"column":13}},"19":{"start":{"line":74,"column":23},"end":{"line":74,"column":63}},"20":{"start":{"line":75,"column":22},"end":{"line":75,"column":60}},"21":{"start":{"line":77,"column":2},"end":{"line":116,"column":3}},"22":{"start":{"line":78,"column":4},"end":{"line":115,"column":7}},"23":{"start":{"line":79,"column":6},"end":{"line":82,"column":7}},"24":{"start":{"line":80,"column":8},"end":{"line":80,"column":80}},"25":{"start":{"line":81,"column":8},"end":{"line":81,"column":15}},"26":{"start":{"line":84,"column":6},"end":{"line":114,"column":7}},"27":{"start":{"line":85,"column":21},"end":{"line":85,"column":41}},"28":{"start":{"line":86,"column":29},"end":{"line":86,"column":55}},"29":{"start":{"line":89,"column":25},"end":{"line":89,"column":63}},"30":{"start":{"line":92,"column":35},"end":{"line":92,"column":138}},"31":{"start":{"line":95,"column":32},"end":{"line":97,"column":134}},"32":{"start":{"line":100,"column":8},"end":{"line":100,"column":61}},"33":{"start":{"line":101,"column":8},"end":{"line":101,"column":58}},"34":{"start":{"line":104,"column":8},"end":{"line":104,"column":87}},"35":{"start":{"line":107,"column":8},"end":{"line":107,"column":56}},"36":{"start":{"line":108,"column":8},"end":{"line":108,"column":48}},"37":{"start":{"line":110,"column":8},"end":{"line":110,"column":98}},"38":{"start":{"line":112,"column":8},"end":{"line":112,"column":47}},"39":{"start":{"line":113,"column":8},"end":{"line":113,"column":75}},"40":{"start":{"line":124,"column":22},"end":{"line":124,"column":64}},"41":{"start":{"line":125,"colu
[...]
[{"start":{"line":158,"column":8},"end":{"line":163,"column":9}},{"start":{},"end":{}}],"line":158},"25":{"loc":{"start":{"line":166,"column":12},"end":{"line":166,"column":58}},"type":"if","locations":[{"start":{"line":166,"column":12},"end":{"line":166,"column":58}},{"start":{},"end":{}}],"line":166},"26":{"loc":{"start":{"line":171,"column":8},"end":{"line":176,"column":9}},"type":"if","locations":[{"start":{"line":171,"column":8},"end":{"line":176,"column":9}},{"start":{},"end":{}}],"line":171},"27":{"loc":{"start":{"line":180,"column":8},"end":{"line":180,"column":58}},"type":"if","locations":[{"start":{"line":180,"column":8},"end":{"line":180,"column":58}},{"start":{},"end":{}}],"line":180},"28":{"loc":{"start":{"line":185,"column":8},"end":{"line":185,"column":37}},"type":"if","locations":[{"start":{"line":185,"column":8},"end":{"line":185,"column":37}},{"start":{},"end":{}}],"line":185},"29":{"loc":{"start":{"line":190,"column":34},"end":{"line":190,"column":53}},"type":"binary-expr","locations":[{"start":{"line":190,"column":34},"end":{"line":190,"column":47}},{"start":{"line":190,"column":51},"end":{"line":190,"column":53}}],"line":190},"30":{"loc":{"start":{"line":191,"column":34},"end":{"line":191,"column":54}},"type":"binary-expr","locations":[{"start":{"line":191,"column":34},"end":{"line":191,"column":45}},{"start":{"line":191,"column":49},"end":{"line":191,"column":54}}],"line":191},"31":{"loc":{"start":{"line":192,"column":33},"end":{"line":192,"column":51}},"type":"binary-expr","locations":[{"start":{"line":192,"column":33},"end":{"line":192,"column":45}},{"start":{"line":192,"column":49},"end":{"line":192,"column":51}}],"line":192},"32":{"loc":{"start":{"line":197,"column":8},"end":{"line":197,"column":59}},"type":"if","locations":[{"start":{"line":197,"column":8},"end":{"line":197,"column":59}},{"start":{},"end":{}}],"line":197},"33":{"loc":{"start":{"line":198,"column":8},"end":{"line":198,"column":60}},"type":"if","locations":[{"start":{"line":198,"column":8},"end":{"line":198,"column":60}},{"start":{},"end":{}}],"line":198},"34":{"loc":{"start":{"line":204,"column":15},"end":{"line":204,"column":42}},"type":"binary-expr","locations":[{"start":{"line":204,"column":15},"end":{"line":204,"column":32}},{"start":{"line":204,"column":36},"end":{"line":204,"column":42}}],"line":204},"35":{"loc":{"start":{"line":208,"column":8},"end":{"line":208,"column":67}},"type":"if","locations":[{"start":{"line":208,"column":8},"end":{"line":208,"column":67}},{"start":{},"end":{}}],"line":208},"36":{"loc":{"start":{"line":208,"column":12},"end":{"line":208,"column":55}},"type":"binary-expr","locations":[{"start":{"line":208,"column":12},"end":{"line":208,"column":35}},{"start":{"line":208,"column":39},"end":{"line":208,"column":55}}],"line":208},"37":{"loc":{"start":{"line":213,"column":8},"end":{"line":213,"column":65}},"type":"if","locations":[{"start":{"line":213,"column":8},"end":{"line":213,"column":65}},{"start":{},"end":{}}],"line":213},"38":{"loc":{"start":{"line":213,"column":12},"end":{"line":213,"column":45}},"type":"binary-expr","locations":[{"start":{"line":213,"column":12},"end":{"line":213,"column":17}},{"start":{"line":213,"column":21},"end":{"line":213,"column":45}}],"line":213},"39":{"loc":{"start":{"line":213,"column":54},"end":{"line":213,"column":64}},"type":"binary-expr","locations":[{"start":{"line":213,"column":54},"end":{"line":213,"column":58}},{"start":{"line":213,"column":62},"end":{"line":213,"column":64}}],"line":213},"40":{"loc":{"start":{"line":218,"column":29},"end":{"line":218,"column":42}},"type":"binary-expr","locations":[{"start":{"line":218,"column":29},"end":{"line":218,"column":36}},{"start":{"line":218,"column":40},"end":{"line":218,"column":42}}],"line":218},"41":{"loc":{"start":{"line":220,"column":65},"end":{"line":220,"column":85}},"type":"binary-expr","locations":[{"start":{"line":220,"column":65},"end":{"line":220,"column":80}},{"start":{"line":220,"column":84},"end":{"line":220,"column":85}}],"line":220},"42":{"loc":{"start":{"line":221,"column":8},"end":{"line":221,"column":84}},"type":"if","locations":[{"start":{"line":221,"column":8},"end":{"line":221,"column":84}},{"start":{},"end":{}}],"line":221},"43":{"loc":{"start":{"line":222,"column":8},"end":{"line":222,"column":101}},"type":"if","locations":[{"start":{"line":222,"column":8},"end":{"line":222,"column":101}},{"start":{},"end":{}}],"line":222},"44":{"loc":{"start":{"line":226,"column":31},"end":{"line":226,"column":44}},"type":"binary-expr","locations":[{"start":{"line":226,"column":31},"end":{"line":226,"column":38}},{"start":{"line":226,"column":42},"end":{"line":226,"column":44}}],"line":226},"45":{"loc":{"start":{"line":227,"column":35},"end":{"line":227,"column":48}},"type":"binary-expr","locations":[{"start":{"line":227,"column":35},"end":{"line":227,"column":42}},{"start":{"line":227,"column":46},"end":{"line":227,"column":48}}],"line":227},"46":{"loc":{"start":{"line":228,"column":8},"end":{"line":228,"column":128}},"type":"if","locations":[{"start":{"line":228,"column":8},"end":{"line":228,"column":128}},{"start":{},"end":{}}],"line":228},"47":{"loc":{"start":{"line":228,"column":73},"end":{"line":228,"column":125}},"type":"cond-expr","locations":[{"start":{"line":228,"column":89},"end":{"line":228,"column":107}},{"start":{"line":228,"column":110},"end":{"line":228,"column":125}}],"line":228},"48":{"loc":{"start":{"line":229,"column":8},"end":{"line":229,"column":149}},"type":"if","locations":[{"start":{"line":229,"column":8},"end":{"line":229,"column":149}},{"start":{},"end":{}}],"line":229},"49":{"loc":{"start":{"line":229,"column":86},"end":{"line":229,"column":146}},"type":"cond-expr","locations":[{"start":{"line":229,"column":106},"end":{"line":229,"column":128}},{"start":{"line":229,"column":131},"end":{"line":229,"column":146}}],"line":229},"50":{"loc":{"start":{"line":233,"column":8},"end":{"line":233,"column":79}},"type":"if","locations":[{"start":{"line":233,"column":8},"end":{"line":233,"column":79}},{"start":{},"end":{}}],"line":233},"51":{"loc":{"start":{"line":234,"column":8},"end":{"line":234,"column":112}},"type":"if","locations":[{"start":{"line":234,"column":8},"end":{"line":234,"column":112}},{"start":{},"end":{}}],"line":234},"52":{"loc":{"start":{"line":234,"column":75},"end":{"line":234,"column":111}},"type":"cond-expr","locations":[{"start":{"line":234,"column":88},"end":{"line":234,"column":102}},{"start":{"line":234,"column":105},"end":{"line":234,"column":111}}],"line":234},"53":{"loc":{"start":{"line":235,"column":8},"end":{"line":235,"column":73}},"type":"if","locations":[{"start":{"line":235,"column":8},"end":{"line":235,"column":73}},{"start":{},"end":{}}],"line":235},"54":{"loc":{"start":{"line":236,"column":8},"end":{"line":239,"column":9}},"type":"if","locations":[{"start":{"line":236,"column":8},"end":{"line":239,"column":9}},{"start":{},"end":{}}],"line":236},"55":{"loc":{"start":{"line":237,"column":12},"end":{"line":237,"column":115}},"type":"if","locations":[{"start":{"line":237,"column":12},"end":{"line":237,"column":115}},{"start":{},"end":{}}],"line":237},"56":{"loc":{"start":{"line":240,"column":8},"end":{"line":240,"column":84}},"type":"if","locations":[{"start":{"line":240,"column":8},"end":{"line":240,"column":84}},{"start":{},"end":{}}],"line":240},"57":{"loc":{"start":{"line":244,"column":26},"end":{"line":244,"column":97}},"type":"binary-expr","locations":[{"start":{"line":244,"column":26},"end":{"line":244,"column":29}},{"start":{"line":244,"column":34},"end":{"line":244,"column":96}}],"line":244},"58":{"loc":{"start":{"line":244,"column":34},"end":{"line":244,"column":96}},"type":"cond-expr","locations":[{"start":{"line":244,"column":54},"end":{"line":244,"column":85}},{"start":{"line":244,"column":88},"end":{"line":244,"column":96}}],"line":244},"59":{"loc":{"start":{"line":245,"column":8},"end":{"line":245,"column":36}},"type":"if","locations":[{"start":{"line":245,"column":8},"end":{"line":245,"column":36}},{"start":{},"end":{}}],"line":245},"60":{"loc":{"start":{"line":248,"column":8},"end":{"line":266,"column":9}},"type":"if","locations":[{"start":{"line":248,"column":8},"end":{"line":266,"column":9}},{"start":{},"end":{}}],"line":248},"61":{"loc":{"start":{"line":271,"column":20},"end":{"line":271,"column":82}},"type":"cond-expr","locations":[{"start":{"line":271,"column":40},"end":{"line":271,"column":71}},{"start":{"line":271,"column":74},"end":{"line":271,"column":82}}],"line":271},"62":{"loc":{"start":{"line":274,"column":8},"end":{"line":277,"column":9}},"type":"if","locations":[{"start":{"line":274,"column":8},"end":{"line":277,"column":9}},{"start":{},"end":{}}],"line":274},"63":{"loc":{"start":{"line":290,"column":8},"end":{"line":290,"column":57}},"type":"if","locations":[{"start":{"line":290,"column":8},"end":{"line":290,"column":57}},{"start":{},"end":{}}],"line":290},"64":{"loc":{"start":{"line":293,"column":8},"end":{"line":293,"column":91}},"type":"if","locations":[{"start":{"line":293,"column":8},"end":{"line":293,"column":91}},{"start":{},"end":{}}],"line":293},"65":{"loc":{"start":{"line":296,"column":8},"end":{"line":296,"column":57}},"type":"if","locations":[{"start":{"line":296,"column":8},"end":{"line":296,"column":57}},{"start":{},"end":{}}],"line":296},"66":{"loc":{"start":{"line":299,"column":8},"end":{"line":299,"column":86}},"type":"if","locations":[{"start":{"line":299,"column":8},"end":{"line":299,"column":86}},{"start":{},"end":{}}],"line":299},"67":{"loc":{"start":{"line":302,"column":8},"end":{"line":310,"column":9}},"type":"if","locations":[{"start":{"line":302,"column":8},"end":{"line":310,"column":9}},{"start":{},"end":{}}],"line":302},"68":{"loc":{"start":{"line":304,"column":12},"end":{"line":309,"column":13}},"type":"if","locations":[{"start":{"line":304,"column":12},"end":{"line":309,"column":13}},{"start":{},"end":{}}],"line":304},"69":{"loc":{"start":{"line":313,"column":8},"end":{"line":337,"column":9}},"type":"if","locations":[{"start":{"line":313,"column":8},"end":{"line":337,"column":9}},{"start":{},"end":{}}],"line":313},"70":{"loc":{"start":{"line":316,"column":12},"end":{"line":336,"column":13}},"type":"if","locations":[{"start":{"line":316,"column":12},"end":{"line":336,"column":13}},{"start":{"line":326,"column":19},"end":{"line":336,"column":13}}],"line":316},"71":{"loc":{"start":{"line":340,"column":8},"end":{"line":358,"column":9}},"type":"if","locations":[{"start":{"line":340,"column":8},"end":{"line":358,"column":9}},{"start":{},"end":{}}],"line":340},"72":{"loc":{"start":{"line":343,"column":12},"end":{"line":357,"column":13}},"type":"if","locations":[{"start":{"line":343,"column":12},"end":{"line":357,"column":13}},{"start":{"line":349,"column":19},"end":{"line":357,"column":13}}],"line":343},"73":{"loc":{"start":{"line":361,"column":8},"end":{"line":379,"column":9}},"type":"if","locations":[{"start":{"line":361,"column":8},"end":{"line":379,"column":9}},{"start":{},"end":{}}],"line":361},"74":{"loc":{"start":{"line":364,"column":12},"end":{"line":378,"column":13}},"type":"if","locations":[{"start":{"line":364,"column":12},"end":{"line":378,"column":13}},{"start":{"line":370,"column":19},"end":{"line":378,"column":13}}],"line":364},"75":{"loc":{"start":{"line":382,"column":8},"end":{"line":393,"column":9}},"type":"if","locations":[{"start":{"line":382,"column":8},"end":{"line":393,"column":9}},{"start":{},"end":{}}],"line":382},"76":{"loc":{"start":{"line":386,"column":54},"end":{"line":386,"column":72}},"type":"binary-expr","locations":[{"start":{"line":386,"column":54},"end":{"line":386,"column":66}},{"start":{"line":386,"column":70},"end":{"line":386,"column":72}}],"line":386},"77":{"loc":{"start":{"line":390,"column":54},"end":{"line":390,"column":72}},"type":"binary-expr","locations":[{"start":{"line":390,"column":54},"end":{"line":390,"column":66}},{"start":{"line":390,"column":70},"end":{"line":390,"column":72}}],"line":390},"78":{"loc":{"start":{"line":396,"column":8},"end":{"line":415,"column":9}},"type":"if","locations":[{"start":{"line":396,"column":8},"end":{"line":415,"column":9}},{"start":{},"end":{}}],"line":396},"79":{"loc":{"start":{"line":421,"column":8},"end":{"line":421,"column":39}},"type":"if","locations":[{"start":{"line":421,"column":8},"end":{"line":421,"column":39}},{"start":{},"end":{}}],"line":421},"80":{"loc":{"start":{"line":424,"column":8},"end":{"line":438,"column":9}},"type":"if","locations":[{"start":{"line":424,"column":8},"end":{"line":438,"column":9}},{"start":{"line":427,"column":15},"end":{"line":438,"column":9}}],"line":424},"81":{"loc":{"start":{"line":424,"column":12},"end":{"line":424,"column":44}},"type":"binary-expr","locations":[{"start":{"line":424,"column":12},"end":{"line":424,"column":20}},{"start":{"line":424,"column":24},"end":{"line":424,"column":44}}],"line":424},"82":{"loc":{"start":{"line":425,"column":12},"end":{"line":425,"column":72}},"type":"if","locations":[{"start":{"line":425,"column":12},"end":{"line":425,"column":72}},{"start":{},"end":{}}],"line":425},"83":{"loc":{"start":{"line":426,"column":12},"end":{"line":426,"column":89}},"type":"if","locations":[{"start":{"line":426,"column":12},"end":{"line":426,"column":89}},{"start":{},"end":{}}],"line":426},"84":{"loc":{"start":{"line":428,"column":12},"end":{"line":428,"column":71}},"type":"if","locations":[{"start":{"line":428,"column":12},"end":{"line":428,"column":71}},{"start":{},"end":{}}],"line":428},"85":{"loc":{"start":{"line":429,"column":12},"end":{"line":429,"column":90}},"type":"if","locations":[{"start":{"line":429,"column":12},"end":{"line":429,"column":90}},{"start":{},"end":{}}],"line":429},"86":{"loc":{"start":{"line":432,"column":16},"end":{"line":436,"column":17}},"type":"if","locations":[{"start":{"line":432,"column":16},"end":{"line":436,"column":17}},{"start":{"line":434,"column":23},"end":{"line":436,"column":17}}],"line":432},"87":{"loc":{"start":{"line":432,"column":20},"end":{"line":432,"column":61}},"type":"binary-expr","locations":[{"start":{"line":432,"column":20},"end":{"line":432,"column":23}},{"start":{"line":432,"column":27},"end":{"line":432,"column":61}}],"line":432},"88":{"loc":{"start":{"line":442,"column":8},"end":{"line":442,"column":26}},"type":"if","locations":[{"start":{"line":442,"column":8},"end":{"line":442,"column":26}},{"start":{},"end":{}}],"line":442},"89":{"loc":{"start":{"line":447,"column":8},"end":{"line":447,"column":31}},"type":"if","locations":[{"start":{"line":447,"column":8},"end":{"line":447,"column":31}},{"start":{},"end":{}}],"line":447},"90":{"loc":{"start":{"line":449,"column":8},"end":{"line":457,"column":9}},"type":"if","locations":[{"start":{"line":449,"column":8},"end":{"line":457,"column":9}},{"start":{"line":453,"column":15},"end":{"line":457,"column":9}}],"line":449},"91":{"loc":{"start":{"line":450,"column":54},"end":{"line":450,"column":69}},"type":"binary-expr","locations":[{"start":{"line":450,"column":54},"end":{"line":450,"column":63}},{"start":{"line":450,"column":67},"end":{"line":450,"column":69}}],"line":450},"92":{"loc":{"start":{"line":454,"column":36},"end":{"line":454,"column":59}},"type":"binary-expr","locations":[{"start":{"line":454,"column":36},"end":{"line":454,"column":45}},{"start":{"line":454,"column":49},"end":{"line":454,"column":59}}],"line":454}},"s":{"0":45,"1":68,"2":68,"3":68,"4":58,"5":58,"6":58,"7":58,"8":2,"9":58,"10":0,"11":58,"12":0,"13":58,"14":7,"15":58,"16":2,"17":58,"18":10,"19":58,"20":0,"21":58,"22":58,"23":3,"24":3,"25":3,"26":3,"27":2,"28":2,"29":2,"30":0,"31":2,"32":0,"33":0,"34":1,"35":1,"36":1,"37":1,"38":0,"39":0,"40":0,"41":0,"42":1,"43":1,"44":58,"45":58,"46":0,"47":58,"48":0,"49":58,"50":0,"51":0,"52":58,"53":0,"54":58,"55":58,"56":0,"57":0,"58":58,"59":68,"60":68,"61":68,"62":68,"63":68,"64":68,"65":68,"66":68,"67":68,"68":68,"69":68,"70":68,"71":68,"72":68,"73":68,"74":68,"75":68,"76":68,"77":0,"78":68,"79":0,"80":7,"81":7,"82":7,"83":0,"84":7,"85":1,"86":1,"87":1,"88":6,"89":6,"90":6,"91":7,"92":7,"93":7,"94":7,"95":7,"96":0,"97":7,"98":7,"99":7,"100":7,"101":0,"102":0,"103":7,"104":7,"105":7,"106":7,"107":7,"108":7,"109":7,"110":7,"111":7,"112":7,"113":7,"114":1,"115":6,"116":6,"117":6,"118":6,"119":1,"120":1,"121":6,"122":6,"123":6,"124":0,"125":0,"126":6,"127":5,"128":0,"129":6,"130":6,"131":6,"132":4,"133":4,"134":4,"135":4,"136":4,"137":1,"138":0,"139":1,"140":1,"141":1,"142":1,"143":1,"144":1,"145":1,"146":10,"147":10,"148":10,"149":10,"150":10,"151":10,"152":15,"153":15,"154":145,"155":28,"156":117,"157":145,"158":144,"159":1,"160":128,"161":140,"162":128,"163":128,"164":119,"165":128,"166":119,"167":128,"168":119,"169":128,"170":92,"171":128,"172":125,"173":128,"174":118,"175":128,"176":118,"177":137,"178":137,"179":137,"180":137,"181":137,"182":137,"183":137,"184":137,"185":0,"186":137,"187":137,"188":137,"189":145,"190":145,"191":0,"192":145,"193":145,"194":1,"195":1,"196":1,"197":1,"198":145,"199":145,"200":145,"201":145,"202":0,"203":0,"204":145,"205":145,"206":145,"207":145,"208":145,"209":145,"210":145,"211":145,"212":145,"213":145,"214":145,"215":145,"216":145,"217":145,"218":145,"219":145,"220":145,"221":145,"222":145,"223":145,"224":145,"225":145,"226":15,"227":15,"228":15,"229":15,"230":145,"231":145,"232":145,"233":145,"234":145,"235":121,"236":121,"237":121,"238":121,"239":121,"240":121,"241":121,"242":121,"243":121,"244":24,"245":24,"246":24,"247":24,"248":24,"249":24,"250":24,"251":24,"252":24,"253":145,"254":145,"255":145,"256":145,"257":145,"258":65,"259":65,"260":65,"261":65,"262":65,"263":80,"264":80,"265":80,"266":80,"267":80,"268":80,"269":80,"270":145,"271":145,"272":145,"273":145,"274":145,"275":20,"276":20,"277":20,"278":20,"279":20,"280":125,"281":125,"282":125,"283":125,"284":125,"285":125,"286":125,"287":145,"288":145,"289":145,"290":145,"291":145,"292":145,"293":145,"294":145,"295":145,"296":145,"297":145,"298":145,"299":145,"300":145,"301":145,"302":145,"303":145,"304":145,"305":145,"306":145,"307":145,"308":145,"309":145,"310":145,"311":145,"312":145,"313":145,"314":145,"315":145,"316":145,"317":145,"318":145,"319":131,"320":0,"321":131,"322":131,"323":46,"324":46,"325":46,"326":46,"327":85,"328":78,"329":85,"330":85,"331":85,"332":144,"333":144,"334":144,"335":0,"336":1,"337":0,"338":1,"339":1,"340":1,"341":1,"342":0,"343":1,"344":0,"345":0,"346":0,"347":1,"348":1,"349":1},"f":{"0":68,"1":58,"2":2,"3":0,"4":0,"5":7,"6":2,"7":10,"8":0,"9":3,"10":0,"11":0,"12":0,"13":0,"14":0,"15":68,"16":7,"17":7,"18":7,"19":1,"20":0,"21":5,"22":4,"23":4,"24":1,"25":10,"26":15,"27":145,"28":145,"29":128,"30":140,"31":119,"32":128,"33":92,"34":125,"35":137,"36":145,"37":145,"38":131,"39":144,"40":1},"b":{"0":[0],"1":[58,0],"2":[58,0],"3":[2,1],"4":[0,2],"5":[2,2],"6":[0,1,1,0,0],"7":[1,0],"8":[0,0],"9":[58,0],"10":[0,0],"11":[0],"12":[0,68],"13":[0,68],"14":[2],"15":[7,0],"16":[0,7],"17":[1,6],"18":[7,0],"19":[0,7],"20":[0,7],"21":[1,6],"22":[7,7],"23":[6,0],"24":[6,0],"25":[0,5],"26":[6,0],"27":[4,0],"28":[0,1],"29":[1,1],"30":[1,1],"31":[1,1],"32":[10,0],"33":[10,0],"34":[15,0],"35":[28,117],"36":[145,117],"37":[144,1],"38":[145,14],"39":[144,131],"40":[128,0],"41":[119,28],"42":[119,9],"43":[119,9],"44":[128,0],"45":[128,0],"46":[118,10],"47":[57,61],"48":[118,10],"49":[19,99],"50":[137,0],"51":[137,0],"52":[19,118],"53":[137,0],"54":[137,0],"55":[0,137],"56":[137,0],"57":[145,0],"58":[0,0],"59":[0,145],"60":[1,144],"61":[145,0],"62":[0,145],"63":[145,0],"64":[145,0],"65":[145,0],"66":[145,0],"67":[145,0],"68":[15,130],"69":[145,0],"70":[121,24],"71":[145,0],"72":[65,80],"73":[145,0],"74":[20,125],"75":[145,0],"76":[145,131],"77":[145,131],"78":[145,0],"79":[0,131],"80":[46,85],"81":[131,131],"82":[46,0],"83":[46,0],"84":[78,7],"85":[85,0],"86":[144,0],"87":[144,144],"88":[0,1],"89":[0,1],"90":[0,1],"91":[0,0],"92":[1,0]},"_coverageSchema":"1a1c01bbd47fc00a2c39e90264f33305004495a9","hash":"31ac3be468f2d771efd0388e04eaf98547d53faa"}
}
