TN:
SF:script.js
FN:8,(anonymous_0)
FN:17,(anonymous_1)
FN:36,(anonymous_2)
FN:42,(anonymous_3)
FN:48,(anonymous_4)
FN:54,(anonymous_5)
FN:56,(anonymous_6)
FN:56,(anonymous_7)
FN:59,(anonymous_8)
FN:75,(anonymous_9)
FN:97,(anonymous_10)
FN:104,(anonymous_11)
FN:105,(anonymous_12)
FN:106,(anonymous_13)
FN:107,(anonymous_14)
FN:109,(anonymous_15)
FN:110,(anonymous_16)
FN:111,(anonymous_17)
FN:112,(anonymous_18)
FN:113,(anonymous_19)
FN:117,(anonymous_20)
FN:124,(anonymous_21)
FN:128,(anonymous_22)
FN:132,(anonymous_23)
FN:151,(anonymous_24)
FN:153,(anonymous_25)
FN:170,(anonymous_26)
FN:190,(anonymous_27)
FN:196,(anonymous_28)
FN:206,(anonymous_29)
FN:218,(anonymous_30)
FN:228,(anonymous_31)
FN:234,(anonymous_32)
FN:236,(anonymous_33)
FN:248,(anonymous_34)
FN:252,(anonymous_35)
FN:270,(anonymous_36)
FN:274,(anonymous_37)
FN:292,(anonymous_38)
FN:315,(anonymous_39)
FN:328,(anonymous_40)
FN:343,(anonymous_41)
FN:422,(anonymous_42)
FN:428,(anonymous_43)
FN:436,(anonymous_44)
FN:438,(anonymous_45)
FN:439,(anonymous_46)
FN:443,(anonymous_47)
FN:455,(anonymous_48)
FN:457,(anonymous_49)
FN:458,(anonymous_50)
FN:476,(anonymous_51)
FN:492,(anonymous_52)
FN:524,(anonymous_53)
FN:533,(anonymous_54)
FN:535,(anonymous_55)
FN:540,(anonymous_56)
FN:546,(anonymous_57)
FN:552,(anonymous_58)
FN:557,(anonymous_59)
FN:571,(anonymous_60)
FN:577,(anonymous_61)
FN:584,(anonymous_62)
FN:590,(anonymous_63)
FN:599,(anonymous_64)
FN:608,(anonymous_65)
FN:613,(anonymous_66)
FN:623,(anonymous_67)
FN:628,(anonymous_68)
FN:638,(anonymous_69)
FN:643,(anonymous_70)
FN:653,(anonymous_71)
FN:658,(anonymous_72)
FN:665,(anonymous_73)
FNF:74
FNH:60
FNDA:63,(anonymous_0)
FNDA:63,(anonymous_1)
FNDA:9,(anonymous_2)
FNDA:2,(anonymous_3)
FNDA:12,(anonymous_4)
FNDA:1,(anonymous_5)
FNDA:3,(anonymous_6)
FNDA:2,(anonymous_7)
FNDA:56,(anonymous_8)
FNDA:0,(anonymous_9)
FNDA:56,(anonymous_10)
FNDA:0,(anonymous_11)
FNDA:7,(anonymous_12)
FNDA:2,(anonymous_13)
FNDA:10,(anonymous_14)
FNDA:0,(anonymous_15)
FNDA:1,(anonymous_16)
FNDA:1,(anonymous_17)
FNDA:0,(anonymous_18)
FNDA:0,(anonymous_19)
FNDA:5,(anonymous_20)
FNDA:1,(anonymous_21)
FNDA:4,(anonymous_22)
FNDA:4,(anonymous_23)
FNDA:1,(anonymous_24)
FNDA:1,(anonymous_25)
FNDA:10,(anonymous_26)
FNDA:3,(anonymous_27)
FNDA:2,(anonymous_28)
FNDA:1,(anonymous_29)
FNDA:1,(anonymous_30)
FNDA:0,(anonymous_31)
FNDA:0,(anonymous_32)
FNDA:0,(anonymous_33)
FNDA:5,(anonymous_34)
FNDA:6,(anonymous_35)
FNDA:3,(anonymous_36)
FNDA:5,(anonymous_37)
FNDA:128,(anonymous_38)
FNDA:140,(anonymous_39)
FNDA:1,(anonymous_40)
FNDA:319,(anonymous_41)
FNDA:65,(anonymous_42)
FNDA:122,(anonymous_43)
FNDA:82,(anonymous_44)
FNDA:122,(anonymous_45)
FNDA:102,(anonymous_46)
FNDA:102,(anonymous_47)
FNDA:160,(anonymous_48)
FNDA:220,(anonymous_49)
FNDA:177,(anonymous_50)
FNDA:82,(anonymous_51)
FNDA:22,(anonymous_52)
FNDA:23,(anonymous_53)
FNDA:7,(anonymous_54)
FNDA:18,(anonymous_55)
FNDA:16,(anonymous_56)
FNDA:3,(anonymous_57)
FNDA:27,(anonymous_58)
FNDA:7,(anonymous_59)
FNDA:4,(anonymous_60)
FNDA:31,(anonymous_61)
FNDA:0,(anonymous_62)
FNDA:13,(anonymous_63)
FNDA:12,(anonymous_64)
FNDA:1,(anonymous_65)
FNDA:4,(anonymous_66)
FNDA:0,(anonymous_67)
FNDA:4,(anonymous_68)
FNDA:0,(anonymous_69)
FNDA:4,(anonymous_70)
FNDA:0,(anonymous_71)
FNDA:0,(anonymous_72)
FNDA:0,(anonymous_73)
DA:5,45
DA:9,63
DA:10,63
DA:11,63
DA:12,63
DA:13,63
DA:18,63
DA:19,0
DA:22,63
DA:23,0
DA:24,0
DA:26,0
DA:30,63
DA:33,63
DA:37,9
DA:38,9
DA:39,9
DA:43,2
DA:44,2
DA:45,2
DA:49,12
DA:50,12
DA:51,12
DA:55,1
DA:56,3
DA:60,56
DA:61,56
DA:62,56
DA:63,56
DA:64,56
DA:65,56
DA:66,56
DA:67,56
DA:68,56
DA:70,0
DA:71,0
DA:76,0
DA:77,0
DA:79,0
DA:80,0
DA:83,0
DA:84,0
DA:91,0
DA:92,0
DA:94,0
DA:98,56
DA:104,0
DA:105,7
DA:106,2
DA:107,10
DA:109,0
DA:110,1
DA:111,1
DA:112,0
DA:113,0
DA:118,5
DA:119,0
DA:120,0
DA:122,5
DA:123,5
DA:124,5
DA:125,5
DA:129,4
DA:133,4
DA:134,4
DA:135,1
DA:136,1
DA:139,3
DA:149,3
DA:150,3
DA:151,3
DA:152,3
DA:153,3
DA:154,3
DA:156,3
DA:157,0
DA:158,0
DA:161,3
DA:162,1
DA:164,2
DA:167,3
DA:171,10
DA:172,9
DA:173,9
DA:174,9
DA:175,9
DA:177,9
DA:181,9
DA:183,9
DA:185,9
DA:186,9
DA:187,9
DA:191,3
DA:192,2
DA:193,2
DA:194,2
DA:195,2
DA:196,2
DA:197,2
DA:198,2
DA:199,2
DA:200,2
DA:201,2
DA:202,2
DA:207,1
DA:210,1
DA:211,0
DA:214,1
DA:215,1
DA:216,1
DA:217,1
DA:218,1
DA:220,1
DA:221,1
DA:222,1
DA:223,1
DA:224,1
DA:225,1
DA:229,0
DA:230,0
DA:231,0
DA:232,0
DA:233,0
DA:234,0
DA:235,0
DA:236,0
DA:237,0
DA:238,0
DA:240,0
DA:241,0
DA:242,0
DA:243,0
DA:244,0
DA:249,5
DA:250,5
DA:251,5
DA:252,6
DA:253,5
DA:254,0
DA:255,0
DA:258,5
DA:259,0
DA:261,5
DA:262,5
DA:263,0
DA:266,5
DA:267,5
DA:271,3
DA:272,3
DA:273,3
DA:274,5
DA:275,3
DA:276,0
DA:277,0
DA:280,3
DA:281,0
DA:283,3
DA:284,3
DA:285,1
DA:288,3
DA:289,3
DA:293,128
DA:294,128
DA:295,128
DA:296,128
DA:297,128
DA:298,128
DA:300,0
DA:301,0
DA:302,0
DA:304,128
DA:305,128
DA:306,128
DA:307,128
DA:308,128
DA:310,128
DA:315,128
DA:316,140
DA:317,140
DA:318,140
DA:321,128
DA:322,128
DA:323,128
DA:324,128
DA:325,128
DA:329,1
DA:330,1
DA:331,1
DA:332,1
DA:333,1
DA:334,1
DA:335,1
DA:336,1
DA:337,1
DA:338,1
DA:339,1
DA:340,1
DA:344,319
DA:348,319
DA:349,125
DA:350,125
DA:352,0
DA:353,0
DA:356,194
DA:357,194
DA:358,1
DA:359,1
DA:360,1
DA:363,193
DA:364,193
DA:366,0
DA:367,0
DA:368,0
DA:369,0
DA:373,318
DA:374,30
DA:375,30
DA:376,30
DA:380,288
DA:381,288
DA:382,0
DA:383,0
DA:395,0
DA:396,0
DA:397,0
DA:400,288
DA:401,288
DA:402,288
DA:403,288
DA:404,461
DA:405,461
DA:406,26
DA:407,26
DA:410,288
DA:411,1
DA:412,1
DA:414,288
DA:415,26
DA:419,288
DA:423,65
DA:424,65
DA:425,65
DA:429,122
DA:430,122
DA:431,56
DA:433,66
DA:438,122
DA:439,102
DA:443,102
DA:444,82
DA:456,160
DA:457,220
DA:458,177
DA:459,160
DA:463,160
DA:477,82
DA:478,82
DA:479,82
DA:481,82
DA:482,82
DA:484,82
DA:485,82
DA:487,82
DA:489,82
DA:493,22
DA:494,22
DA:496,22
DA:497,22
DA:499,22
DA:500,22
DA:502,22
DA:503,22
DA:504,22
DA:506,22
DA:507,22
DA:511,22
DA:512,22
DA:513,22
DA:514,22
DA:517,22
DA:519,22
DA:520,22
DA:521,22
DA:525,23
DA:526,23
DA:528,23
DA:529,23
DA:530,23
DA:534,7
DA:535,18
DA:536,7
DA:537,7
DA:541,16
DA:542,16
DA:543,16
DA:547,3
DA:548,3
DA:549,3
DA:553,27
DA:554,27
DA:558,7
DA:559,7
DA:560,7
DA:561,7
DA:572,4
DA:573,4
DA:574,4
DA:578,31
DA:579,31
DA:580,31
DA:586,0
DA:591,13
DA:592,13
DA:593,13
DA:595,0
DA:600,12
DA:601,12
DA:603,0
DA:609,1
DA:610,1
DA:614,4
DA:615,4
DA:616,0
DA:618,4
DA:619,4
DA:624,0
DA:625,0
DA:629,4
DA:630,4
DA:631,0
DA:633,4
DA:634,4
DA:639,0
DA:640,0
DA:644,4
DA:645,4
DA:646,0
DA:648,4
DA:649,4
DA:654,0
DA:655,0
DA:659,0
DA:660,0
DA:661,0
DA:666,0
DA:667,0
DA:668,0
DA:673,45
DA:674,45
LF:349
LH:271
BRDA:8,0,0,9
BRDA:9,1,0,63
BRDA:9,1,1,9
BRDA:10,2,0,63
BRDA:10,2,1,9
BRDA:18,3,0,0
BRDA:18,3,1,63
BRDA:22,4,0,0
BRDA:22,4,1,63
BRDA:30,5,0,63
BRDA:30,5,1,39
BRDA:38,6,0,9
BRDA:38,6,1,0
BRDA:44,7,0,2
BRDA:44,7,1,0
BRDA:50,8,0,12
BRDA:50,8,1,0
BRDA:51,9,0,12
BRDA:51,9,1,0
BRDA:59,10,0,2
BRDA:60,11,0,0
BRDA:60,11,1,56
BRDA:62,12,0,0
BRDA:62,12,1,56
BRDA:64,13,0,0
BRDA:64,13,1,56
BRDA:65,14,0,0
BRDA:65,14,1,56
BRDA:68,15,0,0
BRDA:68,15,1,56
BRDA:79,16,0,0
BRDA:79,16,1,0
BRDA:79,17,0,0
BRDA:79,17,1,0
BRDA:91,18,0,0
BRDA:91,18,1,0
BRDA:117,19,0,4
BRDA:118,20,0,0
BRDA:118,20,1,5
BRDA:124,21,0,1
BRDA:124,21,1,4
BRDA:134,22,0,1
BRDA:134,22,1,3
BRDA:134,23,0,4
BRDA:134,23,1,4
BRDA:144,24,0,3
BRDA:144,24,1,1
BRDA:153,25,0,1
BRDA:153,25,1,2
BRDA:154,26,0,1
BRDA:154,26,1,2
BRDA:156,27,0,0
BRDA:156,27,1,3
BRDA:156,28,0,3
BRDA:156,28,1,1
BRDA:156,28,2,1
BRDA:161,29,0,1
BRDA:161,29,1,2
BRDA:171,30,0,1
BRDA:171,30,1,9
BRDA:174,31,0,9
BRDA:174,31,1,0
BRDA:191,32,0,1
BRDA:191,32,1,2
BRDA:194,33,0,2
BRDA:194,33,1,0
BRDA:197,34,0,2
BRDA:197,34,1,0
BRDA:207,35,0,0
BRDA:207,35,1,1
BRDA:210,36,0,0
BRDA:210,36,1,1
BRDA:216,37,0,1
BRDA:216,37,1,0
BRDA:220,38,0,0
BRDA:220,38,1,1
BRDA:221,39,0,0
BRDA:221,39,1,1
BRDA:229,40,0,0
BRDA:229,40,1,0
BRDA:232,41,0,0
BRDA:232,41,1,0
BRDA:235,42,0,0
BRDA:235,42,1,0
BRDA:236,43,0,0
BRDA:236,43,1,0
BRDA:236,44,0,0
BRDA:236,44,1,0
BRDA:249,45,0,0
BRDA:249,45,1,5
BRDA:253,46,0,0
BRDA:253,46,1,5
BRDA:253,47,0,5
BRDA:253,47,1,5
BRDA:258,48,0,0
BRDA:258,48,1,5
BRDA:262,49,0,0
BRDA:262,49,1,5
BRDA:271,50,0,0
BRDA:271,50,1,3
BRDA:275,51,0,0
BRDA:275,51,1,3
BRDA:275,52,0,3
BRDA:275,52,1,3
BRDA:280,53,0,0
BRDA:280,53,1,3
BRDA:284,54,0,1
BRDA:284,54,1,2
BRDA:293,55,0,0
BRDA:293,55,1,128
BRDA:295,56,0,0
BRDA:295,56,1,128
BRDA:296,57,0,0
BRDA:296,57,1,128
BRDA:297,58,0,0
BRDA:297,58,1,128
BRDA:298,59,0,0
BRDA:298,59,1,128
BRDA:305,60,0,128
BRDA:305,60,1,0
BRDA:311,61,0,128
BRDA:311,61,1,9
BRDA:312,62,0,128
BRDA:312,62,1,127
BRDA:316,63,0,140
BRDA:316,63,1,3
BRDA:317,64,0,140
BRDA:317,64,1,3
BRDA:318,65,0,140
BRDA:318,65,1,139
BRDA:324,66,0,0
BRDA:324,66,1,128
BRDA:348,67,0,125
BRDA:348,67,1,194
BRDA:357,68,0,1
BRDA:357,68,1,193
BRDA:364,69,0,193
BRDA:364,69,1,0
BRDA:373,70,0,30
BRDA:373,70,1,288
BRDA:373,71,0,318
BRDA:373,71,1,288
BRDA:380,72,0,288
BRDA:380,72,1,0
BRDA:380,72,2,0
BRDA:381,73,0,0
BRDA:381,73,1,288
BRDA:382,74,0,0
BRDA:382,74,1,0
BRDA:388,75,0,0
BRDA:388,75,1,0
BRDA:389,76,0,0
BRDA:389,76,1,0
BRDA:390,77,0,0
BRDA:390,77,1,0
BRDA:400,78,0,288
BRDA:400,78,1,0
BRDA:400,79,0,288
BRDA:400,79,1,288
BRDA:405,80,0,26
BRDA:405,80,1,435
BRDA:405,81,0,461
BRDA:405,81,1,461
BRDA:405,81,2,459
BRDA:405,81,3,453
BRDA:410,82,0,1
BRDA:410,82,1,287
BRDA:414,83,0,26
BRDA:414,83,1,262
BRDA:423,84,0,65
BRDA:423,84,1,0
BRDA:430,85,0,56
BRDA:430,85,1,66
BRDA:438,86,0,82
BRDA:438,86,1,0
BRDA:440,87,0,102
BRDA:440,87,1,102
BRDA:443,88,0,102
BRDA:443,88,1,25
BRDA:456,89,0,160
BRDA:456,89,1,0
BRDA:457,90,0,160
BRDA:457,90,1,0
BRDA:458,91,0,158
BRDA:458,91,1,2
BRDA:459,92,0,152
BRDA:459,92,1,8
BRDA:459,93,0,160
BRDA:459,93,1,152
BRDA:465,94,0,160
BRDA:465,94,1,49
BRDA:466,95,0,160
BRDA:466,95,1,126
BRDA:470,96,0,134
BRDA:470,96,1,26
BRDA:471,97,0,121
BRDA:471,97,1,39
BRDA:479,98,0,0
BRDA:479,98,1,82
BRDA:482,99,0,82
BRDA:482,99,1,0
BRDA:496,100,0,22
BRDA:496,100,1,0
BRDA:499,101,0,22
BRDA:499,101,1,0
BRDA:506,102,0,22
BRDA:506,102,1,0
BRDA:526,103,0,0
BRDA:526,103,1,23
BRDA:548,104,0,0
BRDA:548,104,1,3
BRDA:548,105,0,3
BRDA:548,105,1,3
BRDA:549,106,0,3
BRDA:549,106,1,0
BRDA:554,107,0,27
BRDA:554,107,1,0
BRDA:559,108,0,7
BRDA:559,108,1,0
BRDA:560,109,0,7
BRDA:560,109,1,0
BRDA:562,110,0,7
BRDA:562,110,1,0
BRDA:563,111,0,7
BRDA:563,111,1,2
BRDA:564,112,0,7
BRDA:564,112,1,4
BRDA:565,113,0,7
BRDA:565,113,1,5
BRDA:566,114,0,7
BRDA:566,114,1,0
BRDA:567,115,0,7
BRDA:567,115,1,0
BRDA:573,116,0,4
BRDA:573,116,1,0
BRDA:579,117,0,31
BRDA:579,117,1,0
BRDA:593,118,0,9
BRDA:593,118,1,4
BRDA:610,119,0,1
BRDA:610,119,1,0
BRDA:615,120,0,0
BRDA:615,120,1,4
BRDA:625,121,0,0
BRDA:625,121,1,0
BRDA:630,122,0,0
BRDA:630,122,1,4
BRDA:640,123,0,0
BRDA:640,123,1,0
BRDA:645,124,0,0
BRDA:645,124,1,4
BRDA:655,125,0,0
BRDA:655,125,1,0
BRDA:667,126,0,0
BRDA:667,126,1,0
BRDA:673,127,0,45
BRDA:673,127,1,0
BRDA:673,128,0,45
BRDA:673,128,1,45
BRF:259
BRH:162
end_of_record
TN:
SF:js/app-init.js
FN:17,initializeApp
FN:73,setupImportHandler
FN:78,(anonymous_2)
FN:123,syncStorageOptionsState
FN:156,(anonymous_4)
FN:168,checkSqliteHealth
FN:178,updateStorageIndicator
FN:190,(anonymous_7)
FN:198,setupStorageToggle
FN:207,(anonymous_9)
FN:213,(anonymous_10)
FN:219,(anonymous_11)
FN:228,(anonymous_12)
FN:237,(anonymous_13)
FN:274,formatBackendLabel
FNF:15
FNH:14
FNDA:5,initializeApp
FNDA:5,setupImportHandler
FNDA:0,(anonymous_2)
FNDA:5,syncStorageOptionsState
FNDA:12,(anonymous_4)
FNDA:4,checkSqliteHealth
FNDA:12,updateStorageIndicator
FNDA:36,(anonymous_7)
FNDA:5,setupStorageToggle
FNDA:3,(anonymous_9)
FNDA:3,(anonymous_10)
FNDA:3,(anonymous_11)
FNDA:3,(anonymous_12)
FNDA:2,(anonymous_13)
FNDA:12,formatBackendLabel
DA:21,5
DA:24,5
DA:30,5
DA:31,5
DA:36,5
DA:39,5
DA:42,5
DA:43,0
DA:45,5
DA:48,5
DA:49,5
DA:51,5
DA:52,5
DA:56,5
DA:59,5
DA:62,5
DA:63,5
DA:64,5
DA:66,5
DA:74,5
DA:75,5
DA:77,5
DA:78,0
DA:79,0
DA:80,0
DA:81,0
DA:84,0
DA:85,0
DA:86,0
DA:89,0
DA:92,0
DA:95,0
DA:100,0
DA:101,0
DA:104,0
DA:107,0
DA:108,0
DA:110,0
DA:112,0
DA:113,0
DA:124,5
DA:125,5
DA:127,5
DA:128,2
DA:129,2
DA:130,1
DA:131,1
DA:132,1
DA:133,1
DA:134,1
DA:136,1
DA:137,1
DA:139,1
DA:140,1
DA:141,1
DA:142,1
DA:143,1
DA:146,0
DA:148,1
DA:149,1
DA:150,1
DA:151,1
DA:155,4
DA:156,4
DA:157,12
DA:158,12
DA:159,12
DA:160,12
DA:161,12
DA:162,4
DA:163,4
DA:169,4
DA:170,4
DA:171,4
DA:173,0
DA:174,0
DA:179,12
DA:180,12
DA:182,12
DA:183,12
DA:184,12
DA:185,12
DA:188,12
DA:189,12
DA:190,12
DA:191,36
DA:192,36
DA:193,36
DA:199,5
DA:200,5
DA:201,5
DA:203,5
DA:205,5
DA:207,5
DA:208,3
DA:209,3
DA:210,3
DA:213,5
DA:214,3
DA:215,3
DA:216,3
DA:219,5
DA:220,3
DA:221,1
DA:225,5
DA:226,5
DA:228,5
DA:229,3
DA:230,3
DA:231,3
DA:233,0
DA:237,5
DA:238,2
DA:239,2
DA:241,2
DA:242,2
DA:244,2
DA:245,0
DA:246,0
DA:249,2
DA:250,2
DA:251,2
DA:252,1
DA:253,1
DA:254,1
DA:255,1
DA:256,1
DA:260,1
DA:261,1
DA:262,1
DA:265,0
DA:268,1
DA:269,1
DA:270,1
DA:275,12
DA:277,2
DA:279,4
DA:281,6
LF:138
LH:112
BRDA:17,0,0,0
BRDA:19,1,0,5
BRDA:20,2,0,0
BRDA:20,3,0,0
BRDA:20,3,1,0
BRDA:30,4,0,5
BRDA:30,4,1,0
BRDA:39,5,0,5
BRDA:39,5,1,5
BRDA:39,5,2,0
BRDA:39,5,3,0
BRDA:39,5,4,0
BRDA:39,5,5,0
BRDA:39,5,6,0
BRDA:42,6,0,0
BRDA:42,6,1,5
BRDA:48,7,0,5
BRDA:48,7,1,0
BRDA:51,8,0,5
BRDA:51,8,1,0
BRDA:77,9,0,0
BRDA:77,9,1,5
BRDA:77,10,0,5
BRDA:77,10,1,0
BRDA:79,11,0,0
BRDA:79,11,1,0
BRDA:79,12,0,0
BRDA:79,12,1,0
BRDA:92,13,0,0
BRDA:92,13,1,0
BRDA:92,13,2,0
BRDA:92,13,3,0
BRDA:95,14,0,0
BRDA:95,14,1,0
BRDA:125,15,0,0
BRDA:125,15,1,5
BRDA:127,16,0,2
BRDA:127,16,1,3
BRDA:129,17,0,1
BRDA:129,17,1,1
BRDA:132,18,0,1
BRDA:132,18,1,0
BRDA:136,19,0,1
BRDA:136,19,1,0
BRDA:142,20,0,1
BRDA:142,20,1,0
BRDA:159,21,0,4
BRDA:159,21,1,8
BRDA:161,22,0,4
BRDA:161,22,1,8
BRDA:182,23,0,12
BRDA:182,23,1,0
BRDA:188,24,0,12
BRDA:188,24,1,0
BRDA:192,25,0,12
BRDA:192,25,1,24
BRDA:203,26,0,0
BRDA:203,26,1,5
BRDA:203,27,0,5
BRDA:203,27,1,5
BRDA:220,28,0,1
BRDA:220,28,1,2
BRDA:220,29,0,3
BRDA:220,29,1,1
BRDA:225,30,0,5
BRDA:225,30,1,0
BRDA:230,31,0,3
BRDA:230,31,1,0
BRDA:239,32,0,0
BRDA:239,32,1,2
BRDA:242,33,0,0
BRDA:242,33,1,2
BRDA:244,34,0,0
BRDA:244,34,1,2
BRDA:249,35,0,2
BRDA:249,35,1,0
BRDA:251,36,0,1
BRDA:251,36,1,1
BRDA:261,37,0,1
BRDA:261,37,1,0
BRDA:275,38,0,2
BRDA:275,38,1,4
BRDA:275,38,2,6
BRF:83
BRH:44
end_of_record
TN:
SF:js/app.js
FN:9,(anonymous_0)
FNF:1
FNH:0
FNDA:0,(anonymous_0)
DA:9,0
DA:10,0
DA:12,0
DA:13,0
DA:15,0
DA:17,0
DA:18,0
DA:19,0
DA:20,0
DA:21,0
LF:10
LH:0
BRDA:18,0,0,0
BRDA:18,0,1,0
BRF:2
BRH:0
end_of_record
TN:
SF:js/async-helpers.js
FN:10,makeAsync
FN:11,(anonymous_1)
FN:30,patchAsyncMethods
FN:44,makeMethodAsync
FN:47,(anonymous_4)
FNF:5
FNH:1
FNDA:0,makeAsync
FNDA:0,(anonymous_1)
FNDA:0,patchAsyncMethods
FNDA:65,makeMethodAsync
FNDA:0,(anonymous_4)
DA:11,0
DA:12,0
DA:13,0
DA:14,0
DA:15,0
DA:17,0
DA:19,0
DA:20,0
DA:31,0
DA:32,0
DA:33,0
DA:34,0
DA:45,65
DA:46,65
DA:47,0
DA:48,0
DA:49,0
DA:50,0
DA:51,0
DA:53,0
DA:55,0
DA:56,0
LF:22
LH:2
BRDA:14,0,0,0
BRDA:14,0,1,0
BRDA:33,1,0,0
BRDA:33,1,1,0
BRDA:46,2,0,0
BRDA:46,2,1,65
BRDA:50,3,0,0
BRDA:50,3,1,0
BRF:8
BRH:1
end_of_record
TN:
SF:js/fpl-async-patch.js
FN:11,patchFPLTeamManagerAsync
FNF:1
FNH:1
FNDA:5,patchFPLTeamManagerAsync
DA:13,5
DA:15,5
DA:16,0
DA:17,0
DA:21,5
DA:22,5
DA:23,5
DA:26,5
DA:27,5
DA:28,5
DA:29,5
DA:30,5
DA:31,5
DA:32,5
DA:35,5
DA:38,5
DA:39,5
DA:41,5
LF:18
LH:16
BRDA:13,0,0,5
BRDA:13,0,1,0
BRDA:15,1,0,0
BRDA:15,1,1,5
BRF:4
BRH:2
end_of_record
TN:
SF:js/import-export.js
FN:10,exportToJSON
FN:28,importFromJSON
FN:29,(anonymous_2)
FN:32,(anonymous_3)
FN:41,(anonymous_4)
FNF:5
FNH:4
FNDA:1,exportToJSON
FNDA:2,importFromJSON
FNDA:2,(anonymous_2)
FNDA:2,(anonymous_3)
FNDA:0,(anonymous_4)
DA:11,1
DA:12,1
DA:13,1
DA:14,1
DA:15,1
DA:16,1
DA:17,1
DA:18,1
DA:19,1
DA:20,1
DA:29,2
DA:30,2
DA:32,2
DA:33,2
DA:34,2
DA:35,1
DA:37,1
DA:41,2
DA:42,0
DA:45,2
LF:20
LH:19
BRF:0
BRH:0
end_of_record
TN:
SF:js/storage-db.js
FN:7,(anonymous_0)
FN:20,(anonymous_1)
FN:21,(anonymous_2)
FN:24,(anonymous_3)
FN:44,(anonymous_4)
FN:49,(anonymous_5)
FN:55,(anonymous_6)
FN:83,(anonymous_7)
FN:84,(anonymous_8)
FN:85,(anonymous_9)
FN:90,(anonymous_10)
FN:92,(anonymous_11)
FN:97,(anonymous_12)
FN:98,(anonymous_13)
FN:103,(anonymous_14)
FN:105,(anonymous_15)
FN:110,(anonymous_16)
FN:111,(anonymous_17)
FN:116,(anonymous_18)
FN:118,(anonymous_19)
FN:124,(anonymous_20)
FN:125,(anonymous_21)
FN:129,(anonymous_22)
FN:146,(anonymous_23)
FN:159,(anonymous_24)
FN:166,(anonymous_25)
FN:167,(anonymous_26)
FN:174,(anonymous_27)
FN:175,(anonymous_28)
FN:183,(anonymous_29)
FN:209,(anonymous_30)
FN:222,(anonymous_31)
FN:223,(anonymous_32)
FN:227,(anonymous_33)
FN:229,(anonymous_34)
FN:234,(anonymous_35)
FN:235,(anonymous_36)
FN:239,(anonymous_37)
FN:259,(anonymous_38)
FN:270,(anonymous_39)
FN:281,(anonymous_40)
FN:326,(anonymous_41)
FN:327,(anonymous_42)
FN:331,(anonymous_43)
FN:344,(anonymous_44)
FN:358,(anonymous_45)
FN:410,(anonymous_46)
FN:411,(anonymous_47)
FNF:48
FNH:26
FNDA:0,(anonymous_0)
FNDA:0,(anonymous_1)
FNDA:0,(anonymous_2)
FNDA:0,(anonymous_3)
FNDA:0,(anonymous_4)
FNDA:0,(anonymous_5)
FNDA:0,(anonymous_6)
FNDA:0,(anonymous_7)
FNDA:0,(anonymous_8)
FNDA:0,(anonymous_9)
FNDA:1,(anonymous_10)
FNDA:1,(anonymous_11)
FNDA:1,(anonymous_12)
FNDA:0,(anonymous_13)
FNDA:1,(anonymous_14)
FNDA:1,(anonymous_15)
FNDA:1,(anonymous_16)
FNDA:0,(anonymous_17)
FNDA:1,(anonymous_18)
FNDA:1,(anonymous_19)
FNDA:1,(anonymous_20)
FNDA:0,(anonymous_21)
FNDA:1,(anonymous_22)
FNDA:1,(anonymous_23)
FNDA:1,(anonymous_24)
FNDA:3,(anonymous_25)
FNDA:2,(anonymous_26)
FNDA:3,(anonymous_27)
FNDA:2,(anonymous_28)
FNDA:1,(anonymous_29)
FNDA:1,(anonymous_30)
FNDA:1,(anonymous_31)
FNDA:0,(anonymous_32)
FNDA:0,(anonymous_33)
FNDA:0,(anonymous_34)
FNDA:0,(anonymous_35)
FNDA:0,(anonymous_36)
FNDA:0,(anonymous_37)
FNDA:0,(anonymous_38)
FNDA:1,(anonymous_39)
FNDA:1,(anonymous_40)
FNDA:1,(anonymous_41)
FNDA:0,(anonymous_42)
FNDA:1,(anonymous_43)
FNDA:1,(anonymous_44)
FNDA:1,(anonymous_45)
FNDA:1,(anonymous_46)
FNDA:0,(anonymous_47)
DA:12,0
DA:14,0
DA:15,0
DA:16,0
DA:17,0
DA:21,0
DA:22,0
DA:24,0
DA:25,0
DA:28,0
DA:29,0
DA:32,0
DA:33,0
DA:36,0
DA:37,0
DA:40,0
DA:44,0
DA:45,0
DA:46,0
DA:49,0
DA:50,0
DA:57,0
DA:58,0
DA:61,0
DA:63,0
DA:69,0
DA:83,0
DA:84,0
DA:85,0
DA:91,1
DA:92,1
DA:93,1
DA:94,1
DA:95,1
DA:97,1
DA:98,1
DA:104,1
DA:105,1
DA:106,1
DA:107,1
DA:108,1
DA:110,1
DA:111,1
DA:117,1
DA:118,1
DA:119,1
DA:120,1
DA:121,1
DA:122,1
DA:124,1
DA:125,1
DA:130,1
DA:132,1
DA:133,1
DA:134,1
DA:136,1
DA:137,1
DA:140,1
DA:142,1
DA:146,1
DA:156,1
DA:160,1
DA:161,1
DA:162,1
DA:165,1
DA:166,3
DA:167,2
DA:173,1
DA:174,3
DA:175,2
DA:177,1
DA:183,1
DA:184,1
DA:187,1
DA:198,1
DA:205,1
DA:206,1
DA:207,1
DA:209,1
DA:210,1
DA:211,1
DA:212,0
DA:213,0
DA:218,1
DA:219,2
DA:222,1
DA:223,1
DA:228,0
DA:229,0
DA:230,0
DA:231,0
DA:232,0
DA:234,0
DA:235,0
DA:240,0
DA:241,0
DA:243,0
DA:244,0
DA:252,0
DA:253,0
DA:255,0
DA:259,0
DA:271,1
DA:274,1
DA:277,1
DA:278,0
DA:281,1
DA:282,1
DA:285,1
DA:286,1
DA:289,1
DA:296,1
DA:297,2
DA:298,2
DA:301,2
DA:316,2
DA:317,2
DA:318,1
DA:326,1
DA:327,1
DA:332,1
DA:333,1
DA:334,0
DA:336,1
DA:337,1
DA:340,1
DA:341,1
DA:345,1
DA:347,1
DA:348,0
DA:351,1
DA:352,1
DA:353,1
DA:356,1
DA:358,1
DA:359,1
DA:361,1
DA:367,1
DA:368,1
DA:370,1
DA:371,1
DA:373,1
DA:374,1
DA:375,1
DA:377,1
DA:378,1
DA:379,1
DA:382,1
DA:390,1
DA:400,1
DA:401,1
DA:402,1
DA:410,1
DA:411,1
LF:154
LH:105
BRDA:7,0,0,0
BRDA:9,1,0,0
BRDA:10,2,0,0
BRDA:11,3,0,0
BRDA:28,4,0,0
BRDA:28,4,1,0
BRDA:32,5,0,0
BRDA:32,5,1,0
BRDA:36,6,0,0
BRDA:36,6,1,0
BRDA:58,7,0,0
BRDA:58,7,1,0
BRDA:132,8,0,1
BRDA:132,8,1,0
BRDA:137,9,0,1
BRDA:137,9,1,0
BRDA:165,10,0,1
BRDA:165,10,1,0
BRDA:173,11,0,1
BRDA:173,11,1,0
BRDA:175,12,0,2
BRDA:175,12,1,0
BRDA:189,13,0,1
BRDA:189,13,1,0
BRDA:190,14,0,1
BRDA:190,14,1,0
BRDA:194,15,0,1
BRDA:194,15,1,0
BRDA:211,16,0,0
BRDA:211,16,1,1
BRDA:244,17,0,0
BRDA:244,17,1,0
BRDA:252,18,0,0
BRDA:252,18,1,0
BRDA:257,19,0,0
BRDA:257,19,1,0
BRDA:258,20,0,0
BRDA:258,20,1,0
BRDA:263,21,0,0
BRDA:263,21,1,0
BRDA:274,22,0,0
BRDA:274,22,1,1
BRDA:277,23,0,0
BRDA:277,23,1,1
BRDA:277,24,0,1
BRDA:277,24,1,1
BRDA:277,24,2,1
BRDA:291,25,0,1
BRDA:291,25,1,0
BRDA:292,26,0,1
BRDA:292,26,1,0
BRDA:298,27,0,2
BRDA:298,27,1,0
BRDA:303,28,0,2
BRDA:303,28,1,0
BRDA:304,29,0,2
BRDA:304,29,1,2
BRDA:305,30,0,2
BRDA:305,30,1,1
BRDA:305,30,2,0
BRDA:306,31,0,2
BRDA:306,31,1,0
BRDA:312,32,0,2
BRDA:312,32,1,0
BRDA:316,33,0,2
BRDA:316,33,1,0
BRDA:321,34,0,1
BRDA:321,34,1,0
BRDA:333,35,0,0
BRDA:333,35,1,1
BRDA:333,36,0,1
BRDA:333,36,1,1
BRDA:336,37,0,1
BRDA:336,37,1,0
BRDA:337,38,0,1
BRDA:337,38,1,0
BRDA:337,39,0,1
BRDA:337,39,1,1
BRDA:340,40,0,1
BRDA:340,40,1,0
BRDA:347,41,0,0
BRDA:347,41,1,1
BRDA:347,42,0,1
BRDA:347,42,1,1
BRDA:352,43,0,1
BRDA:352,43,1,0
BRDA:353,44,0,1
BRDA:353,44,1,0
BRDA:353,45,0,1
BRDA:353,45,1,1
BRDA:356,46,0,1
BRDA:356,46,1,0
BRDA:356,47,0,1
BRDA:356,47,1,1
BRDA:375,48,0,0
BRDA:375,48,1,1
BRDA:375,49,0,1
BRDA:375,49,1,1
BRDA:377,50,0,1
BRDA:377,50,1,0
BRDA:378,51,0,1
BRDA:378,51,1,0
BRDA:379,52,0,1
BRDA:379,52,1,0
BRDA:381,53,0,0
BRDA:381,53,1,0
BRDA:382,54,0,1
BRDA:382,54,1,0
BRDA:382,55,0,1
BRDA:382,55,1,1
BRDA:392,56,0,1
BRDA:392,56,1,0
BRDA:393,57,0,1
BRDA:393,57,1,1
BRDA:401,58,0,0
BRDA:401,58,1,1
BRDA:401,59,0,1
BRDA:401,59,1,1
BRDA:405,60,0,1
BRDA:405,60,1,0
BRF:120
BRH:60
end_of_record
TN:
SF:js/storage-factory.js
FN:17,createStorageService
FNF:1
FNH:0
FNDA:0,createStorageService
DA:18,0
DA:20,0
DA:21,0
DA:23,0
LF:4
LH:0
BRDA:17,0,0,0
BRDA:18,1,0,0
BRDA:18,2,0,0
BRDA:20,3,0,0
BRDA:20,3,1,0
BRF:5
BRH:0
end_of_record
TN:
SF:js/storage-module.js
FN:10,createDefaultRoot
FN:33,(anonymous_1)
FN:42,(anonymous_2)
FN:49,(anonymous_3)
FN:68,(anonymous_4)
FN:75,(anonymous_5)
FN:79,(anonymous_6)
FN:83,(anonymous_7)
FN:93,(anonymous_8)
FN:100,(anonymous_9)
FN:109,(anonymous_10)
FN:113,(anonymous_11)
FN:125,(anonymous_12)
FN:141,(anonymous_13)
FN:149,(anonymous_14)
FN:157,(anonymous_15)
FN:163,createStorageService
FN:185,normalizeRoot
FN:200,(anonymous_18)
FN:215,normalizeWeek
FN:244,parseResponse
FN:266,createWithLegacyFacade
FN:272,(anonymous_22)
FN:284,(anonymous_23)
FNF:24
FNH:1
FNDA:38,createDefaultRoot
FNDA:0,(anonymous_1)
FNDA:0,(anonymous_2)
FNDA:0,(anonymous_3)
FNDA:0,(anonymous_4)
FNDA:0,(anonymous_5)
FNDA:0,(anonymous_6)
FNDA:0,(anonymous_7)
FNDA:0,(anonymous_8)
FNDA:0,(anonymous_9)
FNDA:0,(anonymous_10)
FNDA:0,(anonymous_11)
FNDA:0,(anonymous_12)
FNDA:0,(anonymous_13)
FNDA:0,(anonymous_14)
FNDA:0,(anonymous_15)
FNDA:0,createStorageService
FNDA:0,normalizeRoot
FNDA:0,(anonymous_18)
FNDA:0,normalizeWeek
FNDA:0,parseResponse
FNDA:0,createWithLegacyFacade
FNDA:0,(anonymous_22)
FNDA:0,(anonymous_23)
DA:7,49
DA:8,49
DA:11,38
DA:34,0
DA:35,0
DA:37,0
DA:38,0
DA:43,0
DA:44,0
DA:45,0
DA:50,0
DA:51,0
DA:52,0
DA:53,0
DA:54,0
DA:57,0
DA:58,0
DA:59,0
DA:61,0
DA:62,0
DA:63,0
DA:64,0
DA:69,0
DA:70,0
DA:71,0
DA:76,0
DA:80,0
DA:84,0
DA:85,0
DA:86,0
DA:87,0
DA:89,0
DA:94,0
DA:95,0
DA:101,0
DA:102,0
DA:104,0
DA:105,0
DA:110,0
DA:114,0
DA:121,0
DA:122,0
DA:126,0
DA:127,0
DA:136,0
DA:137,0
DA:142,0
DA:143,0
DA:145,0
DA:146,0
DA:150,0
DA:151,0
DA:153,0
DA:154,0
DA:158,0
DA:159,0
DA:169,0
DA:171,0
DA:172,0
DA:173,0
DA:176,0
DA:177,0
DA:178,0
DA:181,0
DA:182,0
DA:186,0
DA:187,0
DA:190,0
DA:191,0
DA:192,0
DA:196,0
DA:200,0
DA:201,0
DA:202,0
DA:203,0
DA:206,0
DA:207,0
DA:208,0
DA:209,0
DA:212,0
DA:216,0
DA:217,0
DA:228,0
DA:229,0
DA:230,0
DA:231,0
DA:232,0
DA:233,0
DA:236,0
DA:239,0
DA:241,0
DA:245,0
DA:246,0
DA:248,0
DA:249,0
DA:250,0
DA:252,0
DA:256,0
DA:257,0
DA:258,0
DA:259,0
DA:260,0
DA:263,0
DA:267,0
DA:268,0
DA:270,0
DA:272,0
DA:273,0
DA:277,0
DA:278,0
DA:281,0
DA:284,0
DA:285,0
DA:286,0
DA:288,0
DA:289,0
DA:292,0
DA:295,0
DA:298,49
DA:299,49
DA:300,49
LF:121
LH:6
BRDA:33,0,0,0
BRDA:33,1,0,0
BRDA:35,2,0,0
BRDA:35,2,1,0
BRDA:35,3,0,0
BRDA:35,3,1,0
BRDA:37,4,0,0
BRDA:37,4,1,0
BRDA:37,5,0,0
BRDA:37,5,1,0
BRDA:44,6,0,0
BRDA:44,6,1,0
BRDA:51,7,0,0
BRDA:51,7,1,0
BRDA:85,8,0,0
BRDA:85,8,1,0
BRDA:94,9,0,0
BRDA:94,9,1,0
BRDA:100,10,0,0
BRDA:100,11,0,0
BRDA:102,12,0,0
BRDA:102,12,1,0
BRDA:102,13,0,0
BRDA:102,13,1,0
BRDA:104,14,0,0
BRDA:104,14,1,0
BRDA:142,15,0,0
BRDA:142,15,1,0
BRDA:150,16,0,0
BRDA:150,16,1,0
BRDA:153,17,0,0
BRDA:153,17,1,0
BRDA:158,18,0,0
BRDA:158,18,1,0
BRDA:163,19,0,0
BRDA:165,20,0,0
BRDA:166,21,0,0
BRDA:171,22,0,0
BRDA:171,22,1,0
BRDA:172,23,0,0
BRDA:172,23,1,0
BRDA:176,24,0,0
BRDA:176,24,1,0
BRDA:186,25,0,0
BRDA:186,25,1,0
BRDA:186,26,0,0
BRDA:186,26,1,0
BRDA:191,27,0,0
BRDA:191,27,1,0
BRDA:192,28,0,0
BRDA:192,28,1,0
BRDA:192,29,0,0
BRDA:192,29,1,0
BRDA:196,30,0,0
BRDA:196,30,1,0
BRDA:196,31,0,0
BRDA:196,31,1,0
BRDA:206,32,0,0
BRDA:206,32,1,0
BRDA:216,33,0,0
BRDA:216,33,1,0
BRDA:216,34,0,0
BRDA:216,34,1,0
BRDA:229,35,0,0
BRDA:229,35,1,0
BRDA:230,36,0,0
BRDA:230,36,1,0
BRDA:231,37,0,0
BRDA:231,37,1,0
BRDA:232,38,0,0
BRDA:232,38,1,0
BRDA:233,39,0,0
BRDA:233,39,1,0
BRDA:233,40,0,0
BRDA:233,40,1,0
BRDA:236,41,0,0
BRDA:236,41,1,0
BRDA:238,42,0,0
BRDA:238,42,1,0
BRDA:248,43,0,0
BRDA:248,43,1,0
BRDA:256,44,0,0
BRDA:256,44,1,0
BRDA:257,45,0,0
BRDA:257,45,1,0
BRDA:257,45,2,0
BRDA:267,46,0,0
BRDA:267,46,1,0
BRDA:273,47,0,0
BRDA:273,47,1,0
BRDA:277,48,0,0
BRDA:277,48,1,0
BRDA:277,49,0,0
BRDA:277,49,1,0
BRDA:285,50,0,0
BRDA:285,50,1,0
BRDA:286,51,0,0
BRDA:286,51,1,0
BRDA:288,52,0,0
BRDA:288,52,1,0
BRDA:298,53,0,49
BRDA:298,53,1,0
BRDA:298,54,0,49
BRDA:298,54,1,49
BRF:104
BRH:3
end_of_record
TN:
SF:js/storage.js
FN:17,(anonymous_0)
FN:27,(anonymous_1)
FN:36,(anonymous_2)
FN:50,(anonymous_3)
FN:59,(anonymous_4)
FN:69,(anonymous_5)
FN:81,(anonymous_6)
FN:92,(anonymous_7)
FN:108,(anonymous_8)
FN:116,(anonymous_9)
FNF:10
FNH:0
FNDA:0,(anonymous_0)
FNDA:0,(anonymous_1)
FNDA:0,(anonymous_2)
FNDA:0,(anonymous_3)
FNDA:0,(anonymous_4)
FNDA:0,(anonymous_5)
FNDA:0,(anonymous_6)
FNDA:0,(anonymous_7)
FNDA:0,(anonymous_8)
FNDA:0,(anonymous_9)
DA:18,0
DA:28,0
DA:37,0
DA:51,0
DA:52,0
DA:61,0
DA:70,0
DA:71,0
DA:72,0
DA:82,0
DA:83,0
DA:84,0
DA:85,0
DA:93,0
DA:94,0
DA:95,0
DA:96,0
DA:98,0
DA:99,0
DA:109,0
DA:117,0
DA:118,0
DA:119,0
DA:120,0
DA:122,0
DA:123,0
DA:126,0
DA:129,0
DA:135,0
DA:145,0
DA:148,0
DA:149,0
DA:151,0
DA:152,0
LF:34
LH:0
BRDA:50,0,0,0
BRDA:71,1,0,0
BRDA:71,1,1,0
BRDA:71,2,0,0
BRDA:71,2,1,0
BRDA:72,3,0,0
BRDA:72,3,1,0
BRDA:82,4,0,0
BRDA:82,4,1,0
BRDA:83,5,0,0
BRDA:83,5,1,0
BRDA:94,6,0,0
BRDA:94,6,1,0
BRDA:118,7,0,0
BRDA:118,7,1,0
BRDA:119,8,0,0
BRDA:119,8,1,0
BRDA:122,9,0,0
BRDA:122,9,1,0
BRF:19
BRH:0
end_of_record
TN:
SF:js/ui-manager.js
FN:4,(anonymous_0)
FN:10,(anonymous_1)
FN:21,(anonymous_2)
FN:22,(anonymous_3)
FN:23,(anonymous_4)
FN:24,(anonymous_5)
FN:25,(anonymous_6)
FN:26,(anonymous_7)
FN:27,(anonymous_8)
FN:30,(anonymous_9)
FN:56,(anonymous_10)
FN:57,(anonymous_11)
FN:58,(anonymous_12)
FN:61,(anonymous_13)
FN:64,(anonymous_14)
FN:71,(anonymous_15)
FN:97,(anonymous_16)
FN:114,(anonymous_17)
FN:143,(anonymous_18)
FN:151,(anonymous_19)
FN:159,(anonymous_20)
FN:165,(anonymous_21)
FN:172,(anonymous_22)
FN:179,(anonymous_23)
FN:184,(anonymous_24)
FN:195,(anonymous_25)
FN:202,(anonymous_26)
FN:207,(anonymous_27)
FN:212,(anonymous_28)
FN:217,(anonymous_29)
FN:218,(anonymous_30)
FN:220,(anonymous_31)
FN:225,(anonymous_32)
FN:226,(anonymous_33)
FN:227,(anonymous_34)
FN:232,(anonymous_35)
FN:243,(anonymous_36)
FN:270,(anonymous_37)
FN:420,(anonymous_38)
FN:430,(anonymous_39)
FN:441,(anonymous_40)
FNF:41
FNH:32
FNDA:68,(anonymous_0)
FNDA:58,(anonymous_1)
FNDA:2,(anonymous_2)
FNDA:0,(anonymous_3)
FNDA:0,(anonymous_4)
FNDA:7,(anonymous_5)
FNDA:2,(anonymous_6)
FNDA:10,(anonymous_7)
FNDA:0,(anonymous_8)
FNDA:3,(anonymous_9)
FNDA:0,(anonymous_10)
FNDA:0,(anonymous_11)
FNDA:0,(anonymous_12)
FNDA:0,(anonymous_13)
FNDA:0,(anonymous_14)
FNDA:68,(anonymous_15)
FNDA:7,(anonymous_16)
FNDA:7,(anonymous_17)
FNDA:7,(anonymous_18)
FNDA:1,(anonymous_19)
FNDA:0,(anonymous_20)
FNDA:5,(anonymous_21)
FNDA:4,(anonymous_22)
FNDA:4,(anonymous_23)
FNDA:1,(anonymous_24)
FNDA:10,(anonymous_25)
FNDA:15,(anonymous_26)
FNDA:145,(anonymous_27)
FNDA:145,(anonymous_28)
FNDA:128,(anonymous_29)
FNDA:140,(anonymous_30)
FNDA:119,(anonymous_31)
FNDA:128,(anonymous_32)
FNDA:92,(anonymous_33)
FNDA:125,(anonymous_34)
FNDA:137,(anonymous_35)
FNDA:145,(anonymous_36)
FNDA:145,(anonymous_37)
FNDA:131,(anonymous_38)
FNDA:144,(anonymous_39)
FNDA:1,(anonymous_40)
DA:1,45
DA:5,68
DA:6,68
DA:7,68
DA:12,58
DA:18,58
DA:20,58
DA:21,58
DA:22,58
DA:23,58
DA:24,58
DA:25,58
DA:26,58
DA:27,58
DA:29,58
DA:30,58
DA:31,3
DA:32,3
DA:33,3
DA:35,3
DA:36,2
DA:37,2
DA:38,2
DA:40,2
DA:41,0
DA:42,1
DA:43,1
DA:44,0
DA:45,0
DA:47,1
DA:48,1
DA:52,58
DA:56,58
DA:57,58
DA:58,58
DA:59,0
DA:61,58
DA:63,58
DA:64,58
DA:65,0
DA:67,58
DA:72,68
DA:75,68
DA:76,68
DA:77,68
DA:78,68
DA:79,68
DA:80,68
DA:81,68
DA:82,68
DA:83,68
DA:84,68
DA:85,68
DA:86,68
DA:87,68
DA:88,68
DA:89,68
DA:90,68
DA:93,68
DA:94,68
DA:98,7
DA:99,7
DA:101,7
DA:102,1
DA:103,1
DA:104,1
DA:106,6
DA:107,6
DA:108,6
DA:110,7
DA:111,7
DA:115,7
DA:116,7
DA:117,7
DA:119,7
DA:120,7
DA:122,7
DA:124,7
DA:125,0
DA:126,0
DA:129,7
DA:130,7
DA:131,7
DA:132,7
DA:133,7
DA:134,7
DA:135,7
DA:136,7
DA:137,7
DA:140,7
DA:144,7
DA:146,6
DA:149,6
DA:150,6
DA:151,6
DA:152,1
DA:153,1
DA:157,6
DA:158,6
DA:159,6
DA:160,0
DA:161,0
DA:165,6
DA:166,5
DA:170,6
DA:171,6
DA:172,6
DA:173,4
DA:174,4
DA:180,4
DA:181,4
DA:185,1
DA:186,1
DA:187,1
DA:188,1
DA:189,1
DA:190,1
DA:191,1
DA:192,1
DA:196,10
DA:197,10
DA:198,10
DA:199,10
DA:203,15
DA:204,15
DA:208,145
DA:209,117
DA:213,145
DA:214,1
DA:218,140
DA:219,128
DA:220,128
DA:221,128
DA:222,128
DA:226,128
DA:227,128
DA:228,128
DA:229,128
DA:233,137
DA:234,137
DA:235,137
DA:236,137
DA:237,137
DA:238,137
DA:240,137
DA:244,145
DA:245,145
DA:247,145
DA:248,145
DA:249,1
DA:250,1
DA:251,1
DA:265,1
DA:267,145
DA:271,145
DA:272,145
DA:274,145
DA:275,0
DA:276,0
DA:280,145
DA:281,145
DA:282,145
DA:283,145
DA:285,145
DA:286,145
DA:289,145
DA:290,145
DA:292,145
DA:293,145
DA:295,145
DA:296,145
DA:298,145
DA:299,145
DA:301,145
DA:302,145
DA:303,145
DA:304,145
DA:305,15
DA:306,15
DA:307,15
DA:308,15
DA:312,145
DA:313,145
DA:314,145
DA:315,145
DA:316,145
DA:317,121
DA:318,121
DA:319,121
DA:320,121
DA:321,121
DA:322,121
DA:323,121
DA:324,121
DA:325,121
DA:327,24
DA:328,24
DA:329,24
DA:330,24
DA:331,24
DA:332,24
DA:333,24
DA:334,24
DA:335,24
DA:339,145
DA:340,145
DA:341,145
DA:342,145
DA:343,145
DA:344,65
DA:345,65
DA:346,65
DA:347,65
DA:348,65
DA:350,80
DA:351,80
DA:352,80
DA:353,80
DA:354,80
DA:355,80
DA:356,80
DA:360,145
DA:361,145
DA:362,145
DA:363,145
DA:364,145
DA:365,20
DA:366,20
DA:367,20
DA:368,20
DA:369,20
DA:371,125
DA:372,125
DA:373,125
DA:374,125
DA:375,125
DA:376,125
DA:377,125
DA:381,145
DA:382,145
DA:383,145
DA:384,145
DA:385,145
DA:386,145
DA:387,145
DA:388,145
DA:389,145
DA:390,145
DA:391,145
DA:392,145
DA:395,145
DA:396,145
DA:397,145
DA:398,145
DA:399,145
DA:400,145
DA:401,145
DA:402,145
DA:403,145
DA:404,145
DA:405,145
DA:407,145
DA:408,145
DA:409,145
DA:410,145
DA:411,145
DA:412,145
DA:413,145
DA:414,145
DA:417,145
DA:421,131
DA:423,131
DA:424,131
DA:425,46
DA:426,46
DA:428,85
DA:429,85
DA:430,85
DA:431,144
DA:432,144
DA:433,144
DA:435,0
DA:442,1
DA:443,1
DA:444,1
DA:445,1
DA:447,1
DA:449,1
DA:450,0
DA:451,0
DA:452,0
DA:454,1
DA:455,1
DA:456,1
LF:294
LH:279
BRDA:10,0,0,0
BRDA:20,1,0,58
BRDA:20,1,1,0
BRDA:29,2,0,58
BRDA:29,2,1,0
BRDA:35,3,0,2
BRDA:35,3,1,1
BRDA:38,4,0,0
BRDA:38,4,1,2
BRDA:38,5,0,2
BRDA:38,5,1,2
BRDA:40,6,0,0
BRDA:40,6,1,1
BRDA:40,6,2,1
BRDA:40,6,3,0
BRDA:40,6,4,0
BRDA:47,7,0,1
BRDA:47,7,1,0
BRDA:59,8,0,0
BRDA:59,8,1,0
BRDA:63,9,0,58
BRDA:63,9,1,0
BRDA:65,10,0,0
BRDA:65,10,1,0
BRDA:71,11,0,0
BRDA:93,12,0,0
BRDA:93,12,1,68
BRDA:94,13,0,0
BRDA:94,13,1,68
BRDA:97,14,0,2
BRDA:98,15,0,7
BRDA:98,15,1,0
BRDA:99,16,0,0
BRDA:99,16,1,7
BRDA:101,17,0,1
BRDA:101,17,1,6
BRDA:115,18,0,7
BRDA:115,18,1,0
BRDA:117,19,0,0
BRDA:117,19,1,7
BRDA:124,20,0,0
BRDA:124,20,1,7
BRDA:144,21,0,1
BRDA:144,21,1,6
BRDA:144,22,0,7
BRDA:144,22,1,7
BRDA:150,23,0,6
BRDA:150,23,1,0
BRDA:158,24,0,6
BRDA:158,24,1,0
BRDA:166,25,0,0
BRDA:166,25,1,5
BRDA:171,26,0,6
BRDA:171,26,1,0
BRDA:180,27,0,4
BRDA:180,27,1,0
BRDA:185,28,0,0
BRDA:185,28,1,1
BRDA:190,29,0,1
BRDA:190,29,1,1
BRDA:191,30,0,1
BRDA:191,30,1,1
BRDA:192,31,0,1
BRDA:192,31,1,1
BRDA:197,32,0,10
BRDA:197,32,1,0
BRDA:198,33,0,10
BRDA:198,33,1,0
BRDA:204,34,0,15
BRDA:204,34,1,0
BRDA:208,35,0,28
BRDA:208,35,1,117
BRDA:208,36,0,145
BRDA:208,36,1,117
BRDA:213,37,0,144
BRDA:213,37,1,1
BRDA:213,38,0,145
BRDA:213,38,1,14
BRDA:213,39,0,144
BRDA:213,39,1,131
BRDA:218,40,0,128
BRDA:218,40,1,0
BRDA:220,41,0,119
BRDA:220,41,1,28
BRDA:221,42,0,119
BRDA:221,42,1,9
BRDA:222,43,0,119
BRDA:222,43,1,9
BRDA:226,44,0,128
BRDA:226,44,1,0
BRDA:227,45,0,128
BRDA:227,45,1,0
BRDA:228,46,0,118
BRDA:228,46,1,10
BRDA:228,47,0,57
BRDA:228,47,1,61
BRDA:229,48,0,118
BRDA:229,48,1,10
BRDA:229,49,0,19
BRDA:229,49,1,99
BRDA:233,50,0,137
BRDA:233,50,1,0
BRDA:234,51,0,137
BRDA:234,51,1,0
BRDA:234,52,0,19
BRDA:234,52,1,118
BRDA:235,53,0,137
BRDA:235,53,1,0
BRDA:236,54,0,137
BRDA:236,54,1,0
BRDA:237,55,0,0
BRDA:237,55,1,137
BRDA:240,56,0,137
BRDA:240,56,1,0
BRDA:244,57,0,145
BRDA:244,57,1,0
BRDA:244,58,0,0
BRDA:244,58,1,0
BRDA:245,59,0,0
BRDA:245,59,1,145
BRDA:248,60,0,1
BRDA:248,60,1,144
BRDA:271,61,0,145
BRDA:271,61,1,0
BRDA:274,62,0,0
BRDA:274,62,1,145
BRDA:290,63,0,145
BRDA:290,63,1,0
BRDA:293,64,0,145
BRDA:293,64,1,0
BRDA:296,65,0,145
BRDA:296,65,1,0
BRDA:299,66,0,145
BRDA:299,66,1,0
BRDA:302,67,0,145
BRDA:302,67,1,0
BRDA:304,68,0,15
BRDA:304,68,1,130
BRDA:313,69,0,145
BRDA:313,69,1,0
BRDA:316,70,0,121
BRDA:316,70,1,24
BRDA:340,71,0,145
BRDA:340,71,1,0
BRDA:343,72,0,65
BRDA:343,72,1,80
BRDA:361,73,0,145
BRDA:361,73,1,0
BRDA:364,74,0,20
BRDA:364,74,1,125
BRDA:382,75,0,145
BRDA:382,75,1,0
BRDA:386,76,0,145
BRDA:386,76,1,131
BRDA:390,77,0,145
BRDA:390,77,1,131
BRDA:396,78,0,145
BRDA:396,78,1,0
BRDA:421,79,0,0
BRDA:421,79,1,131
BRDA:424,80,0,46
BRDA:424,80,1,85
BRDA:424,81,0,131
BRDA:424,81,1,131
BRDA:425,82,0,46
BRDA:425,82,1,0
BRDA:426,83,0,46
BRDA:426,83,1,0
BRDA:428,84,0,78
BRDA:428,84,1,7
BRDA:429,85,0,85
BRDA:429,85,1,0
BRDA:432,86,0,144
BRDA:432,86,1,0
BRDA:432,87,0,144
BRDA:432,87,1,144
BRDA:442,88,0,0
BRDA:442,88,1,1
BRDA:447,89,0,0
BRDA:447,89,1,1
BRDA:449,90,0,0
BRDA:449,90,1,1
BRDA:450,91,0,0
BRDA:450,91,1,0
BRDA:454,92,0,1
BRDA:454,92,1,0
BRF:186
BRH:120
end_of_record
